{
  "total_tests": 53,
  "passed": 0,
  "failed": 53,
  "skipped": 0,
  "execution_time": 819.0711197853088,
  "test_results": [
    {
      "test_name": "test_direct_wesign.py",
      "repository": "current",
      "file_path": "C:\\Users\\gals\\Desktop\\playwrightTestsClaude\\tests\\test_direct_wesign.py",
      "status": "failed",
      "output": "============================= test session starts =============================\nplatform win32 -- Python 3.12.0, pytest-8.3.2, pluggy-1.6.0 -- C:\\Users\\gals\\Desktop\\playwrightTestsClaude\\venv\\Scripts\\python.exe\ncachedir: .pytest_cache\nbenchmark: 5.1.0 (defaults: timer=time.perf_counter disable_gc=False min_rounds=5 min_time=0.000005 max_time=1.0 calibration_precision=10 warmup=False warmup_iterations=100000)\nmetadata: {'Python': '3.12.0', 'Platform': 'Windows-11-10.0.26100-SP0', 'Packages': {'pytest': '8.3.2', 'pluggy': '1.6.0'}, 'Plugins': {'allure-pytest': '2.13.5', 'anyio': '4.10.0', 'Faker': '37.6.0', 'asyncio': '1.1.0', 'base-url': '2.1.0', 'benchmark': '5.1.0', 'cov': '6.2.1', 'html': '4.1.1', 'json-report': '1.5.0', 'metadata': '3.1.1', 'mock': '3.14.1', 'parallel': '0.1.1', 'playwright': '0.5.2', 'rerunfailures': '16.0', 'timeout': '2.4.0', 'xdist': '3.8.0', 'xvfb': '3.0.0'}, 'JAVA_HOME': 'C:\\\\Program Files\\\\Eclipse Adoptium\\\\jdk-17.0.15.6-hotspot', 'Base URL': ''}\nrootdir: C:\\Users\\gals\\Desktop\\playwrightTestsClaude\nconfigfile: pytest.ini\nplugins: allure-pytest-2.13.5, anyio-4.10.0, Faker-37.6.0, asyncio-1.1.0, base-url-2.1.0, benchmark-5.1.0, cov-6.2.1, html-4.1.1, json-report-1.5.0, metadata-3.1.1, mock-3.14.1, parallel-0.1.1, playwright-0.5.2, rerunfailures-16.0, timeout-2.4.0, xdist-3.8.0, xvfb-3.0.0\nasyncio: mode=Mode.STRICT, asyncio_default_fixture_loop_scope=None, asyncio_default_test_loop_scope=function\ncollecting ... collected 3 items\n\ntest_direct_wesign.py::test_wesign_direct_selector_failure[chromium] FAILED [ 33%]\n\n================================== FAILURES ===================================\n________________ test_wesign_direct_selector_failure[chromium] ________________\ntest_direct_wesign.py:20: in test_wesign_direct_selector_failure\n    email_input.fill(\"test@example.com\")\n..\\venv\\Lib\\site-packages\\playwright\\sync_api\\_generated.py:15743: in fill\n    self._sync(\n..\\venv\\Lib\\site-packages\\playwright\\_impl\\_locator.py:208: in fill\n    return await self._frame.fill(self._selector, strict=True, **params)\n..\\venv\\Lib\\site-packages\\playwright\\_impl\\_frame.py:527: in fill\n    await self._channel.send(\"fill\", locals_to_params(locals()))\n..\\venv\\Lib\\site-packages\\playwright\\_impl\\_connection.py:59: in send\n    return await self._connection.wrap_api_call(\n..\\venv\\Lib\\site-packages\\playwright\\_impl\\_connection.py:520: in wrap_api_call\n    raise rewrite_error(error, f\"{parsed_st['apiName']}: {error}\") from None\nE   playwright._impl._errors.TimeoutError: Locator.fill: Timeout 30000ms exceeded.\nE   Call log:\nE   waiting for locator(\"input.email-field[data-cy='login-email'][name='email']\")\n============================== warnings summary ===============================\n..\\venv\\Lib\\site-packages\\pydantic\\fields.py:814: 40 warnings\n  C:\\Users\\gals\\Desktop\\playwrightTestsClaude\\venv\\Lib\\site-packages\\pydantic\\fields.py:814: PydanticDeprecatedSince20: Using extra keyword arguments on `Field` is deprecated and will be removed. Use `json_schema_extra` instead. (Extra keys: 'env'). Deprecated in Pydantic V2.0 to be removed in V3.0. See Pydantic V2 Migration Guide at https://errors.pydantic.dev/2.8/migration/\n    warn(\n\n..\\venv\\Lib\\site-packages\\pydantic\\_internal\\_config.py:291\n  C:\\Users\\gals\\Desktop\\playwrightTestsClaude\\venv\\Lib\\site-packages\\pydantic\\_internal\\_config.py:291: PydanticDeprecatedSince20: Support for class-based `config` is deprecated, use ConfigDict instead. Deprecated in Pydantic V2.0 to be removed in V3.0. See Pydantic V2 Migration Guide at https://errors.pydantic.dev/2.8/migration/\n    warnings.warn(DEPRECATION_MESSAGE, DeprecationWarning)\n\n-- Docs: https://docs.pytest.org/en/stable/how-to/capture-warnings.html\n=========================== short test summary info ===========================\nFAILED test_direct_wesign.py::test_wesign_direct_selector_failure[chromium]\n!!!!!!!!!!!!!!!!!!!!!!!!!! stopping after 1 failures !!!!!!!!!!!!!!!!!!!!!!!!!!\n======================= 1 failed, 41 warnings in 32.43s =======================\n",
      "error": "C:\\Users\\gals\\Desktop\\playwrightTestsClaude\\venv\\Lib\\site-packages\\pytest_asyncio\\plugin.py:211: PytestDeprecationWarning: The configuration option \"asyncio_default_fixture_loop_scope\" is unset.\nThe event loop scope for asynchronous fixtures will default to the fixture caching scope. Future versions of pytest-asyncio will default the loop scope for asynchronous fixtures to function scope. Set the default fixture loop scope explicitly in order to avoid unexpected behavior in the future. Valid fixture loop scopes are: \"function\", \"class\", \"module\", \"package\", \"session\"\n\n  warnings.warn(PytestDeprecationWarning(_DEFAULT_FIXTURE_LOOP_SCOPE_UNSET))\n",
      "execution_time": 33.86660122871399
    },
    {
      "test_name": "test_healing_validation.py",
      "repository": "current",
      "file_path": "C:\\Users\\gals\\Desktop\\playwrightTestsClaude\\tests\\test_healing_validation.py",
      "status": "failed",
      "output": "============================= test session starts =============================\nplatform win32 -- Python 3.12.0, pytest-8.3.2, pluggy-1.6.0 -- C:\\Users\\gals\\Desktop\\playwrightTestsClaude\\venv\\Scripts\\python.exe\ncachedir: .pytest_cache\nbenchmark: 5.1.0 (defaults: timer=time.perf_counter disable_gc=False min_rounds=5 min_time=0.000005 max_time=1.0 calibration_precision=10 warmup=False warmup_iterations=100000)\nmetadata: {'Python': '3.12.0', 'Platform': 'Windows-11-10.0.26100-SP0', 'Packages': {'pytest': '8.3.2', 'pluggy': '1.6.0'}, 'Plugins': {'allure-pytest': '2.13.5', 'anyio': '4.10.0', 'Faker': '37.6.0', 'asyncio': '1.1.0', 'base-url': '2.1.0', 'benchmark': '5.1.0', 'cov': '6.2.1', 'html': '4.1.1', 'json-report': '1.5.0', 'metadata': '3.1.1', 'mock': '3.14.1', 'parallel': '0.1.1', 'playwright': '0.5.2', 'rerunfailures': '16.0', 'timeout': '2.4.0', 'xdist': '3.8.0', 'xvfb': '3.0.0'}, 'JAVA_HOME': 'C:\\\\Program Files\\\\Eclipse Adoptium\\\\jdk-17.0.15.6-hotspot', 'Base URL': ''}\nrootdir: C:\\Users\\gals\\Desktop\\playwrightTestsClaude\nconfigfile: pytest.ini\nplugins: allure-pytest-2.13.5, anyio-4.10.0, Faker-37.6.0, asyncio-1.1.0, base-url-2.1.0, benchmark-5.1.0, cov-6.2.1, html-4.1.1, json-report-1.5.0, metadata-3.1.1, mock-3.14.1, parallel-0.1.1, playwright-0.5.2, rerunfailures-16.0, timeout-2.4.0, xdist-3.8.0, xvfb-3.0.0\nasyncio: mode=Mode.STRICT, asyncio_default_fixture_loop_scope=None, asyncio_default_test_loop_scope=function\ncollecting ... collected 5 items\n\ntest_healing_validation.py::TestHealingValidation::test_intentional_selector_failure[chromium] FAILED [ 20%]\n\n================================== FAILURES ===================================\n______ TestHealingValidation.test_intentional_selector_failure[chromium] ______\ntest_healing_validation.py:24: in test_intentional_selector_failure\n    bad_button.click(timeout=5000)  # Short timeout to fail quickly\n..\\venv\\Lib\\site-packages\\playwright\\sync_api\\_generated.py:15398: in click\n    self._sync(\n..\\venv\\Lib\\site-packages\\playwright\\_impl\\_locator.py:156: in click\n    return await self._frame.click(self._selector, strict=True, **params)\n..\\venv\\Lib\\site-packages\\playwright\\_impl\\_frame.py:488: in click\n    await self._channel.send(\"click\", locals_to_params(locals()))\n..\\venv\\Lib\\site-packages\\playwright\\_impl\\_connection.py:59: in send\n    return await self._connection.wrap_api_call(\n..\\venv\\Lib\\site-packages\\playwright\\_impl\\_connection.py:520: in wrap_api_call\n    raise rewrite_error(error, f\"{parsed_st['apiName']}: {error}\") from None\nE   playwright._impl._errors.TimeoutError: Locator.click: Timeout 5000ms exceeded.\nE   Call log:\nE   waiting for locator(\"button.non-existent-login-button-class\")\n\nDuring handling of the above exception, another exception occurred:\ntest_healing_validation.py:27: in test_intentional_selector_failure\n    raise AssertionError(f\"Selector failed as expected for healing test: {str(e)}\")\nE   AssertionError: Selector failed as expected for healing test: Locator.click: Timeout 5000ms exceeded.\nE   Call log:\nE   waiting for locator(\"button.non-existent-login-button-class\")\n============================== warnings summary ===============================\n..\\venv\\Lib\\site-packages\\pydantic\\fields.py:814: 40 warnings\n  C:\\Users\\gals\\Desktop\\playwrightTestsClaude\\venv\\Lib\\site-packages\\pydantic\\fields.py:814: PydanticDeprecatedSince20: Using extra keyword arguments on `Field` is deprecated and will be removed. Use `json_schema_extra` instead. (Extra keys: 'env'). Deprecated in Pydantic V2.0 to be removed in V3.0. See Pydantic V2 Migration Guide at https://errors.pydantic.dev/2.8/migration/\n    warn(\n\n..\\venv\\Lib\\site-packages\\pydantic\\_internal\\_config.py:291\n  C:\\Users\\gals\\Desktop\\playwrightTestsClaude\\venv\\Lib\\site-packages\\pydantic\\_internal\\_config.py:291: PydanticDeprecatedSince20: Support for class-based `config` is deprecated, use ConfigDict instead. Deprecated in Pydantic V2.0 to be removed in V3.0. See Pydantic V2 Migration Guide at https://errors.pydantic.dev/2.8/migration/\n    warnings.warn(DEPRECATION_MESSAGE, DeprecationWarning)\n\n-- Docs: https://docs.pytest.org/en/stable/how-to/capture-warnings.html\n=========================== short test summary info ===========================\nFAILED test_healing_validation.py::TestHealingValidation::test_intentional_selector_failure[chromium]\n!!!!!!!!!!!!!!!!!!!!!!!!!! stopping after 1 failures !!!!!!!!!!!!!!!!!!!!!!!!!!\n======================= 1 failed, 41 warnings in 6.87s ========================\n",
      "error": "C:\\Users\\gals\\Desktop\\playwrightTestsClaude\\venv\\Lib\\site-packages\\pytest_asyncio\\plugin.py:211: PytestDeprecationWarning: The configuration option \"asyncio_default_fixture_loop_scope\" is unset.\nThe event loop scope for asynchronous fixtures will default to the fixture caching scope. Future versions of pytest-asyncio will default the loop scope for asynchronous fixtures to function scope. Set the default fixture loop scope explicitly in order to avoid unexpected behavior in the future. Valid fixture loop scopes are: \"function\", \"class\", \"module\", \"package\", \"session\"\n\n  warnings.warn(PytestDeprecationWarning(_DEFAULT_FIXTURE_LOOP_SCOPE_UNSET))\n",
      "execution_time": 8.197770118713379
    },
    {
      "test_name": "test_wesign_basic.py",
      "repository": "current",
      "file_path": "C:\\Users\\gals\\Desktop\\playwrightTestsClaude\\tests\\test_wesign_basic.py",
      "status": "failed",
      "output": "============================= test session starts =============================\nplatform win32 -- Python 3.12.0, pytest-8.3.2, pluggy-1.6.0 -- C:\\Users\\gals\\Desktop\\playwrightTestsClaude\\venv\\Scripts\\python.exe\ncachedir: .pytest_cache\nbenchmark: 5.1.0 (defaults: timer=time.perf_counter disable_gc=False min_rounds=5 min_time=0.000005 max_time=1.0 calibration_precision=10 warmup=False warmup_iterations=100000)\nmetadata: {'Python': '3.12.0', 'Platform': 'Windows-11-10.0.26100-SP0', 'Packages': {'pytest': '8.3.2', 'pluggy': '1.6.0'}, 'Plugins': {'allure-pytest': '2.13.5', 'anyio': '4.10.0', 'Faker': '37.6.0', 'asyncio': '1.1.0', 'base-url': '2.1.0', 'benchmark': '5.1.0', 'cov': '6.2.1', 'html': '4.1.1', 'json-report': '1.5.0', 'metadata': '3.1.1', 'mock': '3.14.1', 'parallel': '0.1.1', 'playwright': '0.5.2', 'rerunfailures': '16.0', 'timeout': '2.4.0', 'xdist': '3.8.0', 'xvfb': '3.0.0'}, 'JAVA_HOME': 'C:\\\\Program Files\\\\Eclipse Adoptium\\\\jdk-17.0.15.6-hotspot', 'Base URL': ''}\nrootdir: C:\\Users\\gals\\Desktop\\playwrightTestsClaude\nconfigfile: pytest.ini\nplugins: allure-pytest-2.13.5, anyio-4.10.0, Faker-37.6.0, asyncio-1.1.0, base-url-2.1.0, benchmark-5.1.0, cov-6.2.1, html-4.1.1, json-report-1.5.0, metadata-3.1.1, mock-3.14.1, parallel-0.1.1, playwright-0.5.2, rerunfailures-16.0, timeout-2.4.0, xdist-3.8.0, xvfb-3.0.0\nasyncio: mode=Mode.STRICT, asyncio_default_fixture_loop_scope=None, asyncio_default_test_loop_scope=function\ncollecting ... collected 3 items\n\ntest_wesign_basic.py::test_wesign_login_page_loads[chromium] FAILED      [ 33%]\n\n================================== FAILURES ===================================\n___________________ test_wesign_login_page_loads[chromium] ____________________\ntest_wesign_basic.py:25: in test_wesign_login_page_loads\n    email_input.fill(\"test@example.com\")\n..\\venv\\Lib\\site-packages\\playwright\\sync_api\\_generated.py:15743: in fill\n    self._sync(\n..\\venv\\Lib\\site-packages\\playwright\\_impl\\_locator.py:208: in fill\n    return await self._frame.fill(self._selector, strict=True, **params)\n..\\venv\\Lib\\site-packages\\playwright\\_impl\\_frame.py:527: in fill\n    await self._channel.send(\"fill\", locals_to_params(locals()))\n..\\venv\\Lib\\site-packages\\playwright\\_impl\\_connection.py:59: in send\n    return await self._connection.wrap_api_call(\n..\\venv\\Lib\\site-packages\\playwright\\_impl\\_connection.py:520: in wrap_api_call\n    raise rewrite_error(error, f\"{parsed_st['apiName']}: {error}\") from None\nE   playwright._impl._errors.TimeoutError: Locator.fill: Timeout 30000ms exceeded.\nE   Call log:\nE   waiting for locator(\"input.email-input-field[name='email'][data-cy='login-email']\")\n============================== warnings summary ===============================\n..\\venv\\Lib\\site-packages\\pydantic\\fields.py:814: 40 warnings\n  C:\\Users\\gals\\Desktop\\playwrightTestsClaude\\venv\\Lib\\site-packages\\pydantic\\fields.py:814: PydanticDeprecatedSince20: Using extra keyword arguments on `Field` is deprecated and will be removed. Use `json_schema_extra` instead. (Extra keys: 'env'). Deprecated in Pydantic V2.0 to be removed in V3.0. See Pydantic V2 Migration Guide at https://errors.pydantic.dev/2.8/migration/\n    warn(\n\n..\\venv\\Lib\\site-packages\\pydantic\\_internal\\_config.py:291\n  C:\\Users\\gals\\Desktop\\playwrightTestsClaude\\venv\\Lib\\site-packages\\pydantic\\_internal\\_config.py:291: PydanticDeprecatedSince20: Support for class-based `config` is deprecated, use ConfigDict instead. Deprecated in Pydantic V2.0 to be removed in V3.0. See Pydantic V2 Migration Guide at https://errors.pydantic.dev/2.8/migration/\n    warnings.warn(DEPRECATION_MESSAGE, DeprecationWarning)\n\ntest_wesign_basic.py:9\n  C:\\Users\\gals\\Desktop\\playwrightTestsClaude\\tests\\test_wesign_basic.py:9: PytestUnknownMarkWarning: Unknown pytest.mark.wesign - is this a typo?  You can register custom marks to avoid this warning - for details, see https://docs.pytest.org/en/stable/how-to/mark.html\n    @pytest.mark.wesign\n\ntest_wesign_basic.py:10\n  C:\\Users\\gals\\Desktop\\playwrightTestsClaude\\tests\\test_wesign_basic.py:10: PytestUnknownMarkWarning: Unknown pytest.mark.login - is this a typo?  You can register custom marks to avoid this warning - for details, see https://docs.pytest.org/en/stable/how-to/mark.html\n    @pytest.mark.login\n\ntest_wesign_basic.py:36\n  C:\\Users\\gals\\Desktop\\playwrightTestsClaude\\tests\\test_wesign_basic.py:36: PytestUnknownMarkWarning: Unknown pytest.mark.wesign - is this a typo?  You can register custom marks to avoid this warning - for details, see https://docs.pytest.org/en/stable/how-to/mark.html\n    @pytest.mark.wesign\n\ntest_wesign_basic.py:37\n  C:\\Users\\gals\\Desktop\\playwrightTestsClaude\\tests\\test_wesign_basic.py:37: PytestUnknownMarkWarning: Unknown pytest.mark.navigation - is this a typo?  You can register custom marks to avoid this warning - for details, see https://docs.pytest.org/en/stable/how-to/mark.html\n    @pytest.mark.navigation\n\ntest_wesign_basic.py:56\n  C:\\Users\\gals\\Desktop\\playwrightTestsClaude\\tests\\test_wesign_basic.py:56: PytestUnknownMarkWarning: Unknown pytest.mark.wesign - is this a typo?  You can register custom marks to avoid this warning - for details, see https://docs.pytest.org/en/stable/how-to/mark.html\n    @pytest.mark.wesign\n\n-- Docs: https://docs.pytest.org/en/stable/how-to/capture-warnings.html\n=========================== short test summary info ===========================\nFAILED test_wesign_basic.py::test_wesign_login_page_loads[chromium] - playwri...\n!!!!!!!!!!!!!!!!!!!!!!!!!! stopping after 1 failures !!!!!!!!!!!!!!!!!!!!!!!!!!\n======================= 1 failed, 46 warnings in 31.83s =======================\n",
      "error": "C:\\Users\\gals\\Desktop\\playwrightTestsClaude\\venv\\Lib\\site-packages\\pytest_asyncio\\plugin.py:211: PytestDeprecationWarning: The configuration option \"asyncio_default_fixture_loop_scope\" is unset.\nThe event loop scope for asynchronous fixtures will default to the fixture caching scope. Future versions of pytest-asyncio will default the loop scope for asynchronous fixtures to function scope. Set the default fixture loop scope explicitly in order to avoid unexpected behavior in the future. Valid fixture loop scopes are: \"function\", \"class\", \"module\", \"package\", \"session\"\n\n  warnings.warn(PytestDeprecationWarning(_DEFAULT_FIXTURE_LOOP_SCOPE_UNSET))\n",
      "execution_time": 33.090558767318726
    },
    {
      "test_name": "test_login.py",
      "repository": "external_wesign",
      "file_path": "C:\\Users\\gals\\seleniumpythontests-1\\playwright_tests\\tests\\auth\\test_login.py",
      "status": "failed",
      "output": "",
      "error": "Test execution timeout (5 minutes)",
      "execution_time": 300.0498676300049
    },
    {
      "test_name": "test_login_converted.py",
      "repository": "external_wesign",
      "file_path": "C:\\Users\\gals\\seleniumpythontests-1\\playwright_tests\\tests\\auth\\test_login_converted.py",
      "status": "failed",
      "output": "============================= test session starts =============================\nplatform win32 -- Python 3.12.0, pytest-8.3.2, pluggy-1.6.0 -- C:\\Users\\gals\\Desktop\\playwrightTestsClaude\\venv\\Scripts\\python.exe\ncachedir: .pytest_cache\nbenchmark: 5.1.0 (defaults: timer=time.perf_counter disable_gc=False min_rounds=5 min_time=0.000005 max_time=1.0 calibration_precision=10 warmup=False warmup_iterations=100000)\nmetadata: {'Python': '3.12.0', 'Platform': 'Windows-11-10.0.26100-SP0', 'Packages': {'pytest': '8.3.2', 'pluggy': '1.6.0'}, 'Plugins': {'allure-pytest': '2.13.5', 'anyio': '4.10.0', 'Faker': '37.6.0', 'asyncio': '1.1.0', 'base-url': '2.1.0', 'benchmark': '5.1.0', 'cov': '6.2.1', 'html': '4.1.1', 'json-report': '1.5.0', 'metadata': '3.1.1', 'mock': '3.14.1', 'parallel': '0.1.1', 'playwright': '0.5.2', 'rerunfailures': '16.0', 'timeout': '2.4.0', 'xdist': '3.8.0', 'xvfb': '3.0.0'}, 'JAVA_HOME': 'C:\\\\Program Files\\\\Eclipse Adoptium\\\\jdk-17.0.15.6-hotspot', 'Base URL': ''}\nrootdir: C:\\Users\\gals\\seleniumpythontests-1\\playwright_tests\nconfigfile: pytest.ini\nplugins: allure-pytest-2.13.5, anyio-4.10.0, Faker-37.6.0, asyncio-1.1.0, base-url-2.1.0, benchmark-5.1.0, cov-6.2.1, html-4.1.1, json-report-1.5.0, metadata-3.1.1, mock-3.14.1, parallel-0.1.1, playwright-0.5.2, rerunfailures-16.0, timeout-2.4.0, xdist-3.8.0, xvfb-3.0.0\nasyncio: mode=Mode.AUTO, asyncio_default_fixture_loop_scope=session, asyncio_default_test_loop_scope=function\ncollecting ... collected 16 items\n\ntest_login_converted.py::TestLogin::test_login_with_valid_credentials_success PASSED [  6%]\ntest_login_converted.py::TestLogin::test_login_with_basic_user_success FAILED [ 12%]\n\n================================== FAILURES ===================================\n________________ TestLogin.test_login_with_basic_user_success _________________\ntest_login_converted.py:88: in test_login_with_basic_user_success\n    await self.login_page.login_as_basic_user()\n..\\..\\pages\\login_page.py:246: in login_as_basic_user\n    await self.verify_login_success()\n..\\..\\pages\\login_page.py:77: in verify_login_success\n    raise AssertionError(\"Login verification failed - no dashboard indicators found\")\nE   AssertionError: Login verification failed - no dashboard indicators found\n---------------------------- Captured stdout call -----------------------------\n2025-09-09 09:32:28 [info     ] Navigating to login page       url=https://devtest.comda.co.il/\n2025-09-09 09:32:28 [info     ] Navigating to URL              url=https://devtest.comda.co.il/\nDEBUG: About to call page.goto() for https://devtest.comda.co.il/\nDEBUG: page.goto() completed successfully\nDEBUG: About to wait for load state...\nDEBUG: Load state completed\n2025-09-09 09:32:28 [info     ] Logging in                     email=nirkilshtein@gmail.com\nDEBUG: Starting login for nirkilshtein@gmail.com\nDEBUG: About to wait for email input with selector: input[type='email'], input[name='email']\nDEBUG: Email input found, proceeding with login...\n2025-09-09 09:32:28 [info     ] Filling element                selector=\"input[type='email'], input[name='email']\" value=nirkilshtein@gmail.com\nDEBUG: Email filled\n2025-09-09 09:32:28 [info     ] Filling element                selector=\"input[type='password'], input[name='password']\" value=***\nDEBUG: Password filled\n2025-09-09 09:32:28 [info     ] Clicking element               selector=\"input[type='submit']#loginInput\"\nDEBUG: Login button clicked\nDEBUG: Navigation completed\n2025-09-09 09:32:28 [info     ] Login attempted                email=nirkilshtein@gmail.com\n2025-09-09 09:32:48 [error    ] Login verification failed      error='Login verification failed - no dashboard indicators found'\n2025-09-09 09:32:49 [info     ] Screenshot saved               path=login_verification_failed.png\n2025-09-09 09:32:53 [error    ] Login error found              error='One (or more) of the credential details is incorrect' selector='.is-error, .has-error, .invalid-credentials'\n--------------------------------- JSON report ---------------------------------\nreport saved to: reports/test_results.json\n- Generated html report: file:///C:/Users/gals/seleniumpythontests-1/playwright_tests/tests/auth/reports/playwright_report.html -\n=========================== short test summary info ===========================\nFAILED test_login_converted.py::TestLogin::test_login_with_basic_user_success\n!!!!!!!!!!!!!!!!!!!!!!!!!! stopping after 1 failures !!!!!!!!!!!!!!!!!!!!!!!!!!\n================== 1 failed, 1 passed, 16 warnings in 29.32s ==================\n",
      "error": "",
      "execution_time": 30.900475025177002
    },
    {
      "test_name": "test_bulk_operations.py",
      "repository": "external_wesign",
      "file_path": "C:\\Users\\gals\\seleniumpythontests-1\\playwright_tests\\tests\\bulk_operations\\test_bulk_operations.py",
      "status": "failed",
      "output": "============================= test session starts =============================\nplatform win32 -- Python 3.12.0, pytest-8.3.2, pluggy-1.6.0 -- C:\\Users\\gals\\Desktop\\playwrightTestsClaude\\venv\\Scripts\\python.exe\ncachedir: .pytest_cache\nbenchmark: 5.1.0 (defaults: timer=time.perf_counter disable_gc=False min_rounds=5 min_time=0.000005 max_time=1.0 calibration_precision=10 warmup=False warmup_iterations=100000)\nmetadata: {'Python': '3.12.0', 'Platform': 'Windows-11-10.0.26100-SP0', 'Packages': {'pytest': '8.3.2', 'pluggy': '1.6.0'}, 'Plugins': {'allure-pytest': '2.13.5', 'anyio': '4.10.0', 'Faker': '37.6.0', 'asyncio': '1.1.0', 'base-url': '2.1.0', 'benchmark': '5.1.0', 'cov': '6.2.1', 'html': '4.1.1', 'json-report': '1.5.0', 'metadata': '3.1.1', 'mock': '3.14.1', 'parallel': '0.1.1', 'playwright': '0.5.2', 'rerunfailures': '16.0', 'timeout': '2.4.0', 'xdist': '3.8.0', 'xvfb': '3.0.0'}, 'JAVA_HOME': 'C:\\\\Program Files\\\\Eclipse Adoptium\\\\jdk-17.0.15.6-hotspot', 'Base URL': ''}\nrootdir: C:\\Users\\gals\\seleniumpythontests-1\\playwright_tests\nconfigfile: pytest.ini\nplugins: allure-pytest-2.13.5, anyio-4.10.0, Faker-37.6.0, asyncio-1.1.0, base-url-2.1.0, benchmark-5.1.0, cov-6.2.1, html-4.1.1, json-report-1.5.0, metadata-3.1.1, mock-3.14.1, parallel-0.1.1, playwright-0.5.2, rerunfailures-16.0, timeout-2.4.0, xdist-3.8.0, xvfb-3.0.0\nasyncio: mode=Mode.AUTO, asyncio_default_fixture_loop_scope=session, asyncio_default_test_loop_scope=function\ncollecting ... collected 0 items / 1 error\n\n=================================== ERRORS ====================================\n_______ ERROR collecting tests/bulk_operations/test_bulk_operations.py ________\nImportError while importing test module 'C:\\Users\\gals\\seleniumpythontests-1\\playwright_tests\\tests\\bulk_operations\\test_bulk_operations.py'.\nHint: make sure your test modules/packages have valid Python names.\nTraceback:\n..\\..\\..\\..\\AppData\\Local\\Programs\\Python\\Python312\\Lib\\importlib\\__init__.py:90: in import_module\n    return _bootstrap._gcd_import(name[level:], package, level)\ntest_bulk_operations.py:19: in <module>\n    from utils.test_data_factory import TestDataFactory\n..\\..\\utils\\test_data_factory.py:11: in <module>\n    import names\nE   ModuleNotFoundError: No module named 'names'\n------------------------------- Captured stdout -------------------------------\nWarning: Could not import CommonMethods: No module named 'names'\nWarning: Could not import TestDataFactory: No module named 'names'\nWarning: Could not import FileHandler: No module named 'playwright_tests'\nWarning: Could not import PlaywrightSelfHealingOrchestrator: No module named 'names'\n--------------------------------- JSON report ---------------------------------\nreport saved to: reports/test_results.json\n- Generated html report: file:///C:/Users/gals/seleniumpythontests-1/playwright_tests/tests/bulk_operations/reports/playwright_report.html -\n=========================== short test summary info ===========================\nERROR test_bulk_operations.py\n!!!!!!!!!!!!!!!!!!!!!!!!!! stopping after 1 failures !!!!!!!!!!!!!!!!!!!!!!!!!!\n!!!!!!!!!!!!!!!!!!! Interrupted: 1 error during collection !!!!!!!!!!!!!!!!!!!!\n============================== 1 error in 0.32s ===============================\n",
      "error": "",
      "execution_time": 1.8129591941833496
    },
    {
      "test_name": "test_bulk_operations_converted.py",
      "repository": "external_wesign",
      "file_path": "C:\\Users\\gals\\seleniumpythontests-1\\playwright_tests\\tests\\bulk_operations\\test_bulk_operations_converted.py",
      "status": "failed",
      "output": "============================= test session starts =============================\nplatform win32 -- Python 3.12.0, pytest-8.3.2, pluggy-1.6.0 -- C:\\Users\\gals\\Desktop\\playwrightTestsClaude\\venv\\Scripts\\python.exe\ncachedir: .pytest_cache\nbenchmark: 5.1.0 (defaults: timer=time.perf_counter disable_gc=False min_rounds=5 min_time=0.000005 max_time=1.0 calibration_precision=10 warmup=False warmup_iterations=100000)\nmetadata: {'Python': '3.12.0', 'Platform': 'Windows-11-10.0.26100-SP0', 'Packages': {'pytest': '8.3.2', 'pluggy': '1.6.0'}, 'Plugins': {'allure-pytest': '2.13.5', 'anyio': '4.10.0', 'Faker': '37.6.0', 'asyncio': '1.1.0', 'base-url': '2.1.0', 'benchmark': '5.1.0', 'cov': '6.2.1', 'html': '4.1.1', 'json-report': '1.5.0', 'metadata': '3.1.1', 'mock': '3.14.1', 'parallel': '0.1.1', 'playwright': '0.5.2', 'rerunfailures': '16.0', 'timeout': '2.4.0', 'xdist': '3.8.0', 'xvfb': '3.0.0'}, 'JAVA_HOME': 'C:\\\\Program Files\\\\Eclipse Adoptium\\\\jdk-17.0.15.6-hotspot', 'Base URL': ''}\nrootdir: C:\\Users\\gals\\seleniumpythontests-1\\playwright_tests\nconfigfile: pytest.ini\nplugins: allure-pytest-2.13.5, anyio-4.10.0, Faker-37.6.0, asyncio-1.1.0, base-url-2.1.0, benchmark-5.1.0, cov-6.2.1, html-4.1.1, json-report-1.5.0, metadata-3.1.1, mock-3.14.1, parallel-0.1.1, playwright-0.5.2, rerunfailures-16.0, timeout-2.4.0, xdist-3.8.0, xvfb-3.0.0\nasyncio: mode=Mode.AUTO, asyncio_default_fixture_loop_scope=session, asyncio_default_test_loop_scope=function\ncollecting ... collected 0 items / 1 error\n\n=================================== ERRORS ====================================\n__ ERROR collecting tests/bulk_operations/test_bulk_operations_converted.py ___\n..\\..\\..\\..\\Desktop\\playwrightTestsClaude\\venv\\Lib\\site-packages\\_pytest\\python.py:493: in importtestmodule\n    mod = import_path(\n..\\..\\..\\..\\Desktop\\playwrightTestsClaude\\venv\\Lib\\site-packages\\_pytest\\pathlib.py:582: in import_path\n    importlib.import_module(module_name)\n..\\..\\..\\..\\AppData\\Local\\Programs\\Python\\Python312\\Lib\\importlib\\__init__.py:90: in import_module\n    return _bootstrap._gcd_import(name[level:], package, level)\n<frozen importlib._bootstrap>:1381: in _gcd_import\n    ???\n<frozen importlib._bootstrap>:1354: in _find_and_load\n    ???\n<frozen importlib._bootstrap>:1325: in _find_and_load_unlocked\n    ???\n<frozen importlib._bootstrap>:929: in _load_unlocked\n    ???\n..\\..\\..\\..\\Desktop\\playwrightTestsClaude\\venv\\Lib\\site-packages\\_pytest\\assertion\\rewrite.py:165: in exec_module\n    source_stat, co = _rewrite_test(fn, self.config)\n..\\..\\..\\..\\Desktop\\playwrightTestsClaude\\venv\\Lib\\site-packages\\_pytest\\assertion\\rewrite.py:345: in _rewrite_test\n    tree = ast.parse(source, filename=strfn)\n..\\..\\..\\..\\AppData\\Local\\Programs\\Python\\Python312\\Lib\\ast.py:52: in parse\n    return compile(source, filename, mode, flags,\nE     File \"C:\\Users\\gals\\seleniumpythontests-1\\playwright_tests\\tests\\bulk_operations\\test_bulk_operations_converted.py\", line 88\nE       finally:\nE       ^^^^^^^\nE   SyntaxError: invalid syntax\n--------------------------------- JSON report ---------------------------------\nreport saved to: reports/test_results.json\n- Generated html report: file:///C:/Users/gals/seleniumpythontests-1/playwright_tests/tests/bulk_operations/reports/playwright_report.html -\n=========================== short test summary info ===========================\nERROR test_bulk_operations_converted.py\n!!!!!!!!!!!!!!!!!!!!!!!!!! stopping after 1 failures !!!!!!!!!!!!!!!!!!!!!!!!!!\n!!!!!!!!!!!!!!!!!!! Interrupted: 1 error during collection !!!!!!!!!!!!!!!!!!!!\n============================== 1 error in 0.27s ===============================\n",
      "error": "",
      "execution_time": 1.754486083984375
    },
    {
      "test_name": "test_comprehensive_contacts.py",
      "repository": "external_wesign",
      "file_path": "C:\\Users\\gals\\seleniumpythontests-1\\playwright_tests\\tests\\contacts\\test_comprehensive_contacts.py",
      "status": "failed",
      "output": "============================= test session starts =============================\nplatform win32 -- Python 3.12.0, pytest-8.3.2, pluggy-1.6.0 -- C:\\Users\\gals\\Desktop\\playwrightTestsClaude\\venv\\Scripts\\python.exe\ncachedir: .pytest_cache\nbenchmark: 5.1.0 (defaults: timer=time.perf_counter disable_gc=False min_rounds=5 min_time=0.000005 max_time=1.0 calibration_precision=10 warmup=False warmup_iterations=100000)\nmetadata: {'Python': '3.12.0', 'Platform': 'Windows-11-10.0.26100-SP0', 'Packages': {'pytest': '8.3.2', 'pluggy': '1.6.0'}, 'Plugins': {'allure-pytest': '2.13.5', 'anyio': '4.10.0', 'Faker': '37.6.0', 'asyncio': '1.1.0', 'base-url': '2.1.0', 'benchmark': '5.1.0', 'cov': '6.2.1', 'html': '4.1.1', 'json-report': '1.5.0', 'metadata': '3.1.1', 'mock': '3.14.1', 'parallel': '0.1.1', 'playwright': '0.5.2', 'rerunfailures': '16.0', 'timeout': '2.4.0', 'xdist': '3.8.0', 'xvfb': '3.0.0'}, 'JAVA_HOME': 'C:\\\\Program Files\\\\Eclipse Adoptium\\\\jdk-17.0.15.6-hotspot', 'Base URL': ''}\nrootdir: C:\\Users\\gals\\seleniumpythontests-1\\playwright_tests\nconfigfile: pytest.ini\nplugins: allure-pytest-2.13.5, anyio-4.10.0, Faker-37.6.0, asyncio-1.1.0, base-url-2.1.0, benchmark-5.1.0, cov-6.2.1, html-4.1.1, json-report-1.5.0, metadata-3.1.1, mock-3.14.1, parallel-0.1.1, playwright-0.5.2, rerunfailures-16.0, timeout-2.4.0, xdist-3.8.0, xvfb-3.0.0\nasyncio: mode=Mode.AUTO, asyncio_default_fixture_loop_scope=session, asyncio_default_test_loop_scope=function\ncollecting ... collected 55 items\n\ntest_comprehensive_contacts.py::TestComprehensiveContacts::test_contacts_add_contact_success_valid_email_english ERROR [  1%]\n\n=================================== ERRORS ====================================\n_ ERROR at setup of TestComprehensiveContacts.test_contacts_add_contact_success_valid_email_english _\nfile C:\\Users\\gals\\seleniumpythontests-1\\playwright_tests\\tests\\contacts\\test_comprehensive_contacts.py, line 38\n      async def test_contacts_add_contact_success_valid_email_english(self):\n          \"\"\"Test successful contact addition with valid email in English\"\"\"\n          await self._test_add_contact_workflow(\"english\", {\n              'name': 'John Doe',\n              'email': 'john.doe@test.com',\n              'delivery_method': 'email'\n          })\nfile C:\\Users\\gals\\seleniumpythontests-1\\playwright_tests\\tests\\contacts\\test_comprehensive_contacts.py, line 25\n      @pytest.fixture(autouse=True)\n      async def setup(self, page: Page, login_session):\n          \"\"\"Setup test fixtures\"\"\"\n          self.page = page\n          self.config = get_test_config()\n          self.contacts_page = ContactsPage(page)\n          self.home_page = HomePage(page)\n\n          await self.home_page.navigate_to_dashboard()\n          await asyncio.sleep(1)\nE       fixture 'login_session' not found\n>       available fixtures: _artifacts_recorder, _class_scoped_runner, _function_scoped_runner, _module_scoped_runner, _package_scoped_runner, _pw_artifacts_folder, _session_faker, _session_scoped_runner, _verify_url, anyio_backend, anyio_backend_name, anyio_backend_options, authenticated_page, base_url, benchmark, benchmark_weave, browser, browser_channel, browser_context_args, browser_name, browser_type, browser_type_launch_args, cache, capfd, capfdbinary, caplog, capsys, capsysbinary, class_mocker, context, cov, delete_output_dir, device, doctest_namespace, event_loop_policy, extra, extras, faker, free_tcp_port, free_tcp_port_factory, free_udp_port, free_udp_port_factory, include_metadata_in_junit_xml, is_chromium, is_firefox, is_webkit, json_metadata, launch_browser, metadata, mocker, module_mocker, monkeypatch, new_context, no_cover, package_mocker, page, performance_monitor, playwright, pytestconfig, record_property, record_testsuite_property, record_xml_attribute, recwarn, session_mocker, setup, testrun_uid, tmp_path, tmp_path_factory, tmpdir, tmpdir_factory, unused_tcp_port, unused_tcp_port_factory, unused_udp_port, unused_udp_port_factory, worker_id, xvfb\n>       use 'pytest --fixtures [testpath]' for help on them.\n\nC:\\Users\\gals\\seleniumpythontests-1\\playwright_tests\\tests\\contacts\\test_comprehensive_contacts.py:25\n---------------------------- Captured stdout setup ----------------------------\nBrowser mode: HEADLESS (hidden)\n--------------------------------- JSON report ---------------------------------\nreport saved to: reports/test_results.json\n- Generated html report: file:///C:/Users/gals/seleniumpythontests-1/playwright_tests/tests/contacts/reports/playwright_report.html -\n=========================== short test summary info ===========================\nERROR test_comprehensive_contacts.py::TestComprehensiveContacts::test_contacts_add_contact_success_valid_email_english\n!!!!!!!!!!!!!!!!!!!!!!!!!! stopping after 1 failures !!!!!!!!!!!!!!!!!!!!!!!!!!\n========================= 1 warning, 1 error in 1.32s =========================\n",
      "error": "",
      "execution_time": 2.8918869495391846
    },
    {
      "test_name": "test_comprehensive_contacts_converted.py",
      "repository": "external_wesign",
      "file_path": "C:\\Users\\gals\\seleniumpythontests-1\\playwright_tests\\tests\\contacts\\test_comprehensive_contacts_converted.py",
      "status": "failed",
      "output": "============================= test session starts =============================\nplatform win32 -- Python 3.12.0, pytest-8.3.2, pluggy-1.6.0 -- C:\\Users\\gals\\Desktop\\playwrightTestsClaude\\venv\\Scripts\\python.exe\ncachedir: .pytest_cache\nbenchmark: 5.1.0 (defaults: timer=time.perf_counter disable_gc=False min_rounds=5 min_time=0.000005 max_time=1.0 calibration_precision=10 warmup=False warmup_iterations=100000)\nmetadata: {'Python': '3.12.0', 'Platform': 'Windows-11-10.0.26100-SP0', 'Packages': {'pytest': '8.3.2', 'pluggy': '1.6.0'}, 'Plugins': {'allure-pytest': '2.13.5', 'anyio': '4.10.0', 'Faker': '37.6.0', 'asyncio': '1.1.0', 'base-url': '2.1.0', 'benchmark': '5.1.0', 'cov': '6.2.1', 'html': '4.1.1', 'json-report': '1.5.0', 'metadata': '3.1.1', 'mock': '3.14.1', 'parallel': '0.1.1', 'playwright': '0.5.2', 'rerunfailures': '16.0', 'timeout': '2.4.0', 'xdist': '3.8.0', 'xvfb': '3.0.0'}, 'JAVA_HOME': 'C:\\\\Program Files\\\\Eclipse Adoptium\\\\jdk-17.0.15.6-hotspot', 'Base URL': ''}\nrootdir: C:\\Users\\gals\\seleniumpythontests-1\\playwright_tests\nconfigfile: pytest.ini\nplugins: allure-pytest-2.13.5, anyio-4.10.0, Faker-37.6.0, asyncio-1.1.0, base-url-2.1.0, benchmark-5.1.0, cov-6.2.1, html-4.1.1, json-report-1.5.0, metadata-3.1.1, mock-3.14.1, parallel-0.1.1, playwright-0.5.2, rerunfailures-16.0, timeout-2.4.0, xdist-3.8.0, xvfb-3.0.0\nasyncio: mode=Mode.AUTO, asyncio_default_fixture_loop_scope=session, asyncio_default_test_loop_scope=function\ncollecting ... collected 0 items / 1 error\n\n=================================== ERRORS ====================================\n__ ERROR collecting tests/contacts/test_comprehensive_contacts_converted.py ___\n..\\..\\..\\..\\Desktop\\playwrightTestsClaude\\venv\\Lib\\site-packages\\_pytest\\python.py:493: in importtestmodule\n    mod = import_path(\n..\\..\\..\\..\\Desktop\\playwrightTestsClaude\\venv\\Lib\\site-packages\\_pytest\\pathlib.py:582: in import_path\n    importlib.import_module(module_name)\n..\\..\\..\\..\\AppData\\Local\\Programs\\Python\\Python312\\Lib\\importlib\\__init__.py:90: in import_module\n    return _bootstrap._gcd_import(name[level:], package, level)\n<frozen importlib._bootstrap>:1381: in _gcd_import\n    ???\n<frozen importlib._bootstrap>:1354: in _find_and_load\n    ???\n<frozen importlib._bootstrap>:1325: in _find_and_load_unlocked\n    ???\n<frozen importlib._bootstrap>:929: in _load_unlocked\n    ???\n..\\..\\..\\..\\Desktop\\playwrightTestsClaude\\venv\\Lib\\site-packages\\_pytest\\assertion\\rewrite.py:165: in exec_module\n    source_stat, co = _rewrite_test(fn, self.config)\n..\\..\\..\\..\\Desktop\\playwrightTestsClaude\\venv\\Lib\\site-packages\\_pytest\\assertion\\rewrite.py:345: in _rewrite_test\n    tree = ast.parse(source, filename=strfn)\n..\\..\\..\\..\\AppData\\Local\\Programs\\Python\\Python312\\Lib\\ast.py:52: in parse\n    return compile(source, filename, mode, flags,\nE     File \"C:\\Users\\gals\\seleniumpythontests-1\\playwright_tests\\tests\\contacts\\test_comprehensive_contacts_converted.py\", line 70\nE       @pytest.mark.asyncio\nE   SyntaxError: expected 'except' or 'finally' block\n--------------------------------- JSON report ---------------------------------\nreport saved to: reports/test_results.json\n- Generated html report: file:///C:/Users/gals/seleniumpythontests-1/playwright_tests/tests/contacts/reports/playwright_report.html -\n=========================== short test summary info ===========================\nERROR test_comprehensive_contacts_converted.py\n!!!!!!!!!!!!!!!!!!!!!!!!!! stopping after 1 failures !!!!!!!!!!!!!!!!!!!!!!!!!!\n!!!!!!!!!!!!!!!!!!! Interrupted: 1 error during collection !!!!!!!!!!!!!!!!!!!!\n============================== 1 error in 0.27s ===============================\n",
      "error": "",
      "execution_time": 1.9002594947814941
    },
    {
      "test_name": "test_contacts_management.py",
      "repository": "external_wesign",
      "file_path": "C:\\Users\\gals\\seleniumpythontests-1\\playwright_tests\\tests\\contacts\\test_contacts_management.py",
      "status": "failed",
      "output": "============================= test session starts =============================\nplatform win32 -- Python 3.12.0, pytest-8.3.2, pluggy-1.6.0 -- C:\\Users\\gals\\Desktop\\playwrightTestsClaude\\venv\\Scripts\\python.exe\ncachedir: .pytest_cache\nbenchmark: 5.1.0 (defaults: timer=time.perf_counter disable_gc=False min_rounds=5 min_time=0.000005 max_time=1.0 calibration_precision=10 warmup=False warmup_iterations=100000)\nmetadata: {'Python': '3.12.0', 'Platform': 'Windows-11-10.0.26100-SP0', 'Packages': {'pytest': '8.3.2', 'pluggy': '1.6.0'}, 'Plugins': {'allure-pytest': '2.13.5', 'anyio': '4.10.0', 'Faker': '37.6.0', 'asyncio': '1.1.0', 'base-url': '2.1.0', 'benchmark': '5.1.0', 'cov': '6.2.1', 'html': '4.1.1', 'json-report': '1.5.0', 'metadata': '3.1.1', 'mock': '3.14.1', 'parallel': '0.1.1', 'playwright': '0.5.2', 'rerunfailures': '16.0', 'timeout': '2.4.0', 'xdist': '3.8.0', 'xvfb': '3.0.0'}, 'JAVA_HOME': 'C:\\\\Program Files\\\\Eclipse Adoptium\\\\jdk-17.0.15.6-hotspot', 'Base URL': ''}\nrootdir: C:\\Users\\gals\\seleniumpythontests-1\\playwright_tests\nconfigfile: pytest.ini\nplugins: allure-pytest-2.13.5, anyio-4.10.0, Faker-37.6.0, asyncio-1.1.0, base-url-2.1.0, benchmark-5.1.0, cov-6.2.1, html-4.1.1, json-report-1.5.0, metadata-3.1.1, mock-3.14.1, parallel-0.1.1, playwright-0.5.2, rerunfailures-16.0, timeout-2.4.0, xdist-3.8.0, xvfb-3.0.0\nasyncio: mode=Mode.AUTO, asyncio_default_fixture_loop_scope=session, asyncio_default_test_loop_scope=function\ncollecting ... collected 0 items / 1 error\n\n=================================== ERRORS ====================================\n_________ ERROR collecting tests/contacts/test_contacts_management.py _________\nImportError while importing test module 'C:\\Users\\gals\\seleniumpythontests-1\\playwright_tests\\tests\\contacts\\test_contacts_management.py'.\nHint: make sure your test modules/packages have valid Python names.\nTraceback:\n..\\..\\..\\..\\AppData\\Local\\Programs\\Python\\Python312\\Lib\\importlib\\__init__.py:90: in import_module\n    return _bootstrap._gcd_import(name[level:], package, level)\ntest_contacts_management.py:18: in <module>\n    from utils.test_data_factory import TestDataFactory\n..\\..\\utils\\test_data_factory.py:11: in <module>\n    import names\nE   ModuleNotFoundError: No module named 'names'\n------------------------------- Captured stdout -------------------------------\nWarning: Could not import CommonMethods: No module named 'names'\nWarning: Could not import TestDataFactory: No module named 'names'\nWarning: Could not import FileHandler: No module named 'playwright_tests'\nWarning: Could not import PlaywrightSelfHealingOrchestrator: No module named 'names'\n--------------------------------- JSON report ---------------------------------\nreport saved to: reports/test_results.json\n- Generated html report: file:///C:/Users/gals/seleniumpythontests-1/playwright_tests/tests/contacts/reports/playwright_report.html -\n=========================== short test summary info ===========================\nERROR test_contacts_management.py\n!!!!!!!!!!!!!!!!!!!!!!!!!! stopping after 1 failures !!!!!!!!!!!!!!!!!!!!!!!!!!\n!!!!!!!!!!!!!!!!!!! Interrupted: 1 error during collection !!!!!!!!!!!!!!!!!!!!\n============================== 1 error in 0.38s ===============================\n",
      "error": "",
      "execution_time": 1.9086558818817139
    },
    {
      "test_name": "test_contacts_management_converted.py",
      "repository": "external_wesign",
      "file_path": "C:\\Users\\gals\\seleniumpythontests-1\\playwright_tests\\tests\\contacts\\test_contacts_management_converted.py",
      "status": "failed",
      "output": "============================= test session starts =============================\nplatform win32 -- Python 3.12.0, pytest-8.3.2, pluggy-1.6.0 -- C:\\Users\\gals\\Desktop\\playwrightTestsClaude\\venv\\Scripts\\python.exe\ncachedir: .pytest_cache\nbenchmark: 5.1.0 (defaults: timer=time.perf_counter disable_gc=False min_rounds=5 min_time=0.000005 max_time=1.0 calibration_precision=10 warmup=False warmup_iterations=100000)\nmetadata: {'Python': '3.12.0', 'Platform': 'Windows-11-10.0.26100-SP0', 'Packages': {'pytest': '8.3.2', 'pluggy': '1.6.0'}, 'Plugins': {'allure-pytest': '2.13.5', 'anyio': '4.10.0', 'Faker': '37.6.0', 'asyncio': '1.1.0', 'base-url': '2.1.0', 'benchmark': '5.1.0', 'cov': '6.2.1', 'html': '4.1.1', 'json-report': '1.5.0', 'metadata': '3.1.1', 'mock': '3.14.1', 'parallel': '0.1.1', 'playwright': '0.5.2', 'rerunfailures': '16.0', 'timeout': '2.4.0', 'xdist': '3.8.0', 'xvfb': '3.0.0'}, 'JAVA_HOME': 'C:\\\\Program Files\\\\Eclipse Adoptium\\\\jdk-17.0.15.6-hotspot', 'Base URL': ''}\nrootdir: C:\\Users\\gals\\seleniumpythontests-1\\playwright_tests\nconfigfile: pytest.ini\nplugins: allure-pytest-2.13.5, anyio-4.10.0, Faker-37.6.0, asyncio-1.1.0, base-url-2.1.0, benchmark-5.1.0, cov-6.2.1, html-4.1.1, json-report-1.5.0, metadata-3.1.1, mock-3.14.1, parallel-0.1.1, playwright-0.5.2, rerunfailures-16.0, timeout-2.4.0, xdist-3.8.0, xvfb-3.0.0\nasyncio: mode=Mode.AUTO, asyncio_default_fixture_loop_scope=session, asyncio_default_test_loop_scope=function\ncollecting ... collected 0 items / 1 error\n\n=================================== ERRORS ====================================\n____ ERROR collecting tests/contacts/test_contacts_management_converted.py ____\n..\\..\\..\\..\\Desktop\\playwrightTestsClaude\\venv\\Lib\\site-packages\\_pytest\\python.py:493: in importtestmodule\n    mod = import_path(\n..\\..\\..\\..\\Desktop\\playwrightTestsClaude\\venv\\Lib\\site-packages\\_pytest\\pathlib.py:582: in import_path\n    importlib.import_module(module_name)\n..\\..\\..\\..\\AppData\\Local\\Programs\\Python\\Python312\\Lib\\importlib\\__init__.py:90: in import_module\n    return _bootstrap._gcd_import(name[level:], package, level)\n<frozen importlib._bootstrap>:1381: in _gcd_import\n    ???\n<frozen importlib._bootstrap>:1354: in _find_and_load\n    ???\n<frozen importlib._bootstrap>:1325: in _find_and_load_unlocked\n    ???\n<frozen importlib._bootstrap>:929: in _load_unlocked\n    ???\n..\\..\\..\\..\\Desktop\\playwrightTestsClaude\\venv\\Lib\\site-packages\\_pytest\\assertion\\rewrite.py:165: in exec_module\n    source_stat, co = _rewrite_test(fn, self.config)\n..\\..\\..\\..\\Desktop\\playwrightTestsClaude\\venv\\Lib\\site-packages\\_pytest\\assertion\\rewrite.py:345: in _rewrite_test\n    tree = ast.parse(source, filename=strfn)\n..\\..\\..\\..\\AppData\\Local\\Programs\\Python\\Python312\\Lib\\ast.py:52: in parse\n    return compile(source, filename, mode, flags,\nE     File \"C:\\Users\\gals\\seleniumpythontests-1\\playwright_tests\\tests\\contacts\\test_contacts_management_converted.py\", line 85\nE       @pytest.mark.contact_creation\nE   SyntaxError: expected 'except' or 'finally' block\n--------------------------------- JSON report ---------------------------------\nreport saved to: reports/test_results.json\n- Generated html report: file:///C:/Users/gals/seleniumpythontests-1/playwright_tests/tests/contacts/reports/playwright_report.html -\n=========================== short test summary info ===========================\nERROR test_contacts_management_converted.py\n!!!!!!!!!!!!!!!!!!!!!!!!!! stopping after 1 failures !!!!!!!!!!!!!!!!!!!!!!!!!!\n!!!!!!!!!!!!!!!!!!! Interrupted: 1 error during collection !!!!!!!!!!!!!!!!!!!!\n============================== 1 error in 0.29s ===============================\n",
      "error": "",
      "execution_time": 2.0710315704345703
    },
    {
      "test_name": "test_distribution.py",
      "repository": "external_wesign",
      "file_path": "C:\\Users\\gals\\seleniumpythontests-1\\playwright_tests\\tests\\distribution\\test_distribution.py",
      "status": "failed",
      "output": "============================= test session starts =============================\nplatform win32 -- Python 3.12.0, pytest-8.3.2, pluggy-1.6.0 -- C:\\Users\\gals\\Desktop\\playwrightTestsClaude\\venv\\Scripts\\python.exe\ncachedir: .pytest_cache\nbenchmark: 5.1.0 (defaults: timer=time.perf_counter disable_gc=False min_rounds=5 min_time=0.000005 max_time=1.0 calibration_precision=10 warmup=False warmup_iterations=100000)\nmetadata: {'Python': '3.12.0', 'Platform': 'Windows-11-10.0.26100-SP0', 'Packages': {'pytest': '8.3.2', 'pluggy': '1.6.0'}, 'Plugins': {'allure-pytest': '2.13.5', 'anyio': '4.10.0', 'Faker': '37.6.0', 'asyncio': '1.1.0', 'base-url': '2.1.0', 'benchmark': '5.1.0', 'cov': '6.2.1', 'html': '4.1.1', 'json-report': '1.5.0', 'metadata': '3.1.1', 'mock': '3.14.1', 'parallel': '0.1.1', 'playwright': '0.5.2', 'rerunfailures': '16.0', 'timeout': '2.4.0', 'xdist': '3.8.0', 'xvfb': '3.0.0'}, 'JAVA_HOME': 'C:\\\\Program Files\\\\Eclipse Adoptium\\\\jdk-17.0.15.6-hotspot', 'Base URL': ''}\nrootdir: C:\\Users\\gals\\seleniumpythontests-1\\playwright_tests\nconfigfile: pytest.ini\nplugins: allure-pytest-2.13.5, anyio-4.10.0, Faker-37.6.0, asyncio-1.1.0, base-url-2.1.0, benchmark-5.1.0, cov-6.2.1, html-4.1.1, json-report-1.5.0, metadata-3.1.1, mock-3.14.1, parallel-0.1.1, playwright-0.5.2, rerunfailures-16.0, timeout-2.4.0, xdist-3.8.0, xvfb-3.0.0\nasyncio: mode=Mode.AUTO, asyncio_default_fixture_loop_scope=session, asyncio_default_test_loop_scope=function\ncollecting ... collected 0 items / 1 error\n\n=================================== ERRORS ====================================\n__________ ERROR collecting tests/distribution/test_distribution.py ___________\nImportError while importing test module 'C:\\Users\\gals\\seleniumpythontests-1\\playwright_tests\\tests\\distribution\\test_distribution.py'.\nHint: make sure your test modules/packages have valid Python names.\nTraceback:\n..\\..\\..\\..\\AppData\\Local\\Programs\\Python\\Python312\\Lib\\importlib\\__init__.py:90: in import_module\n    return _bootstrap._gcd_import(name[level:], package, level)\ntest_distribution.py:19: in <module>\n    from utils.test_data_factory import TestDataFactory\n..\\..\\utils\\test_data_factory.py:11: in <module>\n    import names\nE   ModuleNotFoundError: No module named 'names'\n------------------------------- Captured stdout -------------------------------\nWarning: Could not import CommonMethods: No module named 'names'\nWarning: Could not import TestDataFactory: No module named 'names'\nWarning: Could not import PlaywrightSelfHealingOrchestrator: No module named 'names'\n--------------------------------- JSON report ---------------------------------\nreport saved to: reports/test_results.json\n- Generated html report: file:///C:/Users/gals/seleniumpythontests-1/playwright_tests/tests/distribution/reports/playwright_report.html -\n=========================== short test summary info ===========================\nERROR test_distribution.py\n!!!!!!!!!!!!!!!!!!!!!!!!!! stopping after 1 failures !!!!!!!!!!!!!!!!!!!!!!!!!!\n!!!!!!!!!!!!!!!!!!! Interrupted: 1 error during collection !!!!!!!!!!!!!!!!!!!!\n============================== 1 error in 0.40s ===============================\n",
      "error": "",
      "execution_time": 2.048752546310425
    },
    {
      "test_name": "test_distribution_converted.py",
      "repository": "external_wesign",
      "file_path": "C:\\Users\\gals\\seleniumpythontests-1\\playwright_tests\\tests\\distribution\\test_distribution_converted.py",
      "status": "failed",
      "output": "============================= test session starts =============================\nplatform win32 -- Python 3.12.0, pytest-8.3.2, pluggy-1.6.0 -- C:\\Users\\gals\\Desktop\\playwrightTestsClaude\\venv\\Scripts\\python.exe\ncachedir: .pytest_cache\nbenchmark: 5.1.0 (defaults: timer=time.perf_counter disable_gc=False min_rounds=5 min_time=0.000005 max_time=1.0 calibration_precision=10 warmup=False warmup_iterations=100000)\nmetadata: {'Python': '3.12.0', 'Platform': 'Windows-11-10.0.26100-SP0', 'Packages': {'pytest': '8.3.2', 'pluggy': '1.6.0'}, 'Plugins': {'allure-pytest': '2.13.5', 'anyio': '4.10.0', 'Faker': '37.6.0', 'asyncio': '1.1.0', 'base-url': '2.1.0', 'benchmark': '5.1.0', 'cov': '6.2.1', 'html': '4.1.1', 'json-report': '1.5.0', 'metadata': '3.1.1', 'mock': '3.14.1', 'parallel': '0.1.1', 'playwright': '0.5.2', 'rerunfailures': '16.0', 'timeout': '2.4.0', 'xdist': '3.8.0', 'xvfb': '3.0.0'}, 'JAVA_HOME': 'C:\\\\Program Files\\\\Eclipse Adoptium\\\\jdk-17.0.15.6-hotspot', 'Base URL': ''}\nrootdir: C:\\Users\\gals\\seleniumpythontests-1\\playwright_tests\nconfigfile: pytest.ini\nplugins: allure-pytest-2.13.5, anyio-4.10.0, Faker-37.6.0, asyncio-1.1.0, base-url-2.1.0, benchmark-5.1.0, cov-6.2.1, html-4.1.1, json-report-1.5.0, metadata-3.1.1, mock-3.14.1, parallel-0.1.1, playwright-0.5.2, rerunfailures-16.0, timeout-2.4.0, xdist-3.8.0, xvfb-3.0.0\nasyncio: mode=Mode.AUTO, asyncio_default_fixture_loop_scope=session, asyncio_default_test_loop_scope=function\ncollecting ... collected 0 items / 1 error\n\n=================================== ERRORS ====================================\n_____ ERROR collecting tests/distribution/test_distribution_converted.py ______\n..\\..\\..\\..\\Desktop\\playwrightTestsClaude\\venv\\Lib\\site-packages\\_pytest\\python.py:493: in importtestmodule\n    mod = import_path(\n..\\..\\..\\..\\Desktop\\playwrightTestsClaude\\venv\\Lib\\site-packages\\_pytest\\pathlib.py:582: in import_path\n    importlib.import_module(module_name)\n..\\..\\..\\..\\AppData\\Local\\Programs\\Python\\Python312\\Lib\\importlib\\__init__.py:90: in import_module\n    return _bootstrap._gcd_import(name[level:], package, level)\n<frozen importlib._bootstrap>:1381: in _gcd_import\n    ???\n<frozen importlib._bootstrap>:1354: in _find_and_load\n    ???\n<frozen importlib._bootstrap>:1325: in _find_and_load_unlocked\n    ???\n<frozen importlib._bootstrap>:929: in _load_unlocked\n    ???\n..\\..\\..\\..\\Desktop\\playwrightTestsClaude\\venv\\Lib\\site-packages\\_pytest\\assertion\\rewrite.py:165: in exec_module\n    source_stat, co = _rewrite_test(fn, self.config)\n..\\..\\..\\..\\Desktop\\playwrightTestsClaude\\venv\\Lib\\site-packages\\_pytest\\assertion\\rewrite.py:345: in _rewrite_test\n    tree = ast.parse(source, filename=strfn)\n..\\..\\..\\..\\AppData\\Local\\Programs\\Python\\Python312\\Lib\\ast.py:52: in parse\n    return compile(source, filename, mode, flags,\nE     File \"C:\\Users\\gals\\seleniumpythontests-1\\playwright_tests\\tests\\distribution\\test_distribution_converted.py\", line 85\nE       @pytest.mark.contacts\nE   SyntaxError: expected 'except' or 'finally' block\n--------------------------------- JSON report ---------------------------------\nreport saved to: reports/test_results.json\n- Generated html report: file:///C:/Users/gals/seleniumpythontests-1/playwright_tests/tests/distribution/reports/playwright_report.html -\n=========================== short test summary info ===========================\nERROR test_distribution_converted.py\n!!!!!!!!!!!!!!!!!!!!!!!!!! stopping after 1 failures !!!!!!!!!!!!!!!!!!!!!!!!!!\n!!!!!!!!!!!!!!!!!!! Interrupted: 1 error during collection !!!!!!!!!!!!!!!!!!!!\n============================== 1 error in 0.30s ===============================\n",
      "error": "",
      "execution_time": 1.8259806632995605
    },
    {
      "test_name": "test_document_editing.py",
      "repository": "external_wesign",
      "file_path": "C:\\Users\\gals\\seleniumpythontests-1\\playwright_tests\\tests\\documents\\test_document_editing.py",
      "status": "failed",
      "output": "============================= test session starts =============================\nplatform win32 -- Python 3.12.0, pytest-8.3.2, pluggy-1.6.0 -- C:\\Users\\gals\\Desktop\\playwrightTestsClaude\\venv\\Scripts\\python.exe\ncachedir: .pytest_cache\nbenchmark: 5.1.0 (defaults: timer=time.perf_counter disable_gc=False min_rounds=5 min_time=0.000005 max_time=1.0 calibration_precision=10 warmup=False warmup_iterations=100000)\nmetadata: {'Python': '3.12.0', 'Platform': 'Windows-11-10.0.26100-SP0', 'Packages': {'pytest': '8.3.2', 'pluggy': '1.6.0'}, 'Plugins': {'allure-pytest': '2.13.5', 'anyio': '4.10.0', 'Faker': '37.6.0', 'asyncio': '1.1.0', 'base-url': '2.1.0', 'benchmark': '5.1.0', 'cov': '6.2.1', 'html': '4.1.1', 'json-report': '1.5.0', 'metadata': '3.1.1', 'mock': '3.14.1', 'parallel': '0.1.1', 'playwright': '0.5.2', 'rerunfailures': '16.0', 'timeout': '2.4.0', 'xdist': '3.8.0', 'xvfb': '3.0.0'}, 'JAVA_HOME': 'C:\\\\Program Files\\\\Eclipse Adoptium\\\\jdk-17.0.15.6-hotspot', 'Base URL': ''}\nrootdir: C:\\Users\\gals\\seleniumpythontests-1\\playwright_tests\nconfigfile: pytest.ini\nplugins: allure-pytest-2.13.5, anyio-4.10.0, Faker-37.6.0, asyncio-1.1.0, base-url-2.1.0, benchmark-5.1.0, cov-6.2.1, html-4.1.1, json-report-1.5.0, metadata-3.1.1, mock-3.14.1, parallel-0.1.1, playwright-0.5.2, rerunfailures-16.0, timeout-2.4.0, xdist-3.8.0, xvfb-3.0.0\nasyncio: mode=Mode.AUTO, asyncio_default_fixture_loop_scope=session, asyncio_default_test_loop_scope=function\ncollecting ... collected 0 items / 1 error\n\n=================================== ERRORS ====================================\n__________ ERROR collecting tests/documents/test_document_editing.py __________\nImportError while importing test module 'C:\\Users\\gals\\seleniumpythontests-1\\playwright_tests\\tests\\documents\\test_document_editing.py'.\nHint: make sure your test modules/packages have valid Python names.\nTraceback:\n..\\..\\..\\..\\AppData\\Local\\Programs\\Python\\Python312\\Lib\\importlib\\__init__.py:90: in import_module\n    return _bootstrap._gcd_import(name[level:], package, level)\ntest_document_editing.py:18: in <module>\n    from utils.common_methods import CommonMethods\n..\\..\\utils\\common_methods.py:14: in <module>\n    import names\nE   ModuleNotFoundError: No module named 'names'\n------------------------------- Captured stdout -------------------------------\nWarning: Could not import CommonMethods: No module named 'names'\nWarning: Could not import TestDataFactory: No module named 'names'\nWarning: Could not import PlaywrightSelfHealingOrchestrator: No module named 'names'\n--------------------------------- JSON report ---------------------------------\nreport saved to: reports/test_results.json\n- Generated html report: file:///C:/Users/gals/seleniumpythontests-1/playwright_tests/tests/documents/reports/playwright_report.html -\n=========================== short test summary info ===========================\nERROR test_document_editing.py\n!!!!!!!!!!!!!!!!!!!!!!!!!! stopping after 1 failures !!!!!!!!!!!!!!!!!!!!!!!!!!\n!!!!!!!!!!!!!!!!!!! Interrupted: 1 error during collection !!!!!!!!!!!!!!!!!!!!\n============================== 1 error in 0.37s ===============================\n",
      "error": "",
      "execution_time": 1.9896032810211182
    },
    {
      "test_name": "test_document_editing_converted.py",
      "repository": "external_wesign",
      "file_path": "C:\\Users\\gals\\seleniumpythontests-1\\playwright_tests\\tests\\documents\\test_document_editing_converted.py",
      "status": "failed",
      "output": "============================= test session starts =============================\nplatform win32 -- Python 3.12.0, pytest-8.3.2, pluggy-1.6.0 -- C:\\Users\\gals\\Desktop\\playwrightTestsClaude\\venv\\Scripts\\python.exe\ncachedir: .pytest_cache\nbenchmark: 5.1.0 (defaults: timer=time.perf_counter disable_gc=False min_rounds=5 min_time=0.000005 max_time=1.0 calibration_precision=10 warmup=False warmup_iterations=100000)\nmetadata: {'Python': '3.12.0', 'Platform': 'Windows-11-10.0.26100-SP0', 'Packages': {'pytest': '8.3.2', 'pluggy': '1.6.0'}, 'Plugins': {'allure-pytest': '2.13.5', 'anyio': '4.10.0', 'Faker': '37.6.0', 'asyncio': '1.1.0', 'base-url': '2.1.0', 'benchmark': '5.1.0', 'cov': '6.2.1', 'html': '4.1.1', 'json-report': '1.5.0', 'metadata': '3.1.1', 'mock': '3.14.1', 'parallel': '0.1.1', 'playwright': '0.5.2', 'rerunfailures': '16.0', 'timeout': '2.4.0', 'xdist': '3.8.0', 'xvfb': '3.0.0'}, 'JAVA_HOME': 'C:\\\\Program Files\\\\Eclipse Adoptium\\\\jdk-17.0.15.6-hotspot', 'Base URL': ''}\nrootdir: C:\\Users\\gals\\seleniumpythontests-1\\playwright_tests\nconfigfile: pytest.ini\nplugins: allure-pytest-2.13.5, anyio-4.10.0, Faker-37.6.0, asyncio-1.1.0, base-url-2.1.0, benchmark-5.1.0, cov-6.2.1, html-4.1.1, json-report-1.5.0, metadata-3.1.1, mock-3.14.1, parallel-0.1.1, playwright-0.5.2, rerunfailures-16.0, timeout-2.4.0, xdist-3.8.0, xvfb-3.0.0\nasyncio: mode=Mode.AUTO, asyncio_default_fixture_loop_scope=session, asyncio_default_test_loop_scope=function\ncollecting ... collected 0 items / 1 error\n\n=================================== ERRORS ====================================\n_____ ERROR collecting tests/documents/test_document_editing_converted.py _____\nImportError while importing test module 'C:\\Users\\gals\\seleniumpythontests-1\\playwright_tests\\tests\\documents\\test_document_editing_converted.py'.\nHint: make sure your test modules/packages have valid Python names.\nTraceback:\n..\\..\\..\\..\\AppData\\Local\\Programs\\Python\\Python312\\Lib\\importlib\\__init__.py:90: in import_module\n    return _bootstrap._gcd_import(name[level:], package, level)\ntest_document_editing_converted.py:18: in <module>\n    from utils.common_methods import CommonMethods\n..\\..\\utils\\common_methods.py:14: in <module>\n    import names\nE   ModuleNotFoundError: No module named 'names'\n------------------------------- Captured stdout -------------------------------\nWarning: Could not import CommonMethods: No module named 'names'\nWarning: Could not import TestDataFactory: No module named 'names'\nWarning: Could not import PlaywrightSelfHealingOrchestrator: No module named 'names'\n--------------------------------- JSON report ---------------------------------\nreport saved to: reports/test_results.json\n- Generated html report: file:///C:/Users/gals/seleniumpythontests-1/playwright_tests/tests/documents/reports/playwright_report.html -\n=========================== short test summary info ===========================\nERROR test_document_editing_converted.py\n!!!!!!!!!!!!!!!!!!!!!!!!!! stopping after 1 failures !!!!!!!!!!!!!!!!!!!!!!!!!!\n!!!!!!!!!!!!!!!!!!! Interrupted: 1 error during collection !!!!!!!!!!!!!!!!!!!!\n============================== 1 error in 0.36s ===============================\n",
      "error": "",
      "execution_time": 1.975452184677124
    },
    {
      "test_name": "test_document_management.py",
      "repository": "external_wesign",
      "file_path": "C:\\Users\\gals\\seleniumpythontests-1\\playwright_tests\\tests\\documents\\test_document_management.py",
      "status": "failed",
      "output": "============================= test session starts =============================\nplatform win32 -- Python 3.12.0, pytest-8.3.2, pluggy-1.6.0 -- C:\\Users\\gals\\Desktop\\playwrightTestsClaude\\venv\\Scripts\\python.exe\ncachedir: .pytest_cache\nbenchmark: 5.1.0 (defaults: timer=time.perf_counter disable_gc=False min_rounds=5 min_time=0.000005 max_time=1.0 calibration_precision=10 warmup=False warmup_iterations=100000)\nmetadata: {'Python': '3.12.0', 'Platform': 'Windows-11-10.0.26100-SP0', 'Packages': {'pytest': '8.3.2', 'pluggy': '1.6.0'}, 'Plugins': {'allure-pytest': '2.13.5', 'anyio': '4.10.0', 'Faker': '37.6.0', 'asyncio': '1.1.0', 'base-url': '2.1.0', 'benchmark': '5.1.0', 'cov': '6.2.1', 'html': '4.1.1', 'json-report': '1.5.0', 'metadata': '3.1.1', 'mock': '3.14.1', 'parallel': '0.1.1', 'playwright': '0.5.2', 'rerunfailures': '16.0', 'timeout': '2.4.0', 'xdist': '3.8.0', 'xvfb': '3.0.0'}, 'JAVA_HOME': 'C:\\\\Program Files\\\\Eclipse Adoptium\\\\jdk-17.0.15.6-hotspot', 'Base URL': ''}\nrootdir: C:\\Users\\gals\\seleniumpythontests-1\\playwright_tests\nconfigfile: pytest.ini\nplugins: allure-pytest-2.13.5, anyio-4.10.0, Faker-37.6.0, asyncio-1.1.0, base-url-2.1.0, benchmark-5.1.0, cov-6.2.1, html-4.1.1, json-report-1.5.0, metadata-3.1.1, mock-3.14.1, parallel-0.1.1, playwright-0.5.2, rerunfailures-16.0, timeout-2.4.0, xdist-3.8.0, xvfb-3.0.0\nasyncio: mode=Mode.AUTO, asyncio_default_fixture_loop_scope=session, asyncio_default_test_loop_scope=function\ncollecting ... collected 0 items / 1 error\n\n=================================== ERRORS ====================================\n________ ERROR collecting tests/documents/test_document_management.py _________\nImportError while importing test module 'C:\\Users\\gals\\seleniumpythontests-1\\playwright_tests\\tests\\documents\\test_document_management.py'.\nHint: make sure your test modules/packages have valid Python names.\nTraceback:\n..\\..\\..\\..\\AppData\\Local\\Programs\\Python\\Python312\\Lib\\importlib\\__init__.py:90: in import_module\n    return _bootstrap._gcd_import(name[level:], package, level)\ntest_document_management.py:17: in <module>\n    from utils.common_methods import CommonMethods\n..\\..\\utils\\common_methods.py:14: in <module>\n    import names\nE   ModuleNotFoundError: No module named 'names'\n------------------------------- Captured stdout -------------------------------\nWarning: Could not import CommonMethods: No module named 'names'\nWarning: Could not import TestDataFactory: No module named 'names'\nWarning: Could not import PlaywrightSelfHealingOrchestrator: No module named 'names'\n--------------------------------- JSON report ---------------------------------\nreport saved to: reports/test_results.json\n- Generated html report: file:///C:/Users/gals/seleniumpythontests-1/playwright_tests/tests/documents/reports/playwright_report.html -\n=========================== short test summary info ===========================\nERROR test_document_management.py\n!!!!!!!!!!!!!!!!!!!!!!!!!! stopping after 1 failures !!!!!!!!!!!!!!!!!!!!!!!!!!\n!!!!!!!!!!!!!!!!!!! Interrupted: 1 error during collection !!!!!!!!!!!!!!!!!!!!\n============================== 1 error in 0.34s ===============================\n",
      "error": "",
      "execution_time": 1.926278829574585
    },
    {
      "test_name": "test_document_management_converted.py",
      "repository": "external_wesign",
      "file_path": "C:\\Users\\gals\\seleniumpythontests-1\\playwright_tests\\tests\\documents\\test_document_management_converted.py",
      "status": "failed",
      "output": "============================= test session starts =============================\nplatform win32 -- Python 3.12.0, pytest-8.3.2, pluggy-1.6.0 -- C:\\Users\\gals\\Desktop\\playwrightTestsClaude\\venv\\Scripts\\python.exe\ncachedir: .pytest_cache\nbenchmark: 5.1.0 (defaults: timer=time.perf_counter disable_gc=False min_rounds=5 min_time=0.000005 max_time=1.0 calibration_precision=10 warmup=False warmup_iterations=100000)\nmetadata: {'Python': '3.12.0', 'Platform': 'Windows-11-10.0.26100-SP0', 'Packages': {'pytest': '8.3.2', 'pluggy': '1.6.0'}, 'Plugins': {'allure-pytest': '2.13.5', 'anyio': '4.10.0', 'Faker': '37.6.0', 'asyncio': '1.1.0', 'base-url': '2.1.0', 'benchmark': '5.1.0', 'cov': '6.2.1', 'html': '4.1.1', 'json-report': '1.5.0', 'metadata': '3.1.1', 'mock': '3.14.1', 'parallel': '0.1.1', 'playwright': '0.5.2', 'rerunfailures': '16.0', 'timeout': '2.4.0', 'xdist': '3.8.0', 'xvfb': '3.0.0'}, 'JAVA_HOME': 'C:\\\\Program Files\\\\Eclipse Adoptium\\\\jdk-17.0.15.6-hotspot', 'Base URL': ''}\nrootdir: C:\\Users\\gals\\seleniumpythontests-1\\playwright_tests\nconfigfile: pytest.ini\nplugins: allure-pytest-2.13.5, anyio-4.10.0, Faker-37.6.0, asyncio-1.1.0, base-url-2.1.0, benchmark-5.1.0, cov-6.2.1, html-4.1.1, json-report-1.5.0, metadata-3.1.1, mock-3.14.1, parallel-0.1.1, playwright-0.5.2, rerunfailures-16.0, timeout-2.4.0, xdist-3.8.0, xvfb-3.0.0\nasyncio: mode=Mode.AUTO, asyncio_default_fixture_loop_scope=session, asyncio_default_test_loop_scope=function\ncollecting ... collected 0 items / 1 error\n\n=================================== ERRORS ====================================\n___ ERROR collecting tests/documents/test_document_management_converted.py ____\nImportError while importing test module 'C:\\Users\\gals\\seleniumpythontests-1\\playwright_tests\\tests\\documents\\test_document_management_converted.py'.\nHint: make sure your test modules/packages have valid Python names.\nTraceback:\n..\\..\\..\\..\\AppData\\Local\\Programs\\Python\\Python312\\Lib\\importlib\\__init__.py:90: in import_module\n    return _bootstrap._gcd_import(name[level:], package, level)\ntest_document_management_converted.py:17: in <module>\n    from utils.common_methods import CommonMethods\n..\\..\\utils\\common_methods.py:14: in <module>\n    import names\nE   ModuleNotFoundError: No module named 'names'\n------------------------------- Captured stdout -------------------------------\nWarning: Could not import CommonMethods: No module named 'names'\nWarning: Could not import TestDataFactory: No module named 'names'\nWarning: Could not import PlaywrightSelfHealingOrchestrator: No module named 'names'\n--------------------------------- JSON report ---------------------------------\nreport saved to: reports/test_results.json\n- Generated html report: file:///C:/Users/gals/seleniumpythontests-1/playwright_tests/tests/documents/reports/playwright_report.html -\n=========================== short test summary info ===========================\nERROR test_document_management_converted.py\n!!!!!!!!!!!!!!!!!!!!!!!!!! stopping after 1 failures !!!!!!!!!!!!!!!!!!!!!!!!!!\n!!!!!!!!!!!!!!!!!!! Interrupted: 1 error during collection !!!!!!!!!!!!!!!!!!!!\n============================== 1 error in 0.39s ===============================\n",
      "error": "",
      "execution_time": 2.021697998046875
    },
    {
      "test_name": "test_file_operations.py",
      "repository": "external_wesign",
      "file_path": "C:\\Users\\gals\\seleniumpythontests-1\\playwright_tests\\tests\\files\\test_file_operations.py",
      "status": "failed",
      "output": "============================= test session starts =============================\nplatform win32 -- Python 3.12.0, pytest-8.3.2, pluggy-1.6.0 -- C:\\Users\\gals\\Desktop\\playwrightTestsClaude\\venv\\Scripts\\python.exe\ncachedir: .pytest_cache\nbenchmark: 5.1.0 (defaults: timer=time.perf_counter disable_gc=False min_rounds=5 min_time=0.000005 max_time=1.0 calibration_precision=10 warmup=False warmup_iterations=100000)\nmetadata: {'Python': '3.12.0', 'Platform': 'Windows-11-10.0.26100-SP0', 'Packages': {'pytest': '8.3.2', 'pluggy': '1.6.0'}, 'Plugins': {'allure-pytest': '2.13.5', 'anyio': '4.10.0', 'Faker': '37.6.0', 'asyncio': '1.1.0', 'base-url': '2.1.0', 'benchmark': '5.1.0', 'cov': '6.2.1', 'html': '4.1.1', 'json-report': '1.5.0', 'metadata': '3.1.1', 'mock': '3.14.1', 'parallel': '0.1.1', 'playwright': '0.5.2', 'rerunfailures': '16.0', 'timeout': '2.4.0', 'xdist': '3.8.0', 'xvfb': '3.0.0'}, 'JAVA_HOME': 'C:\\\\Program Files\\\\Eclipse Adoptium\\\\jdk-17.0.15.6-hotspot', 'Base URL': ''}\nrootdir: C:\\Users\\gals\\seleniumpythontests-1\\playwright_tests\nconfigfile: pytest.ini\nplugins: allure-pytest-2.13.5, anyio-4.10.0, Faker-37.6.0, asyncio-1.1.0, base-url-2.1.0, benchmark-5.1.0, cov-6.2.1, html-4.1.1, json-report-1.5.0, metadata-3.1.1, mock-3.14.1, parallel-0.1.1, playwright-0.5.2, rerunfailures-16.0, timeout-2.4.0, xdist-3.8.0, xvfb-3.0.0\nasyncio: mode=Mode.AUTO, asyncio_default_fixture_loop_scope=session, asyncio_default_test_loop_scope=function\ncollecting ... collected 0 items / 1 error\n\n=================================== ERRORS ====================================\n____________ ERROR collecting tests/files/test_file_operations.py _____________\nImportError while importing test module 'C:\\Users\\gals\\seleniumpythontests-1\\playwright_tests\\tests\\files\\test_file_operations.py'.\nHint: make sure your test modules/packages have valid Python names.\nTraceback:\n..\\..\\..\\..\\AppData\\Local\\Programs\\Python\\Python312\\Lib\\importlib\\__init__.py:90: in import_module\n    return _bootstrap._gcd_import(name[level:], package, level)\ntest_file_operations.py:20: in <module>\n    from utils.test_data_factory import TestDataFactory\n..\\..\\utils\\test_data_factory.py:11: in <module>\n    import names\nE   ModuleNotFoundError: No module named 'names'\n------------------------------- Captured stdout -------------------------------\nWarning: Could not import CommonMethods: No module named 'names'\nWarning: Could not import TestDataFactory: No module named 'names'\nWarning: Could not import PlaywrightSelfHealingOrchestrator: No module named 'names'\n--------------------------------- JSON report ---------------------------------\nreport saved to: reports/test_results.json\n- Generated html report: file:///C:/Users/gals/seleniumpythontests-1/playwright_tests/tests/files/reports/playwright_report.html -\n=========================== short test summary info ===========================\nERROR test_file_operations.py\n!!!!!!!!!!!!!!!!!!!!!!!!!! stopping after 1 failures !!!!!!!!!!!!!!!!!!!!!!!!!!\n!!!!!!!!!!!!!!!!!!! Interrupted: 1 error during collection !!!!!!!!!!!!!!!!!!!!\n============================== 1 error in 0.34s ===============================\n",
      "error": "",
      "execution_time": 1.8886022567749023
    },
    {
      "test_name": "test_file_operations_converted.py",
      "repository": "external_wesign",
      "file_path": "C:\\Users\\gals\\seleniumpythontests-1\\playwright_tests\\tests\\files\\test_file_operations_converted.py",
      "status": "failed",
      "output": "============================= test session starts =============================\nplatform win32 -- Python 3.12.0, pytest-8.3.2, pluggy-1.6.0 -- C:\\Users\\gals\\Desktop\\playwrightTestsClaude\\venv\\Scripts\\python.exe\ncachedir: .pytest_cache\nbenchmark: 5.1.0 (defaults: timer=time.perf_counter disable_gc=False min_rounds=5 min_time=0.000005 max_time=1.0 calibration_precision=10 warmup=False warmup_iterations=100000)\nmetadata: {'Python': '3.12.0', 'Platform': 'Windows-11-10.0.26100-SP0', 'Packages': {'pytest': '8.3.2', 'pluggy': '1.6.0'}, 'Plugins': {'allure-pytest': '2.13.5', 'anyio': '4.10.0', 'Faker': '37.6.0', 'asyncio': '1.1.0', 'base-url': '2.1.0', 'benchmark': '5.1.0', 'cov': '6.2.1', 'html': '4.1.1', 'json-report': '1.5.0', 'metadata': '3.1.1', 'mock': '3.14.1', 'parallel': '0.1.1', 'playwright': '0.5.2', 'rerunfailures': '16.0', 'timeout': '2.4.0', 'xdist': '3.8.0', 'xvfb': '3.0.0'}, 'JAVA_HOME': 'C:\\\\Program Files\\\\Eclipse Adoptium\\\\jdk-17.0.15.6-hotspot', 'Base URL': ''}\nrootdir: C:\\Users\\gals\\seleniumpythontests-1\\playwright_tests\nconfigfile: pytest.ini\nplugins: allure-pytest-2.13.5, anyio-4.10.0, Faker-37.6.0, asyncio-1.1.0, base-url-2.1.0, benchmark-5.1.0, cov-6.2.1, html-4.1.1, json-report-1.5.0, metadata-3.1.1, mock-3.14.1, parallel-0.1.1, playwright-0.5.2, rerunfailures-16.0, timeout-2.4.0, xdist-3.8.0, xvfb-3.0.0\nasyncio: mode=Mode.AUTO, asyncio_default_fixture_loop_scope=session, asyncio_default_test_loop_scope=function\ncollecting ... collected 0 items / 1 error\n\n=================================== ERRORS ====================================\n_______ ERROR collecting tests/files/test_file_operations_converted.py ________\n..\\..\\..\\..\\Desktop\\playwrightTestsClaude\\venv\\Lib\\site-packages\\_pytest\\python.py:493: in importtestmodule\n    mod = import_path(\n..\\..\\..\\..\\Desktop\\playwrightTestsClaude\\venv\\Lib\\site-packages\\_pytest\\pathlib.py:582: in import_path\n    importlib.import_module(module_name)\n..\\..\\..\\..\\AppData\\Local\\Programs\\Python\\Python312\\Lib\\importlib\\__init__.py:90: in import_module\n    return _bootstrap._gcd_import(name[level:], package, level)\n<frozen importlib._bootstrap>:1381: in _gcd_import\n    ???\n<frozen importlib._bootstrap>:1354: in _find_and_load\n    ???\n<frozen importlib._bootstrap>:1325: in _find_and_load_unlocked\n    ???\n<frozen importlib._bootstrap>:929: in _load_unlocked\n    ???\n..\\..\\..\\..\\Desktop\\playwrightTestsClaude\\venv\\Lib\\site-packages\\_pytest\\assertion\\rewrite.py:165: in exec_module\n    source_stat, co = _rewrite_test(fn, self.config)\n..\\..\\..\\..\\Desktop\\playwrightTestsClaude\\venv\\Lib\\site-packages\\_pytest\\assertion\\rewrite.py:345: in _rewrite_test\n    tree = ast.parse(source, filename=strfn)\n..\\..\\..\\..\\AppData\\Local\\Programs\\Python\\Python312\\Lib\\ast.py:52: in parse\n    return compile(source, filename, mode, flags,\nE     File \"C:\\Users\\gals\\seleniumpythontests-1\\playwright_tests\\tests\\files\\test_file_operations_converted.py\", line 76\nE       @pytest.mark.upload\nE   SyntaxError: expected 'except' or 'finally' block\n--------------------------------- JSON report ---------------------------------\nreport saved to: reports/test_results.json\n- Generated html report: file:///C:/Users/gals/seleniumpythontests-1/playwright_tests/tests/files/reports/playwright_report.html -\n=========================== short test summary info ===========================\nERROR test_file_operations_converted.py\n!!!!!!!!!!!!!!!!!!!!!!!!!! stopping after 1 failures !!!!!!!!!!!!!!!!!!!!!!!!!!\n!!!!!!!!!!!!!!!!!!! Interrupted: 1 error during collection !!!!!!!!!!!!!!!!!!!!\n============================== 1 error in 0.32s ===============================\n",
      "error": "",
      "execution_time": 1.900935173034668
    },
    {
      "test_name": "test_merge_files.py",
      "repository": "external_wesign",
      "file_path": "C:\\Users\\gals\\seleniumpythontests-1\\playwright_tests\\tests\\file_operations\\test_merge_files.py",
      "status": "failed",
      "output": "============================= test session starts =============================\nplatform win32 -- Python 3.12.0, pytest-8.3.2, pluggy-1.6.0 -- C:\\Users\\gals\\Desktop\\playwrightTestsClaude\\venv\\Scripts\\python.exe\ncachedir: .pytest_cache\nbenchmark: 5.1.0 (defaults: timer=time.perf_counter disable_gc=False min_rounds=5 min_time=0.000005 max_time=1.0 calibration_precision=10 warmup=False warmup_iterations=100000)\nmetadata: {'Python': '3.12.0', 'Platform': 'Windows-11-10.0.26100-SP0', 'Packages': {'pytest': '8.3.2', 'pluggy': '1.6.0'}, 'Plugins': {'allure-pytest': '2.13.5', 'anyio': '4.10.0', 'Faker': '37.6.0', 'asyncio': '1.1.0', 'base-url': '2.1.0', 'benchmark': '5.1.0', 'cov': '6.2.1', 'html': '4.1.1', 'json-report': '1.5.0', 'metadata': '3.1.1', 'mock': '3.14.1', 'parallel': '0.1.1', 'playwright': '0.5.2', 'rerunfailures': '16.0', 'timeout': '2.4.0', 'xdist': '3.8.0', 'xvfb': '3.0.0'}, 'JAVA_HOME': 'C:\\\\Program Files\\\\Eclipse Adoptium\\\\jdk-17.0.15.6-hotspot', 'Base URL': ''}\nrootdir: C:\\Users\\gals\\seleniumpythontests-1\\playwright_tests\nconfigfile: pytest.ini\nplugins: allure-pytest-2.13.5, anyio-4.10.0, Faker-37.6.0, asyncio-1.1.0, base-url-2.1.0, benchmark-5.1.0, cov-6.2.1, html-4.1.1, json-report-1.5.0, metadata-3.1.1, mock-3.14.1, parallel-0.1.1, playwright-0.5.2, rerunfailures-16.0, timeout-2.4.0, xdist-3.8.0, xvfb-3.0.0\nasyncio: mode=Mode.AUTO, asyncio_default_fixture_loop_scope=session, asyncio_default_test_loop_scope=function\ncollecting ... collected 0 items / 1 error\n\n=================================== ERRORS ====================================\n_________ ERROR collecting tests/file_operations/test_merge_files.py __________\nImportError while importing test module 'C:\\Users\\gals\\seleniumpythontests-1\\playwright_tests\\tests\\file_operations\\test_merge_files.py'.\nHint: make sure your test modules/packages have valid Python names.\nTraceback:\n..\\..\\..\\..\\AppData\\Local\\Programs\\Python\\Python312\\Lib\\importlib\\__init__.py:90: in import_module\n    return _bootstrap._gcd_import(name[level:], package, level)\ntest_merge_files.py:13: in <module>\n    from utils.common_methods import CommonMethods\n..\\..\\utils\\common_methods.py:14: in <module>\n    import names\nE   ModuleNotFoundError: No module named 'names'\n------------------------------- Captured stdout -------------------------------\nWarning: Could not import CommonMethods: No module named 'names'\nWarning: Could not import TestDataFactory: No module named 'names'\nWarning: Could not import FileHandler: No module named 'playwright_tests'\nWarning: Could not import PlaywrightSelfHealingOrchestrator: No module named 'names'\n--------------------------------- JSON report ---------------------------------\nreport saved to: reports/test_results.json\n- Generated html report: file:///C:/Users/gals/seleniumpythontests-1/playwright_tests/tests/file_operations/reports/playwright_report.html -\n=========================== short test summary info ===========================\nERROR test_merge_files.py\n!!!!!!!!!!!!!!!!!!!!!!!!!! stopping after 1 failures !!!!!!!!!!!!!!!!!!!!!!!!!!\n!!!!!!!!!!!!!!!!!!! Interrupted: 1 error during collection !!!!!!!!!!!!!!!!!!!!\n============================== 1 error in 0.33s ===============================\n",
      "error": "",
      "execution_time": 1.8620898723602295
    },
    {
      "test_name": "test_merge_files_converted.py",
      "repository": "external_wesign",
      "file_path": "C:\\Users\\gals\\seleniumpythontests-1\\playwright_tests\\tests\\file_operations\\test_merge_files_converted.py",
      "status": "failed",
      "output": "============================= test session starts =============================\nplatform win32 -- Python 3.12.0, pytest-8.3.2, pluggy-1.6.0 -- C:\\Users\\gals\\Desktop\\playwrightTestsClaude\\venv\\Scripts\\python.exe\ncachedir: .pytest_cache\nbenchmark: 5.1.0 (defaults: timer=time.perf_counter disable_gc=False min_rounds=5 min_time=0.000005 max_time=1.0 calibration_precision=10 warmup=False warmup_iterations=100000)\nmetadata: {'Python': '3.12.0', 'Platform': 'Windows-11-10.0.26100-SP0', 'Packages': {'pytest': '8.3.2', 'pluggy': '1.6.0'}, 'Plugins': {'allure-pytest': '2.13.5', 'anyio': '4.10.0', 'Faker': '37.6.0', 'asyncio': '1.1.0', 'base-url': '2.1.0', 'benchmark': '5.1.0', 'cov': '6.2.1', 'html': '4.1.1', 'json-report': '1.5.0', 'metadata': '3.1.1', 'mock': '3.14.1', 'parallel': '0.1.1', 'playwright': '0.5.2', 'rerunfailures': '16.0', 'timeout': '2.4.0', 'xdist': '3.8.0', 'xvfb': '3.0.0'}, 'JAVA_HOME': 'C:\\\\Program Files\\\\Eclipse Adoptium\\\\jdk-17.0.15.6-hotspot', 'Base URL': ''}\nrootdir: C:\\Users\\gals\\seleniumpythontests-1\\playwright_tests\nconfigfile: pytest.ini\nplugins: allure-pytest-2.13.5, anyio-4.10.0, Faker-37.6.0, asyncio-1.1.0, base-url-2.1.0, benchmark-5.1.0, cov-6.2.1, html-4.1.1, json-report-1.5.0, metadata-3.1.1, mock-3.14.1, parallel-0.1.1, playwright-0.5.2, rerunfailures-16.0, timeout-2.4.0, xdist-3.8.0, xvfb-3.0.0\nasyncio: mode=Mode.AUTO, asyncio_default_fixture_loop_scope=session, asyncio_default_test_loop_scope=function\ncollecting ... collected 0 items / 1 error\n\n=================================== ERRORS ====================================\n____ ERROR collecting tests/file_operations/test_merge_files_converted.py _____\n..\\..\\..\\..\\Desktop\\playwrightTestsClaude\\venv\\Lib\\site-packages\\_pytest\\python.py:493: in importtestmodule\n    mod = import_path(\n..\\..\\..\\..\\Desktop\\playwrightTestsClaude\\venv\\Lib\\site-packages\\_pytest\\pathlib.py:582: in import_path\n    importlib.import_module(module_name)\n..\\..\\..\\..\\AppData\\Local\\Programs\\Python\\Python312\\Lib\\importlib\\__init__.py:90: in import_module\n    return _bootstrap._gcd_import(name[level:], package, level)\n<frozen importlib._bootstrap>:1381: in _gcd_import\n    ???\n<frozen importlib._bootstrap>:1354: in _find_and_load\n    ???\n<frozen importlib._bootstrap>:1325: in _find_and_load_unlocked\n    ???\n<frozen importlib._bootstrap>:929: in _load_unlocked\n    ???\n..\\..\\..\\..\\Desktop\\playwrightTestsClaude\\venv\\Lib\\site-packages\\_pytest\\assertion\\rewrite.py:165: in exec_module\n    source_stat, co = _rewrite_test(fn, self.config)\n..\\..\\..\\..\\Desktop\\playwrightTestsClaude\\venv\\Lib\\site-packages\\_pytest\\assertion\\rewrite.py:345: in _rewrite_test\n    tree = ast.parse(source, filename=strfn)\n..\\..\\..\\..\\AppData\\Local\\Programs\\Python\\Python312\\Lib\\ast.py:52: in parse\n    return compile(source, filename, mode, flags,\nE     File \"C:\\Users\\gals\\seleniumpythontests-1\\playwright_tests\\tests\\file_operations\\test_merge_files_converted.py\", line 83\nE       @pytest.mark.smoke\nE   SyntaxError: expected 'except' or 'finally' block\n--------------------------------- JSON report ---------------------------------\nreport saved to: reports/test_results.json\n- Generated html report: file:///C:/Users/gals/seleniumpythontests-1/playwright_tests/tests/file_operations/reports/playwright_report.html -\n=========================== short test summary info ===========================\nERROR test_merge_files_converted.py\n!!!!!!!!!!!!!!!!!!!!!!!!!! stopping after 1 failures !!!!!!!!!!!!!!!!!!!!!!!!!!\n!!!!!!!!!!!!!!!!!!! Interrupted: 1 error during collection !!!!!!!!!!!!!!!!!!!!\n============================== 1 error in 0.28s ===============================\n",
      "error": "",
      "execution_time": 1.8035590648651123
    },
    {
      "test_name": "test_final_integration_scenarios.py",
      "repository": "external_wesign",
      "file_path": "C:\\Users\\gals\\seleniumpythontests-1\\playwright_tests\\tests\\integration\\test_final_integration_scenarios.py",
      "status": "failed",
      "output": "============================= test session starts =============================\nplatform win32 -- Python 3.12.0, pytest-8.3.2, pluggy-1.6.0 -- C:\\Users\\gals\\Desktop\\playwrightTestsClaude\\venv\\Scripts\\python.exe\ncachedir: .pytest_cache\nbenchmark: 5.1.0 (defaults: timer=time.perf_counter disable_gc=False min_rounds=5 min_time=0.000005 max_time=1.0 calibration_precision=10 warmup=False warmup_iterations=100000)\nmetadata: {'Python': '3.12.0', 'Platform': 'Windows-11-10.0.26100-SP0', 'Packages': {'pytest': '8.3.2', 'pluggy': '1.6.0'}, 'Plugins': {'allure-pytest': '2.13.5', 'anyio': '4.10.0', 'Faker': '37.6.0', 'asyncio': '1.1.0', 'base-url': '2.1.0', 'benchmark': '5.1.0', 'cov': '6.2.1', 'html': '4.1.1', 'json-report': '1.5.0', 'metadata': '3.1.1', 'mock': '3.14.1', 'parallel': '0.1.1', 'playwright': '0.5.2', 'rerunfailures': '16.0', 'timeout': '2.4.0', 'xdist': '3.8.0', 'xvfb': '3.0.0'}, 'JAVA_HOME': 'C:\\\\Program Files\\\\Eclipse Adoptium\\\\jdk-17.0.15.6-hotspot', 'Base URL': ''}\nrootdir: C:\\Users\\gals\\seleniumpythontests-1\\playwright_tests\nconfigfile: pytest.ini\nplugins: allure-pytest-2.13.5, anyio-4.10.0, Faker-37.6.0, asyncio-1.1.0, base-url-2.1.0, benchmark-5.1.0, cov-6.2.1, html-4.1.1, json-report-1.5.0, metadata-3.1.1, mock-3.14.1, parallel-0.1.1, playwright-0.5.2, rerunfailures-16.0, timeout-2.4.0, xdist-3.8.0, xvfb-3.0.0\nasyncio: mode=Mode.AUTO, asyncio_default_fixture_loop_scope=session, asyncio_default_test_loop_scope=function\ncollecting ... collected 6 items\n\ntest_final_integration_scenarios.py::TestFinalIntegrationScenarios::test_end_to_end_complete_document_lifecycle ERROR [ 16%]\n\n=================================== ERRORS ====================================\n_ ERROR at setup of TestFinalIntegrationScenarios.test_end_to_end_complete_document_lifecycle _\nfile C:\\Users\\gals\\seleniumpythontests-1\\playwright_tests\\tests\\integration\\test_final_integration_scenarios.py, line 34\n      async def test_end_to_end_complete_document_lifecycle(self):\n          \"\"\"Test complete document lifecycle from creation to archive\"\"\"\n          try:\n              # This test covers the complete document lifecycle\n              lifecycle_stages = [\n                  'document_upload',\n                  'field_placement',\n                  'recipient_configuration',\n                  'sending_for_signature',\n                  'signature_completion',\n                  'document_finalization',\n                  'archival_process'\n              ]\n\n              completed_stages = []\n\n              for stage in lifecycle_stages:\n                  stage_result = await self._execute_lifecycle_stage(stage)\n                  if stage_result:\n                      completed_stages.append(stage)\n\n              assert len(completed_stages) >= 3, f\"Should complete multiple lifecycle stages. Completed: {completed_stages}\"\n\n          except Exception as e:\n              print(f\"End-to-end lifecycle test failed: {str(e)}\")\n\n          assert True, \"Complete document lifecycle test structure validated\"\nfile C:\\Users\\gals\\seleniumpythontests-1\\playwright_tests\\tests\\integration\\test_final_integration_scenarios.py, line 24\n      @pytest.fixture(autouse=True)\n      async def setup(self, page: Page, login_session):\n          \"\"\"Setup test fixtures\"\"\"\n          self.page = page\n          self.config = get_test_config()\n          self.home_page = HomePage(page)\n\n          await self.home_page.navigate_to_dashboard()\n          await asyncio.sleep(1)\nE       fixture 'login_session' not found\n>       available fixtures: _artifacts_recorder, _class_scoped_runner, _function_scoped_runner, _module_scoped_runner, _package_scoped_runner, _pw_artifacts_folder, _session_faker, _session_scoped_runner, _verify_url, anyio_backend, anyio_backend_name, anyio_backend_options, authenticated_page, base_url, benchmark, benchmark_weave, browser, browser_channel, browser_context_args, browser_name, browser_type, browser_type_launch_args, cache, capfd, capfdbinary, caplog, capsys, capsysbinary, class_mocker, context, cov, delete_output_dir, device, doctest_namespace, event_loop_policy, extra, extras, faker, free_tcp_port, free_tcp_port_factory, free_udp_port, free_udp_port_factory, include_metadata_in_junit_xml, is_chromium, is_firefox, is_webkit, json_metadata, launch_browser, metadata, mocker, module_mocker, monkeypatch, new_context, no_cover, package_mocker, page, performance_monitor, playwright, pytestconfig, record_property, record_testsuite_property, record_xml_attribute, recwarn, session_mocker, setup, testrun_uid, tmp_path, tmp_path_factory, tmpdir, tmpdir_factory, unused_tcp_port, unused_tcp_port_factory, unused_udp_port, unused_udp_port_factory, worker_id, xvfb\n>       use 'pytest --fixtures [testpath]' for help on them.\n\nC:\\Users\\gals\\seleniumpythontests-1\\playwright_tests\\tests\\integration\\test_final_integration_scenarios.py:24\n---------------------------- Captured stdout setup ----------------------------\nBrowser mode: HEADLESS (hidden)\n--------------------------------- JSON report ---------------------------------\nreport saved to: reports/test_results.json\n- Generated html report: file:///C:/Users/gals/seleniumpythontests-1/playwright_tests/tests/integration/reports/playwright_report.html -\n=========================== short test summary info ===========================\nERROR test_final_integration_scenarios.py::TestFinalIntegrationScenarios::test_end_to_end_complete_document_lifecycle\n!!!!!!!!!!!!!!!!!!!!!!!!!! stopping after 1 failures !!!!!!!!!!!!!!!!!!!!!!!!!!\n============================== 1 error in 1.30s ===============================\n",
      "error": "",
      "execution_time": 2.9202773571014404
    },
    {
      "test_name": "test_final_integration_scenarios_converted.py",
      "repository": "external_wesign",
      "file_path": "C:\\Users\\gals\\seleniumpythontests-1\\playwright_tests\\tests\\integration\\test_final_integration_scenarios_converted.py",
      "status": "failed",
      "output": "============================= test session starts =============================\nplatform win32 -- Python 3.12.0, pytest-8.3.2, pluggy-1.6.0 -- C:\\Users\\gals\\Desktop\\playwrightTestsClaude\\venv\\Scripts\\python.exe\ncachedir: .pytest_cache\nbenchmark: 5.1.0 (defaults: timer=time.perf_counter disable_gc=False min_rounds=5 min_time=0.000005 max_time=1.0 calibration_precision=10 warmup=False warmup_iterations=100000)\nmetadata: {'Python': '3.12.0', 'Platform': 'Windows-11-10.0.26100-SP0', 'Packages': {'pytest': '8.3.2', 'pluggy': '1.6.0'}, 'Plugins': {'allure-pytest': '2.13.5', 'anyio': '4.10.0', 'Faker': '37.6.0', 'asyncio': '1.1.0', 'base-url': '2.1.0', 'benchmark': '5.1.0', 'cov': '6.2.1', 'html': '4.1.1', 'json-report': '1.5.0', 'metadata': '3.1.1', 'mock': '3.14.1', 'parallel': '0.1.1', 'playwright': '0.5.2', 'rerunfailures': '16.0', 'timeout': '2.4.0', 'xdist': '3.8.0', 'xvfb': '3.0.0'}, 'JAVA_HOME': 'C:\\\\Program Files\\\\Eclipse Adoptium\\\\jdk-17.0.15.6-hotspot', 'Base URL': ''}\nrootdir: C:\\Users\\gals\\seleniumpythontests-1\\playwright_tests\nconfigfile: pytest.ini\nplugins: allure-pytest-2.13.5, anyio-4.10.0, Faker-37.6.0, asyncio-1.1.0, base-url-2.1.0, benchmark-5.1.0, cov-6.2.1, html-4.1.1, json-report-1.5.0, metadata-3.1.1, mock-3.14.1, parallel-0.1.1, playwright-0.5.2, rerunfailures-16.0, timeout-2.4.0, xdist-3.8.0, xvfb-3.0.0\nasyncio: mode=Mode.AUTO, asyncio_default_fixture_loop_scope=session, asyncio_default_test_loop_scope=function\ncollecting ... collected 0 items / 1 error\n\n=================================== ERRORS ====================================\n_ ERROR collecting tests/integration/test_final_integration_scenarios_converted.py _\n..\\..\\..\\..\\Desktop\\playwrightTestsClaude\\venv\\Lib\\site-packages\\_pytest\\python.py:493: in importtestmodule\n    mod = import_path(\n..\\..\\..\\..\\Desktop\\playwrightTestsClaude\\venv\\Lib\\site-packages\\_pytest\\pathlib.py:582: in import_path\n    importlib.import_module(module_name)\n..\\..\\..\\..\\AppData\\Local\\Programs\\Python\\Python312\\Lib\\importlib\\__init__.py:90: in import_module\n    return _bootstrap._gcd_import(name[level:], package, level)\n<frozen importlib._bootstrap>:1381: in _gcd_import\n    ???\n<frozen importlib._bootstrap>:1354: in _find_and_load\n    ???\n<frozen importlib._bootstrap>:1325: in _find_and_load_unlocked\n    ???\n<frozen importlib._bootstrap>:929: in _load_unlocked\n    ???\n..\\..\\..\\..\\Desktop\\playwrightTestsClaude\\venv\\Lib\\site-packages\\_pytest\\assertion\\rewrite.py:165: in exec_module\n    source_stat, co = _rewrite_test(fn, self.config)\n..\\..\\..\\..\\Desktop\\playwrightTestsClaude\\venv\\Lib\\site-packages\\_pytest\\assertion\\rewrite.py:345: in _rewrite_test\n    tree = ast.parse(source, filename=strfn)\n..\\..\\..\\..\\AppData\\Local\\Programs\\Python\\Python312\\Lib\\ast.py:52: in parse\n    return compile(source, filename, mode, flags,\nE     File \"C:\\Users\\gals\\seleniumpythontests-1\\playwright_tests\\tests\\integration\\test_final_integration_scenarios_converted.py\", line 82\nE       except Exception as e:\nE       ^^^^^^\nE   IndentationError: expected an indented block after 'except' statement on line 81\n--------------------------------- JSON report ---------------------------------\nreport saved to: reports/test_results.json\n- Generated html report: file:///C:/Users/gals/seleniumpythontests-1/playwright_tests/tests/integration/reports/playwright_report.html -\n=========================== short test summary info ===========================\nERROR test_final_integration_scenarios_converted.py\n!!!!!!!!!!!!!!!!!!!!!!!!!! stopping after 1 failures !!!!!!!!!!!!!!!!!!!!!!!!!!\n!!!!!!!!!!!!!!!!!!! Interrupted: 1 error during collection !!!!!!!!!!!!!!!!!!!!\n============================== 1 error in 0.31s ===============================\n",
      "error": "",
      "execution_time": 1.8658685684204102
    },
    {
      "test_name": "test_reports_management.py",
      "repository": "external_wesign",
      "file_path": "C:\\Users\\gals\\seleniumpythontests-1\\playwright_tests\\tests\\reports\\test_reports_management.py",
      "status": "failed",
      "output": "============================= test session starts =============================\nplatform win32 -- Python 3.12.0, pytest-8.3.2, pluggy-1.6.0 -- C:\\Users\\gals\\Desktop\\playwrightTestsClaude\\venv\\Scripts\\python.exe\ncachedir: .pytest_cache\nbenchmark: 5.1.0 (defaults: timer=time.perf_counter disable_gc=False min_rounds=5 min_time=0.000005 max_time=1.0 calibration_precision=10 warmup=False warmup_iterations=100000)\nmetadata: {'Python': '3.12.0', 'Platform': 'Windows-11-10.0.26100-SP0', 'Packages': {'pytest': '8.3.2', 'pluggy': '1.6.0'}, 'Plugins': {'allure-pytest': '2.13.5', 'anyio': '4.10.0', 'Faker': '37.6.0', 'asyncio': '1.1.0', 'base-url': '2.1.0', 'benchmark': '5.1.0', 'cov': '6.2.1', 'html': '4.1.1', 'json-report': '1.5.0', 'metadata': '3.1.1', 'mock': '3.14.1', 'parallel': '0.1.1', 'playwright': '0.5.2', 'rerunfailures': '16.0', 'timeout': '2.4.0', 'xdist': '3.8.0', 'xvfb': '3.0.0'}, 'JAVA_HOME': 'C:\\\\Program Files\\\\Eclipse Adoptium\\\\jdk-17.0.15.6-hotspot', 'Base URL': ''}\nrootdir: C:\\Users\\gals\\seleniumpythontests-1\\playwright_tests\nconfigfile: pytest.ini\nplugins: allure-pytest-2.13.5, anyio-4.10.0, Faker-37.6.0, asyncio-1.1.0, base-url-2.1.0, benchmark-5.1.0, cov-6.2.1, html-4.1.1, json-report-1.5.0, metadata-3.1.1, mock-3.14.1, parallel-0.1.1, playwright-0.5.2, rerunfailures-16.0, timeout-2.4.0, xdist-3.8.0, xvfb-3.0.0\nasyncio: mode=Mode.AUTO, asyncio_default_fixture_loop_scope=session, asyncio_default_test_loop_scope=function\ncollecting ... collected 0 items / 1 error\n\n=================================== ERRORS ====================================\n__________ ERROR collecting tests/reports/test_reports_management.py __________\nImportError while importing test module 'C:\\Users\\gals\\seleniumpythontests-1\\playwright_tests\\tests\\reports\\test_reports_management.py'.\nHint: make sure your test modules/packages have valid Python names.\nTraceback:\n..\\..\\..\\..\\AppData\\Local\\Programs\\Python\\Python312\\Lib\\importlib\\__init__.py:90: in import_module\n    return _bootstrap._gcd_import(name[level:], package, level)\ntest_reports_management.py:21: in <module>\n    from utils.test_data_factory import TestDataFactory\n..\\..\\utils\\test_data_factory.py:11: in <module>\n    import names\nE   ModuleNotFoundError: No module named 'names'\n------------------------------- Captured stdout -------------------------------\nWarning: Could not import CommonMethods: No module named 'names'\nWarning: Could not import TestDataFactory: No module named 'names'\nWarning: Could not import PlaywrightSelfHealingOrchestrator: No module named 'names'\n--------------------------------- JSON report ---------------------------------\nreport saved to: reports/test_results.json\n- Generated html report: file:///C:/Users/gals/seleniumpythontests-1/playwright_tests/tests/reports/reports/playwright_report.html -\n=========================== short test summary info ===========================\nERROR test_reports_management.py\n!!!!!!!!!!!!!!!!!!!!!!!!!! stopping after 1 failures !!!!!!!!!!!!!!!!!!!!!!!!!!\n!!!!!!!!!!!!!!!!!!! Interrupted: 1 error during collection !!!!!!!!!!!!!!!!!!!!\n============================== 1 error in 0.39s ===============================\n",
      "error": "",
      "execution_time": 1.9964640140533447
    },
    {
      "test_name": "test_reports_management_converted.py",
      "repository": "external_wesign",
      "file_path": "C:\\Users\\gals\\seleniumpythontests-1\\playwright_tests\\tests\\reports\\test_reports_management_converted.py",
      "status": "failed",
      "output": "============================= test session starts =============================\nplatform win32 -- Python 3.12.0, pytest-8.3.2, pluggy-1.6.0 -- C:\\Users\\gals\\Desktop\\playwrightTestsClaude\\venv\\Scripts\\python.exe\ncachedir: .pytest_cache\nbenchmark: 5.1.0 (defaults: timer=time.perf_counter disable_gc=False min_rounds=5 min_time=0.000005 max_time=1.0 calibration_precision=10 warmup=False warmup_iterations=100000)\nmetadata: {'Python': '3.12.0', 'Platform': 'Windows-11-10.0.26100-SP0', 'Packages': {'pytest': '8.3.2', 'pluggy': '1.6.0'}, 'Plugins': {'allure-pytest': '2.13.5', 'anyio': '4.10.0', 'Faker': '37.6.0', 'asyncio': '1.1.0', 'base-url': '2.1.0', 'benchmark': '5.1.0', 'cov': '6.2.1', 'html': '4.1.1', 'json-report': '1.5.0', 'metadata': '3.1.1', 'mock': '3.14.1', 'parallel': '0.1.1', 'playwright': '0.5.2', 'rerunfailures': '16.0', 'timeout': '2.4.0', 'xdist': '3.8.0', 'xvfb': '3.0.0'}, 'JAVA_HOME': 'C:\\\\Program Files\\\\Eclipse Adoptium\\\\jdk-17.0.15.6-hotspot', 'Base URL': ''}\nrootdir: C:\\Users\\gals\\seleniumpythontests-1\\playwright_tests\nconfigfile: pytest.ini\nplugins: allure-pytest-2.13.5, anyio-4.10.0, Faker-37.6.0, asyncio-1.1.0, base-url-2.1.0, benchmark-5.1.0, cov-6.2.1, html-4.1.1, json-report-1.5.0, metadata-3.1.1, mock-3.14.1, parallel-0.1.1, playwright-0.5.2, rerunfailures-16.0, timeout-2.4.0, xdist-3.8.0, xvfb-3.0.0\nasyncio: mode=Mode.AUTO, asyncio_default_fixture_loop_scope=session, asyncio_default_test_loop_scope=function\ncollecting ... collected 0 items / 1 error\n\n=================================== ERRORS ====================================\n_____ ERROR collecting tests/reports/test_reports_management_converted.py _____\n..\\..\\..\\..\\Desktop\\playwrightTestsClaude\\venv\\Lib\\site-packages\\_pytest\\python.py:493: in importtestmodule\n    mod = import_path(\n..\\..\\..\\..\\Desktop\\playwrightTestsClaude\\venv\\Lib\\site-packages\\_pytest\\pathlib.py:582: in import_path\n    importlib.import_module(module_name)\n..\\..\\..\\..\\AppData\\Local\\Programs\\Python\\Python312\\Lib\\importlib\\__init__.py:90: in import_module\n    return _bootstrap._gcd_import(name[level:], package, level)\n<frozen importlib._bootstrap>:1381: in _gcd_import\n    ???\n<frozen importlib._bootstrap>:1354: in _find_and_load\n    ???\n<frozen importlib._bootstrap>:1325: in _find_and_load_unlocked\n    ???\n<frozen importlib._bootstrap>:929: in _load_unlocked\n    ???\n..\\..\\..\\..\\Desktop\\playwrightTestsClaude\\venv\\Lib\\site-packages\\_pytest\\assertion\\rewrite.py:165: in exec_module\n    source_stat, co = _rewrite_test(fn, self.config)\n..\\..\\..\\..\\Desktop\\playwrightTestsClaude\\venv\\Lib\\site-packages\\_pytest\\assertion\\rewrite.py:345: in _rewrite_test\n    tree = ast.parse(source, filename=strfn)\n..\\..\\..\\..\\AppData\\Local\\Programs\\Python\\Python312\\Lib\\ast.py:52: in parse\n    return compile(source, filename, mode, flags,\nE     File \"C:\\Users\\gals\\seleniumpythontests-1\\playwright_tests\\tests\\reports\\test_reports_management_converted.py\", line 122\nE       try:\nE       ^^^\nE   IndentationError: expected an indented block after 'for' statement on line 121\n--------------------------------- JSON report ---------------------------------\nreport saved to: reports/test_results.json\n- Generated html report: file:///C:/Users/gals/seleniumpythontests-1/playwright_tests/tests/reports/reports/playwright_report.html -\n=========================== short test summary info ===========================\nERROR test_reports_management_converted.py\n!!!!!!!!!!!!!!!!!!!!!!!!!! stopping after 1 failures !!!!!!!!!!!!!!!!!!!!!!!!!!\n!!!!!!!!!!!!!!!!!!! Interrupted: 1 error during collection !!!!!!!!!!!!!!!!!!!!\n============================== 1 error in 0.33s ===============================\n",
      "error": "",
      "execution_time": 2.0262386798858643
    },
    {
      "test_name": "test_simple.py",
      "repository": "external_wesign",
      "file_path": "C:\\Users\\gals\\seleniumpythontests-1\\playwright_tests\\tests\\runner_validation\\test_simple.py",
      "status": "failed",
      "output": "",
      "error": "Test execution timeout (5 minutes)",
      "execution_time": 300.1257622241974
    },
    {
      "test_name": "test_simple_converted.py",
      "repository": "external_wesign",
      "file_path": "C:\\Users\\gals\\seleniumpythontests-1\\playwright_tests\\tests\\runner_validation\\test_simple_converted.py",
      "status": "failed",
      "output": "============================= test session starts =============================\nplatform win32 -- Python 3.12.0, pytest-8.3.2, pluggy-1.6.0 -- C:\\Users\\gals\\Desktop\\playwrightTestsClaude\\venv\\Scripts\\python.exe\ncachedir: .pytest_cache\nbenchmark: 5.1.0 (defaults: timer=time.perf_counter disable_gc=False min_rounds=5 min_time=0.000005 max_time=1.0 calibration_precision=10 warmup=False warmup_iterations=100000)\nmetadata: {'Python': '3.12.0', 'Platform': 'Windows-11-10.0.26100-SP0', 'Packages': {'pytest': '8.3.2', 'pluggy': '1.6.0'}, 'Plugins': {'allure-pytest': '2.13.5', 'anyio': '4.10.0', 'Faker': '37.6.0', 'asyncio': '1.1.0', 'base-url': '2.1.0', 'benchmark': '5.1.0', 'cov': '6.2.1', 'html': '4.1.1', 'json-report': '1.5.0', 'metadata': '3.1.1', 'mock': '3.14.1', 'parallel': '0.1.1', 'playwright': '0.5.2', 'rerunfailures': '16.0', 'timeout': '2.4.0', 'xdist': '3.8.0', 'xvfb': '3.0.0'}, 'JAVA_HOME': 'C:\\\\Program Files\\\\Eclipse Adoptium\\\\jdk-17.0.15.6-hotspot', 'Base URL': ''}\nrootdir: C:\\Users\\gals\\seleniumpythontests-1\\playwright_tests\nconfigfile: pytest.ini\nplugins: allure-pytest-2.13.5, anyio-4.10.0, Faker-37.6.0, asyncio-1.1.0, base-url-2.1.0, benchmark-5.1.0, cov-6.2.1, html-4.1.1, json-report-1.5.0, metadata-3.1.1, mock-3.14.1, parallel-0.1.1, playwright-0.5.2, rerunfailures-16.0, timeout-2.4.0, xdist-3.8.0, xvfb-3.0.0\nasyncio: mode=Mode.AUTO, asyncio_default_fixture_loop_scope=session, asyncio_default_test_loop_scope=function\ncollecting ... collected 0 items / 1 error\n\n=================================== ERRORS ====================================\n______ ERROR collecting tests/runner_validation/test_simple_converted.py ______\n..\\..\\..\\..\\Desktop\\playwrightTestsClaude\\venv\\Lib\\site-packages\\_pytest\\python.py:493: in importtestmodule\n    mod = import_path(\n..\\..\\..\\..\\Desktop\\playwrightTestsClaude\\venv\\Lib\\site-packages\\_pytest\\pathlib.py:582: in import_path\n    importlib.import_module(module_name)\n..\\..\\..\\..\\AppData\\Local\\Programs\\Python\\Python312\\Lib\\importlib\\__init__.py:90: in import_module\n    return _bootstrap._gcd_import(name[level:], package, level)\n<frozen importlib._bootstrap>:1381: in _gcd_import\n    ???\n<frozen importlib._bootstrap>:1354: in _find_and_load\n    ???\n<frozen importlib._bootstrap>:1325: in _find_and_load_unlocked\n    ???\n<frozen importlib._bootstrap>:929: in _load_unlocked\n    ???\n..\\..\\..\\..\\Desktop\\playwrightTestsClaude\\venv\\Lib\\site-packages\\_pytest\\assertion\\rewrite.py:165: in exec_module\n    source_stat, co = _rewrite_test(fn, self.config)\n..\\..\\..\\..\\Desktop\\playwrightTestsClaude\\venv\\Lib\\site-packages\\_pytest\\assertion\\rewrite.py:345: in _rewrite_test\n    tree = ast.parse(source, filename=strfn)\n..\\..\\..\\..\\AppData\\Local\\Programs\\Python\\Python312\\Lib\\ast.py:52: in parse\n    return compile(source, filename, mode, flags,\nE     File \"C:\\Users\\gals\\seleniumpythontests-1\\playwright_tests\\tests\\runner_validation\\test_simple_converted.py\", line 54\nE       @pytest.mark.smoke\nE   SyntaxError: expected 'except' or 'finally' block\n--------------------------------- JSON report ---------------------------------\nreport saved to: reports/test_results.json\n- Generated html report: file:///C:/Users/gals/seleniumpythontests-1/playwright_tests/tests/runner_validation/reports/playwright_report.html -\n=========================== short test summary info ===========================\nERROR test_simple_converted.py\n!!!!!!!!!!!!!!!!!!!!!!!!!! stopping after 1 failures !!!!!!!!!!!!!!!!!!!!!!!!!!\n!!!!!!!!!!!!!!!!!!! Interrupted: 1 error during collection !!!!!!!!!!!!!!!!!!!!\n============================== 1 error in 0.27s ===============================\n",
      "error": "",
      "execution_time": 1.7699241638183594
    },
    {
      "test_name": "test_advanced_others_signing.py",
      "repository": "external_wesign",
      "file_path": "C:\\Users\\gals\\seleniumpythontests-1\\playwright_tests\\tests\\signing\\test_advanced_others_signing.py",
      "status": "failed",
      "output": "============================= test session starts =============================\nplatform win32 -- Python 3.12.0, pytest-8.3.2, pluggy-1.6.0 -- C:\\Users\\gals\\Desktop\\playwrightTestsClaude\\venv\\Scripts\\python.exe\ncachedir: .pytest_cache\nbenchmark: 5.1.0 (defaults: timer=time.perf_counter disable_gc=False min_rounds=5 min_time=0.000005 max_time=1.0 calibration_precision=10 warmup=False warmup_iterations=100000)\nmetadata: {'Python': '3.12.0', 'Platform': 'Windows-11-10.0.26100-SP0', 'Packages': {'pytest': '8.3.2', 'pluggy': '1.6.0'}, 'Plugins': {'allure-pytest': '2.13.5', 'anyio': '4.10.0', 'Faker': '37.6.0', 'asyncio': '1.1.0', 'base-url': '2.1.0', 'benchmark': '5.1.0', 'cov': '6.2.1', 'html': '4.1.1', 'json-report': '1.5.0', 'metadata': '3.1.1', 'mock': '3.14.1', 'parallel': '0.1.1', 'playwright': '0.5.2', 'rerunfailures': '16.0', 'timeout': '2.4.0', 'xdist': '3.8.0', 'xvfb': '3.0.0'}, 'JAVA_HOME': 'C:\\\\Program Files\\\\Eclipse Adoptium\\\\jdk-17.0.15.6-hotspot', 'Base URL': ''}\nrootdir: C:\\Users\\gals\\seleniumpythontests-1\\playwright_tests\nconfigfile: pytest.ini\nplugins: allure-pytest-2.13.5, anyio-4.10.0, Faker-37.6.0, asyncio-1.1.0, base-url-2.1.0, benchmark-5.1.0, cov-6.2.1, html-4.1.1, json-report-1.5.0, metadata-3.1.1, mock-3.14.1, parallel-0.1.1, playwright-0.5.2, rerunfailures-16.0, timeout-2.4.0, xdist-3.8.0, xvfb-3.0.0\nasyncio: mode=Mode.AUTO, asyncio_default_fixture_loop_scope=session, asyncio_default_test_loop_scope=function\ncollecting ... collected 0 items / 1 error\n\n=================================== ERRORS ====================================\n_______ ERROR collecting tests/signing/test_advanced_others_signing.py ________\nImportError while importing test module 'C:\\Users\\gals\\seleniumpythontests-1\\playwright_tests\\tests\\signing\\test_advanced_others_signing.py'.\nHint: make sure your test modules/packages have valid Python names.\nTraceback:\n..\\..\\..\\..\\AppData\\Local\\Programs\\Python\\Python312\\Lib\\importlib\\__init__.py:90: in import_module\n    return _bootstrap._gcd_import(name[level:], package, level)\ntest_advanced_others_signing.py:12: in <module>\n    from utils.common_methods import CommonMethods\n..\\..\\utils\\common_methods.py:14: in <module>\n    import names\nE   ModuleNotFoundError: No module named 'names'\n------------------------------- Captured stdout -------------------------------\nWarning: Could not import CommonMethods: No module named 'names'\nWarning: Could not import TestDataFactory: No module named 'names'\nWarning: Could not import FileHandler: No module named 'playwright_tests'\nWarning: Could not import PlaywrightSelfHealingOrchestrator: No module named 'names'\n--------------------------------- JSON report ---------------------------------\nreport saved to: reports/test_results.json\n- Generated html report: file:///C:/Users/gals/seleniumpythontests-1/playwright_tests/tests/signing/reports/playwright_report.html -\n=========================== short test summary info ===========================\nERROR test_advanced_others_signing.py\n!!!!!!!!!!!!!!!!!!!!!!!!!! stopping after 1 failures !!!!!!!!!!!!!!!!!!!!!!!!!!\n!!!!!!!!!!!!!!!!!!! Interrupted: 1 error during collection !!!!!!!!!!!!!!!!!!!!\n============================== 1 error in 0.33s ===============================\n",
      "error": "",
      "execution_time": 1.717663049697876
    },
    {
      "test_name": "test_advanced_others_signing_converted.py",
      "repository": "external_wesign",
      "file_path": "C:\\Users\\gals\\seleniumpythontests-1\\playwright_tests\\tests\\signing\\test_advanced_others_signing_converted.py",
      "status": "failed",
      "output": "============================= test session starts =============================\nplatform win32 -- Python 3.12.0, pytest-8.3.2, pluggy-1.6.0 -- C:\\Users\\gals\\Desktop\\playwrightTestsClaude\\venv\\Scripts\\python.exe\ncachedir: .pytest_cache\nbenchmark: 5.1.0 (defaults: timer=time.perf_counter disable_gc=False min_rounds=5 min_time=0.000005 max_time=1.0 calibration_precision=10 warmup=False warmup_iterations=100000)\nmetadata: {'Python': '3.12.0', 'Platform': 'Windows-11-10.0.26100-SP0', 'Packages': {'pytest': '8.3.2', 'pluggy': '1.6.0'}, 'Plugins': {'allure-pytest': '2.13.5', 'anyio': '4.10.0', 'Faker': '37.6.0', 'asyncio': '1.1.0', 'base-url': '2.1.0', 'benchmark': '5.1.0', 'cov': '6.2.1', 'html': '4.1.1', 'json-report': '1.5.0', 'metadata': '3.1.1', 'mock': '3.14.1', 'parallel': '0.1.1', 'playwright': '0.5.2', 'rerunfailures': '16.0', 'timeout': '2.4.0', 'xdist': '3.8.0', 'xvfb': '3.0.0'}, 'JAVA_HOME': 'C:\\\\Program Files\\\\Eclipse Adoptium\\\\jdk-17.0.15.6-hotspot', 'Base URL': ''}\nrootdir: C:\\Users\\gals\\seleniumpythontests-1\\playwright_tests\nconfigfile: pytest.ini\nplugins: allure-pytest-2.13.5, anyio-4.10.0, Faker-37.6.0, asyncio-1.1.0, base-url-2.1.0, benchmark-5.1.0, cov-6.2.1, html-4.1.1, json-report-1.5.0, metadata-3.1.1, mock-3.14.1, parallel-0.1.1, playwright-0.5.2, rerunfailures-16.0, timeout-2.4.0, xdist-3.8.0, xvfb-3.0.0\nasyncio: mode=Mode.AUTO, asyncio_default_fixture_loop_scope=session, asyncio_default_test_loop_scope=function\ncollecting ... collected 0 items / 1 error\n\n=================================== ERRORS ====================================\n__ ERROR collecting tests/signing/test_advanced_others_signing_converted.py ___\nImportError while importing test module 'C:\\Users\\gals\\seleniumpythontests-1\\playwright_tests\\tests\\signing\\test_advanced_others_signing_converted.py'.\nHint: make sure your test modules/packages have valid Python names.\nTraceback:\n..\\..\\..\\..\\AppData\\Local\\Programs\\Python\\Python312\\Lib\\importlib\\__init__.py:90: in import_module\n    return _bootstrap._gcd_import(name[level:], package, level)\ntest_advanced_others_signing_converted.py:13: in <module>\n    from utils.common_methods import CommonMethods\n..\\..\\utils\\common_methods.py:14: in <module>\n    import names\nE   ModuleNotFoundError: No module named 'names'\n------------------------------- Captured stdout -------------------------------\nWarning: Could not import CommonMethods: No module named 'names'\nWarning: Could not import TestDataFactory: No module named 'names'\nWarning: Could not import FileHandler: No module named 'playwright_tests'\nWarning: Could not import PlaywrightSelfHealingOrchestrator: No module named 'names'\n--------------------------------- JSON report ---------------------------------\nreport saved to: reports/test_results.json\n- Generated html report: file:///C:/Users/gals/seleniumpythontests-1/playwright_tests/tests/signing/reports/playwright_report.html -\n=========================== short test summary info ===========================\nERROR test_advanced_others_signing_converted.py\n!!!!!!!!!!!!!!!!!!!!!!!!!! stopping after 1 failures !!!!!!!!!!!!!!!!!!!!!!!!!!\n!!!!!!!!!!!!!!!!!!! Interrupted: 1 error during collection !!!!!!!!!!!!!!!!!!!!\n============================== 1 error in 0.34s ===============================\n",
      "error": "",
      "execution_time": 1.7589514255523682
    },
    {
      "test_name": "test_advanced_self_signing.py",
      "repository": "external_wesign",
      "file_path": "C:\\Users\\gals\\seleniumpythontests-1\\playwright_tests\\tests\\signing\\test_advanced_self_signing.py",
      "status": "failed",
      "output": "============================= test session starts =============================\nplatform win32 -- Python 3.12.0, pytest-8.3.2, pluggy-1.6.0 -- C:\\Users\\gals\\Desktop\\playwrightTestsClaude\\venv\\Scripts\\python.exe\ncachedir: .pytest_cache\nbenchmark: 5.1.0 (defaults: timer=time.perf_counter disable_gc=False min_rounds=5 min_time=0.000005 max_time=1.0 calibration_precision=10 warmup=False warmup_iterations=100000)\nmetadata: {'Python': '3.12.0', 'Platform': 'Windows-11-10.0.26100-SP0', 'Packages': {'pytest': '8.3.2', 'pluggy': '1.6.0'}, 'Plugins': {'allure-pytest': '2.13.5', 'anyio': '4.10.0', 'Faker': '37.6.0', 'asyncio': '1.1.0', 'base-url': '2.1.0', 'benchmark': '5.1.0', 'cov': '6.2.1', 'html': '4.1.1', 'json-report': '1.5.0', 'metadata': '3.1.1', 'mock': '3.14.1', 'parallel': '0.1.1', 'playwright': '0.5.2', 'rerunfailures': '16.0', 'timeout': '2.4.0', 'xdist': '3.8.0', 'xvfb': '3.0.0'}, 'JAVA_HOME': 'C:\\\\Program Files\\\\Eclipse Adoptium\\\\jdk-17.0.15.6-hotspot', 'Base URL': ''}\nrootdir: C:\\Users\\gals\\seleniumpythontests-1\\playwright_tests\nconfigfile: pytest.ini\nplugins: allure-pytest-2.13.5, anyio-4.10.0, Faker-37.6.0, asyncio-1.1.0, base-url-2.1.0, benchmark-5.1.0, cov-6.2.1, html-4.1.1, json-report-1.5.0, metadata-3.1.1, mock-3.14.1, parallel-0.1.1, playwright-0.5.2, rerunfailures-16.0, timeout-2.4.0, xdist-3.8.0, xvfb-3.0.0\nasyncio: mode=Mode.AUTO, asyncio_default_fixture_loop_scope=session, asyncio_default_test_loop_scope=function\ncollecting ... collected 0 items / 1 error\n\n=================================== ERRORS ====================================\n________ ERROR collecting tests/signing/test_advanced_self_signing.py _________\nImportError while importing test module 'C:\\Users\\gals\\seleniumpythontests-1\\playwright_tests\\tests\\signing\\test_advanced_self_signing.py'.\nHint: make sure your test modules/packages have valid Python names.\nTraceback:\n..\\..\\..\\..\\AppData\\Local\\Programs\\Python\\Python312\\Lib\\importlib\\__init__.py:90: in import_module\n    return _bootstrap._gcd_import(name[level:], package, level)\ntest_advanced_self_signing.py:12: in <module>\n    from utils.common_methods import CommonMethods\n..\\..\\utils\\common_methods.py:14: in <module>\n    import names\nE   ModuleNotFoundError: No module named 'names'\n------------------------------- Captured stdout -------------------------------\nWarning: Could not import CommonMethods: No module named 'names'\nWarning: Could not import TestDataFactory: No module named 'names'\nWarning: Could not import FileHandler: No module named 'playwright_tests'\nWarning: Could not import PlaywrightSelfHealingOrchestrator: No module named 'names'\n--------------------------------- JSON report ---------------------------------\nreport saved to: reports/test_results.json\n- Generated html report: file:///C:/Users/gals/seleniumpythontests-1/playwright_tests/tests/signing/reports/playwright_report.html -\n=========================== short test summary info ===========================\nERROR test_advanced_self_signing.py\n!!!!!!!!!!!!!!!!!!!!!!!!!! stopping after 1 failures !!!!!!!!!!!!!!!!!!!!!!!!!!\n!!!!!!!!!!!!!!!!!!! Interrupted: 1 error during collection !!!!!!!!!!!!!!!!!!!!\n============================== 1 error in 0.33s ===============================\n",
      "error": "",
      "execution_time": 1.7002782821655273
    },
    {
      "test_name": "test_advanced_self_signing_converted.py",
      "repository": "external_wesign",
      "file_path": "C:\\Users\\gals\\seleniumpythontests-1\\playwright_tests\\tests\\signing\\test_advanced_self_signing_converted.py",
      "status": "failed",
      "output": "============================= test session starts =============================\nplatform win32 -- Python 3.12.0, pytest-8.3.2, pluggy-1.6.0 -- C:\\Users\\gals\\Desktop\\playwrightTestsClaude\\venv\\Scripts\\python.exe\ncachedir: .pytest_cache\nbenchmark: 5.1.0 (defaults: timer=time.perf_counter disable_gc=False min_rounds=5 min_time=0.000005 max_time=1.0 calibration_precision=10 warmup=False warmup_iterations=100000)\nmetadata: {'Python': '3.12.0', 'Platform': 'Windows-11-10.0.26100-SP0', 'Packages': {'pytest': '8.3.2', 'pluggy': '1.6.0'}, 'Plugins': {'allure-pytest': '2.13.5', 'anyio': '4.10.0', 'Faker': '37.6.0', 'asyncio': '1.1.0', 'base-url': '2.1.0', 'benchmark': '5.1.0', 'cov': '6.2.1', 'html': '4.1.1', 'json-report': '1.5.0', 'metadata': '3.1.1', 'mock': '3.14.1', 'parallel': '0.1.1', 'playwright': '0.5.2', 'rerunfailures': '16.0', 'timeout': '2.4.0', 'xdist': '3.8.0', 'xvfb': '3.0.0'}, 'JAVA_HOME': 'C:\\\\Program Files\\\\Eclipse Adoptium\\\\jdk-17.0.15.6-hotspot', 'Base URL': ''}\nrootdir: C:\\Users\\gals\\seleniumpythontests-1\\playwright_tests\nconfigfile: pytest.ini\nplugins: allure-pytest-2.13.5, anyio-4.10.0, Faker-37.6.0, asyncio-1.1.0, base-url-2.1.0, benchmark-5.1.0, cov-6.2.1, html-4.1.1, json-report-1.5.0, metadata-3.1.1, mock-3.14.1, parallel-0.1.1, playwright-0.5.2, rerunfailures-16.0, timeout-2.4.0, xdist-3.8.0, xvfb-3.0.0\nasyncio: mode=Mode.AUTO, asyncio_default_fixture_loop_scope=session, asyncio_default_test_loop_scope=function\ncollecting ... collected 0 items / 1 error\n\n=================================== ERRORS ====================================\n___ ERROR collecting tests/signing/test_advanced_self_signing_converted.py ____\n..\\..\\..\\..\\Desktop\\playwrightTestsClaude\\venv\\Lib\\site-packages\\_pytest\\python.py:493: in importtestmodule\n    mod = import_path(\n..\\..\\..\\..\\Desktop\\playwrightTestsClaude\\venv\\Lib\\site-packages\\_pytest\\pathlib.py:582: in import_path\n    importlib.import_module(module_name)\n..\\..\\..\\..\\AppData\\Local\\Programs\\Python\\Python312\\Lib\\importlib\\__init__.py:90: in import_module\n    return _bootstrap._gcd_import(name[level:], package, level)\n<frozen importlib._bootstrap>:1381: in _gcd_import\n    ???\n<frozen importlib._bootstrap>:1354: in _find_and_load\n    ???\n<frozen importlib._bootstrap>:1325: in _find_and_load_unlocked\n    ???\n<frozen importlib._bootstrap>:929: in _load_unlocked\n    ???\n..\\..\\..\\..\\Desktop\\playwrightTestsClaude\\venv\\Lib\\site-packages\\_pytest\\assertion\\rewrite.py:165: in exec_module\n    source_stat, co = _rewrite_test(fn, self.config)\n..\\..\\..\\..\\Desktop\\playwrightTestsClaude\\venv\\Lib\\site-packages\\_pytest\\assertion\\rewrite.py:345: in _rewrite_test\n    tree = ast.parse(source, filename=strfn)\n..\\..\\..\\..\\AppData\\Local\\Programs\\Python\\Python312\\Lib\\ast.py:52: in parse\n    return compile(source, filename, mode, flags,\nE     File \"C:\\Users\\gals\\seleniumpythontests-1\\playwright_tests\\tests\\signing\\test_advanced_self_signing_converted.py\", line 316\nE       field_config['page'] = 1\nE       ^^^^^^^^^^^^\nE   IndentationError: expected an indented block after 'for' statement on line 315\n--------------------------------- JSON report ---------------------------------\nreport saved to: reports/test_results.json\n- Generated html report: file:///C:/Users/gals/seleniumpythontests-1/playwright_tests/tests/signing/reports/playwright_report.html -\n=========================== short test summary info ===========================\nERROR test_advanced_self_signing_converted.py\n!!!!!!!!!!!!!!!!!!!!!!!!!! stopping after 1 failures !!!!!!!!!!!!!!!!!!!!!!!!!!\n!!!!!!!!!!!!!!!!!!! Interrupted: 1 error during collection !!!!!!!!!!!!!!!!!!!!\n============================== 1 error in 0.27s ===============================\n",
      "error": "",
      "execution_time": 1.6391456127166748
    },
    {
      "test_name": "test_advanced_signing_scenarios.py",
      "repository": "external_wesign",
      "file_path": "C:\\Users\\gals\\seleniumpythontests-1\\playwright_tests\\tests\\signing\\test_advanced_signing_scenarios.py",
      "status": "failed",
      "output": "============================= test session starts =============================\nplatform win32 -- Python 3.12.0, pytest-8.3.2, pluggy-1.6.0 -- C:\\Users\\gals\\Desktop\\playwrightTestsClaude\\venv\\Scripts\\python.exe\ncachedir: .pytest_cache\nbenchmark: 5.1.0 (defaults: timer=time.perf_counter disable_gc=False min_rounds=5 min_time=0.000005 max_time=1.0 calibration_precision=10 warmup=False warmup_iterations=100000)\nmetadata: {'Python': '3.12.0', 'Platform': 'Windows-11-10.0.26100-SP0', 'Packages': {'pytest': '8.3.2', 'pluggy': '1.6.0'}, 'Plugins': {'allure-pytest': '2.13.5', 'anyio': '4.10.0', 'Faker': '37.6.0', 'asyncio': '1.1.0', 'base-url': '2.1.0', 'benchmark': '5.1.0', 'cov': '6.2.1', 'html': '4.1.1', 'json-report': '1.5.0', 'metadata': '3.1.1', 'mock': '3.14.1', 'parallel': '0.1.1', 'playwright': '0.5.2', 'rerunfailures': '16.0', 'timeout': '2.4.0', 'xdist': '3.8.0', 'xvfb': '3.0.0'}, 'JAVA_HOME': 'C:\\\\Program Files\\\\Eclipse Adoptium\\\\jdk-17.0.15.6-hotspot', 'Base URL': ''}\nrootdir: C:\\Users\\gals\\seleniumpythontests-1\\playwright_tests\nconfigfile: pytest.ini\nplugins: allure-pytest-2.13.5, anyio-4.10.0, Faker-37.6.0, asyncio-1.1.0, base-url-2.1.0, benchmark-5.1.0, cov-6.2.1, html-4.1.1, json-report-1.5.0, metadata-3.1.1, mock-3.14.1, parallel-0.1.1, playwright-0.5.2, rerunfailures-16.0, timeout-2.4.0, xdist-3.8.0, xvfb-3.0.0\nasyncio: mode=Mode.AUTO, asyncio_default_fixture_loop_scope=session, asyncio_default_test_loop_scope=function\ncollecting ... collected 0 items / 1 error\n\n=================================== ERRORS ====================================\n______ ERROR collecting tests/signing/test_advanced_signing_scenarios.py ______\nImportError while importing test module 'C:\\Users\\gals\\seleniumpythontests-1\\playwright_tests\\tests\\signing\\test_advanced_signing_scenarios.py'.\nHint: make sure your test modules/packages have valid Python names.\nTraceback:\n..\\..\\..\\..\\AppData\\Local\\Programs\\Python\\Python312\\Lib\\importlib\\__init__.py:90: in import_module\n    return _bootstrap._gcd_import(name[level:], package, level)\ntest_advanced_signing_scenarios.py:23: in <module>\n    from utils.test_data_factory import TestDataFactory\n..\\..\\utils\\test_data_factory.py:11: in <module>\n    import names\nE   ModuleNotFoundError: No module named 'names'\n------------------------------- Captured stdout -------------------------------\nWarning: Could not import CommonMethods: No module named 'names'\nWarning: Could not import TestDataFactory: No module named 'names'\nWarning: Could not import PlaywrightSelfHealingOrchestrator: No module named 'names'\n--------------------------------- JSON report ---------------------------------\nreport saved to: reports/test_results.json\n- Generated html report: file:///C:/Users/gals/seleniumpythontests-1/playwright_tests/tests/signing/reports/playwright_report.html -\n=========================== short test summary info ===========================\nERROR test_advanced_signing_scenarios.py\n!!!!!!!!!!!!!!!!!!!!!!!!!! stopping after 1 failures !!!!!!!!!!!!!!!!!!!!!!!!!!\n!!!!!!!!!!!!!!!!!!! Interrupted: 1 error during collection !!!!!!!!!!!!!!!!!!!!\n============================== 1 error in 0.32s ===============================\n",
      "error": "",
      "execution_time": 1.8037629127502441
    },
    {
      "test_name": "test_advanced_signing_scenarios_converted.py",
      "repository": "external_wesign",
      "file_path": "C:\\Users\\gals\\seleniumpythontests-1\\playwright_tests\\tests\\signing\\test_advanced_signing_scenarios_converted.py",
      "status": "failed",
      "output": "============================= test session starts =============================\nplatform win32 -- Python 3.12.0, pytest-8.3.2, pluggy-1.6.0 -- C:\\Users\\gals\\Desktop\\playwrightTestsClaude\\venv\\Scripts\\python.exe\ncachedir: .pytest_cache\nbenchmark: 5.1.0 (defaults: timer=time.perf_counter disable_gc=False min_rounds=5 min_time=0.000005 max_time=1.0 calibration_precision=10 warmup=False warmup_iterations=100000)\nmetadata: {'Python': '3.12.0', 'Platform': 'Windows-11-10.0.26100-SP0', 'Packages': {'pytest': '8.3.2', 'pluggy': '1.6.0'}, 'Plugins': {'allure-pytest': '2.13.5', 'anyio': '4.10.0', 'Faker': '37.6.0', 'asyncio': '1.1.0', 'base-url': '2.1.0', 'benchmark': '5.1.0', 'cov': '6.2.1', 'html': '4.1.1', 'json-report': '1.5.0', 'metadata': '3.1.1', 'mock': '3.14.1', 'parallel': '0.1.1', 'playwright': '0.5.2', 'rerunfailures': '16.0', 'timeout': '2.4.0', 'xdist': '3.8.0', 'xvfb': '3.0.0'}, 'JAVA_HOME': 'C:\\\\Program Files\\\\Eclipse Adoptium\\\\jdk-17.0.15.6-hotspot', 'Base URL': ''}\nrootdir: C:\\Users\\gals\\seleniumpythontests-1\\playwright_tests\nconfigfile: pytest.ini\nplugins: allure-pytest-2.13.5, anyio-4.10.0, Faker-37.6.0, asyncio-1.1.0, base-url-2.1.0, benchmark-5.1.0, cov-6.2.1, html-4.1.1, json-report-1.5.0, metadata-3.1.1, mock-3.14.1, parallel-0.1.1, playwright-0.5.2, rerunfailures-16.0, timeout-2.4.0, xdist-3.8.0, xvfb-3.0.0\nasyncio: mode=Mode.AUTO, asyncio_default_fixture_loop_scope=session, asyncio_default_test_loop_scope=function\ncollecting ... collected 0 items / 1 error\n\n=================================== ERRORS ====================================\n_ ERROR collecting tests/signing/test_advanced_signing_scenarios_converted.py _\n..\\..\\..\\..\\Desktop\\playwrightTestsClaude\\venv\\Lib\\site-packages\\_pytest\\python.py:493: in importtestmodule\n    mod = import_path(\n..\\..\\..\\..\\Desktop\\playwrightTestsClaude\\venv\\Lib\\site-packages\\_pytest\\pathlib.py:582: in import_path\n    importlib.import_module(module_name)\n..\\..\\..\\..\\AppData\\Local\\Programs\\Python\\Python312\\Lib\\importlib\\__init__.py:90: in import_module\n    return _bootstrap._gcd_import(name[level:], package, level)\n<frozen importlib._bootstrap>:1381: in _gcd_import\n    ???\n<frozen importlib._bootstrap>:1354: in _find_and_load\n    ???\n<frozen importlib._bootstrap>:1325: in _find_and_load_unlocked\n    ???\n<frozen importlib._bootstrap>:929: in _load_unlocked\n    ???\n..\\..\\..\\..\\Desktop\\playwrightTestsClaude\\venv\\Lib\\site-packages\\_pytest\\assertion\\rewrite.py:165: in exec_module\n    source_stat, co = _rewrite_test(fn, self.config)\n..\\..\\..\\..\\Desktop\\playwrightTestsClaude\\venv\\Lib\\site-packages\\_pytest\\assertion\\rewrite.py:345: in _rewrite_test\n    tree = ast.parse(source, filename=strfn)\n..\\..\\..\\..\\AppData\\Local\\Programs\\Python\\Python312\\Lib\\ast.py:52: in parse\n    return compile(source, filename, mode, flags,\nE     File \"C:\\Users\\gals\\seleniumpythontests-1\\playwright_tests\\tests\\signing\\test_advanced_signing_scenarios_converted.py\", line 72\nE       await self.documents_page.upload_document(str(test_doc))\nE       ^^^^^\nE   IndentationError: expected an indented block after 'try' statement on line 70\n--------------------------------- JSON report ---------------------------------\nreport saved to: reports/test_results.json\n- Generated html report: file:///C:/Users/gals/seleniumpythontests-1/playwright_tests/tests/signing/reports/playwright_report.html -\n=========================== short test summary info ===========================\nERROR test_advanced_signing_scenarios_converted.py\n!!!!!!!!!!!!!!!!!!!!!!!!!! stopping after 1 failures !!!!!!!!!!!!!!!!!!!!!!!!!!\n!!!!!!!!!!!!!!!!!!! Interrupted: 1 error during collection !!!!!!!!!!!!!!!!!!!!\n============================== 1 error in 0.27s ===============================\n",
      "error": "",
      "execution_time": 1.7240774631500244
    },
    {
      "test_name": "test_comprehensive_others_signing.py",
      "repository": "external_wesign",
      "file_path": "C:\\Users\\gals\\seleniumpythontests-1\\playwright_tests\\tests\\signing\\test_comprehensive_others_signing.py",
      "status": "failed",
      "output": "============================= test session starts =============================\nplatform win32 -- Python 3.12.0, pytest-8.3.2, pluggy-1.6.0 -- C:\\Users\\gals\\Desktop\\playwrightTestsClaude\\venv\\Scripts\\python.exe\ncachedir: .pytest_cache\nbenchmark: 5.1.0 (defaults: timer=time.perf_counter disable_gc=False min_rounds=5 min_time=0.000005 max_time=1.0 calibration_precision=10 warmup=False warmup_iterations=100000)\nmetadata: {'Python': '3.12.0', 'Platform': 'Windows-11-10.0.26100-SP0', 'Packages': {'pytest': '8.3.2', 'pluggy': '1.6.0'}, 'Plugins': {'allure-pytest': '2.13.5', 'anyio': '4.10.0', 'Faker': '37.6.0', 'asyncio': '1.1.0', 'base-url': '2.1.0', 'benchmark': '5.1.0', 'cov': '6.2.1', 'html': '4.1.1', 'json-report': '1.5.0', 'metadata': '3.1.1', 'mock': '3.14.1', 'parallel': '0.1.1', 'playwright': '0.5.2', 'rerunfailures': '16.0', 'timeout': '2.4.0', 'xdist': '3.8.0', 'xvfb': '3.0.0'}, 'JAVA_HOME': 'C:\\\\Program Files\\\\Eclipse Adoptium\\\\jdk-17.0.15.6-hotspot', 'Base URL': ''}\nrootdir: C:\\Users\\gals\\seleniumpythontests-1\\playwright_tests\nconfigfile: pytest.ini\nplugins: allure-pytest-2.13.5, anyio-4.10.0, Faker-37.6.0, asyncio-1.1.0, base-url-2.1.0, benchmark-5.1.0, cov-6.2.1, html-4.1.1, json-report-1.5.0, metadata-3.1.1, mock-3.14.1, parallel-0.1.1, playwright-0.5.2, rerunfailures-16.0, timeout-2.4.0, xdist-3.8.0, xvfb-3.0.0\nasyncio: mode=Mode.AUTO, asyncio_default_fixture_loop_scope=session, asyncio_default_test_loop_scope=function\ncollecting ... collected 69 items\n\ntest_comprehensive_others_signing.py::TestComprehensiveOthersSigning::test_others_sign_pdf_single_recipient_draw_signature ERROR [  1%]\n\n=================================== ERRORS ====================================\n_ ERROR at setup of TestComprehensiveOthersSigning.test_others_sign_pdf_single_recipient_draw_signature _\nfile C:\\Users\\gals\\seleniumpythontests-1\\playwright_tests\\tests\\signing\\test_comprehensive_others_signing.py, line 38\n      async def test_others_sign_pdf_single_recipient_draw_signature(self):\n          \"\"\"Test PDF others signing with single recipient using draw signature\"\"\"\n          await self._test_others_sign_workflow(\"pdf\", 1, \"draw\", \"english\")\nfile C:\\Users\\gals\\seleniumpythontests-1\\playwright_tests\\tests\\signing\\test_comprehensive_others_signing.py, line 25\n      @pytest.fixture(autouse=True)\n      async def setup(self, page: Page, login_session):\n          \"\"\"Setup test fixtures\"\"\"\n          self.page = page\n          self.config = get_test_config()\n          self.others_sign_page = AdvancedOthersSignPage(page)\n          self.home_page = HomePage(page)\n\n          await self.home_page.navigate_to_dashboard()\n          await asyncio.sleep(1)\nE       fixture 'login_session' not found\n>       available fixtures: _artifacts_recorder, _class_scoped_runner, _function_scoped_runner, _module_scoped_runner, _package_scoped_runner, _pw_artifacts_folder, _session_faker, _session_scoped_runner, _verify_url, anyio_backend, anyio_backend_name, anyio_backend_options, authenticated_page, base_url, benchmark, benchmark_weave, browser, browser_channel, browser_context_args, browser_name, browser_type, browser_type_launch_args, cache, capfd, capfdbinary, caplog, capsys, capsysbinary, class_mocker, context, cov, delete_output_dir, device, doctest_namespace, event_loop_policy, extra, extras, faker, free_tcp_port, free_tcp_port_factory, free_udp_port, free_udp_port_factory, include_metadata_in_junit_xml, is_chromium, is_firefox, is_webkit, json_metadata, launch_browser, metadata, mocker, module_mocker, monkeypatch, new_context, no_cover, package_mocker, page, performance_monitor, playwright, pytestconfig, record_property, record_testsuite_property, record_xml_attribute, recwarn, session_mocker, setup, testrun_uid, tmp_path, tmp_path_factory, tmpdir, tmpdir_factory, unused_tcp_port, unused_tcp_port_factory, unused_udp_port, unused_udp_port_factory, worker_id, xvfb\n>       use 'pytest --fixtures [testpath]' for help on them.\n\nC:\\Users\\gals\\seleniumpythontests-1\\playwright_tests\\tests\\signing\\test_comprehensive_others_signing.py:25\n---------------------------- Captured stdout setup ----------------------------\nBrowser mode: HEADLESS (hidden)\n--------------------------------- JSON report ---------------------------------\nreport saved to: reports/test_results.json\n- Generated html report: file:///C:/Users/gals/seleniumpythontests-1/playwright_tests/tests/signing/reports/playwright_report.html -\n=========================== short test summary info ===========================\nERROR test_comprehensive_others_signing.py::TestComprehensiveOthersSigning::test_others_sign_pdf_single_recipient_draw_signature\n!!!!!!!!!!!!!!!!!!!!!!!!!! stopping after 1 failures !!!!!!!!!!!!!!!!!!!!!!!!!!\n========================= 1 warning, 1 error in 1.28s =========================\n",
      "error": "",
      "execution_time": 2.8074123859405518
    },
    {
      "test_name": "test_comprehensive_others_signing_converted.py",
      "repository": "external_wesign",
      "file_path": "C:\\Users\\gals\\seleniumpythontests-1\\playwright_tests\\tests\\signing\\test_comprehensive_others_signing_converted.py",
      "status": "failed",
      "output": "============================= test session starts =============================\nplatform win32 -- Python 3.12.0, pytest-8.3.2, pluggy-1.6.0 -- C:\\Users\\gals\\Desktop\\playwrightTestsClaude\\venv\\Scripts\\python.exe\ncachedir: .pytest_cache\nbenchmark: 5.1.0 (defaults: timer=time.perf_counter disable_gc=False min_rounds=5 min_time=0.000005 max_time=1.0 calibration_precision=10 warmup=False warmup_iterations=100000)\nmetadata: {'Python': '3.12.0', 'Platform': 'Windows-11-10.0.26100-SP0', 'Packages': {'pytest': '8.3.2', 'pluggy': '1.6.0'}, 'Plugins': {'allure-pytest': '2.13.5', 'anyio': '4.10.0', 'Faker': '37.6.0', 'asyncio': '1.1.0', 'base-url': '2.1.0', 'benchmark': '5.1.0', 'cov': '6.2.1', 'html': '4.1.1', 'json-report': '1.5.0', 'metadata': '3.1.1', 'mock': '3.14.1', 'parallel': '0.1.1', 'playwright': '0.5.2', 'rerunfailures': '16.0', 'timeout': '2.4.0', 'xdist': '3.8.0', 'xvfb': '3.0.0'}, 'JAVA_HOME': 'C:\\\\Program Files\\\\Eclipse Adoptium\\\\jdk-17.0.15.6-hotspot', 'Base URL': ''}\nrootdir: C:\\Users\\gals\\seleniumpythontests-1\\playwright_tests\nconfigfile: pytest.ini\nplugins: allure-pytest-2.13.5, anyio-4.10.0, Faker-37.6.0, asyncio-1.1.0, base-url-2.1.0, benchmark-5.1.0, cov-6.2.1, html-4.1.1, json-report-1.5.0, metadata-3.1.1, mock-3.14.1, parallel-0.1.1, playwright-0.5.2, rerunfailures-16.0, timeout-2.4.0, xdist-3.8.0, xvfb-3.0.0\nasyncio: mode=Mode.AUTO, asyncio_default_fixture_loop_scope=session, asyncio_default_test_loop_scope=function\ncollecting ... collected 69 items\n\ntest_comprehensive_others_signing_converted.py::TestComprehensiveOthersSigning::test_others_sign_pdf_single_recipient_draw_signature PASSED [  1%]\ntest_comprehensive_others_signing_converted.py::TestComprehensiveOthersSigning::test_others_sign_pdf_single_recipient_graphic_signature PASSED [  2%]\ntest_comprehensive_others_signing_converted.py::TestComprehensiveOthersSigning::test_others_sign_pdf_single_recipient_initials PASSED [  4%]\ntest_comprehensive_others_signing_converted.py::TestComprehensiveOthersSigning::test_others_sign_pdf_multiple_recipients_sequential PASSED [  5%]\ntest_comprehensive_others_signing_converted.py::TestComprehensiveOthersSigning::test_others_sign_pdf_multiple_recipients_parallel PASSED [  7%]\ntest_comprehensive_others_signing_converted.py::TestComprehensiveOthersSigning::test_others_sign_pdf_bulk_recipients_email FAILED [  8%]\n\n================================== FAILURES ===================================\n__ TestComprehensiveOthersSigning.test_others_sign_pdf_bulk_recipients_email __\ntest_comprehensive_others_signing_converted.py:95: in test_others_sign_pdf_bulk_recipients_email\n    await self._test_others_sign_bulk(\"pdf\", 10, \"email\", \"draw\")\nE   AttributeError: 'TestComprehensiveOthersSigning' object has no attribute '_test_others_sign_bulk'. Did you mean: '_test_others_sign_workflow'?\n--------------------------------- JSON report ---------------------------------\nreport saved to: reports/test_results.json\n- Generated html report: file:///C:/Users/gals/seleniumpythontests-1/playwright_tests/tests/signing/reports/playwright_report.html -\n=========================== short test summary info ===========================\nFAILED test_comprehensive_others_signing_converted.py::TestComprehensiveOthersSigning::test_others_sign_pdf_bulk_recipients_email\n!!!!!!!!!!!!!!!!!!!!!!!!!! stopping after 1 failures !!!!!!!!!!!!!!!!!!!!!!!!!!\n=================== 1 failed, 5 passed, 1 warning in 8.85s ====================\n",
      "error": "",
      "execution_time": 10.287609577178955
    },
    {
      "test_name": "test_comprehensive_self_signing.py",
      "repository": "external_wesign",
      "file_path": "C:\\Users\\gals\\seleniumpythontests-1\\playwright_tests\\tests\\signing\\test_comprehensive_self_signing.py",
      "status": "failed",
      "output": "============================= test session starts =============================\nplatform win32 -- Python 3.12.0, pytest-8.3.2, pluggy-1.6.0 -- C:\\Users\\gals\\Desktop\\playwrightTestsClaude\\venv\\Scripts\\python.exe\ncachedir: .pytest_cache\nbenchmark: 5.1.0 (defaults: timer=time.perf_counter disable_gc=False min_rounds=5 min_time=0.000005 max_time=1.0 calibration_precision=10 warmup=False warmup_iterations=100000)\nmetadata: {'Python': '3.12.0', 'Platform': 'Windows-11-10.0.26100-SP0', 'Packages': {'pytest': '8.3.2', 'pluggy': '1.6.0'}, 'Plugins': {'allure-pytest': '2.13.5', 'anyio': '4.10.0', 'Faker': '37.6.0', 'asyncio': '1.1.0', 'base-url': '2.1.0', 'benchmark': '5.1.0', 'cov': '6.2.1', 'html': '4.1.1', 'json-report': '1.5.0', 'metadata': '3.1.1', 'mock': '3.14.1', 'parallel': '0.1.1', 'playwright': '0.5.2', 'rerunfailures': '16.0', 'timeout': '2.4.0', 'xdist': '3.8.0', 'xvfb': '3.0.0'}, 'JAVA_HOME': 'C:\\\\Program Files\\\\Eclipse Adoptium\\\\jdk-17.0.15.6-hotspot', 'Base URL': ''}\nrootdir: C:\\Users\\gals\\seleniumpythontests-1\\playwright_tests\nconfigfile: pytest.ini\nplugins: allure-pytest-2.13.5, anyio-4.10.0, Faker-37.6.0, asyncio-1.1.0, base-url-2.1.0, benchmark-5.1.0, cov-6.2.1, html-4.1.1, json-report-1.5.0, metadata-3.1.1, mock-3.14.1, parallel-0.1.1, playwright-0.5.2, rerunfailures-16.0, timeout-2.4.0, xdist-3.8.0, xvfb-3.0.0\nasyncio: mode=Mode.AUTO, asyncio_default_fixture_loop_scope=session, asyncio_default_test_loop_scope=function\ncollecting ... collected 75 items\n\ntest_comprehensive_self_signing.py::TestComprehensiveSelfSigning::test_self_sign_pdf_draw_signature_success ERROR [  1%]\n\n=================================== ERRORS ====================================\n_ ERROR at setup of TestComprehensiveSelfSigning.test_self_sign_pdf_draw_signature_success _\nfile C:\\Users\\gals\\seleniumpythontests-1\\playwright_tests\\tests\\signing\\test_comprehensive_self_signing.py, line 38\n      async def test_self_sign_pdf_draw_signature_success(self):\n          \"\"\"Test successful PDF self signing with draw signature\"\"\"\n          await self._test_self_sign_workflow(\"pdf\", \"draw\", \"english\")\nfile C:\\Users\\gals\\seleniumpythontests-1\\playwright_tests\\tests\\signing\\test_comprehensive_self_signing.py, line 25\n      @pytest.fixture(autouse=True)\n      async def setup(self, page: Page, login_session):\n          \"\"\"Setup test fixtures\"\"\"\n          self.page = page\n          self.config = get_test_config()\n          self.self_sign_page = AdvancedSelfSignPage(page)\n          self.home_page = HomePage(page)\n\n          await self.home_page.navigate_to_dashboard()\n          await asyncio.sleep(1)\nE       fixture 'login_session' not found\n>       available fixtures: _artifacts_recorder, _class_scoped_runner, _function_scoped_runner, _module_scoped_runner, _package_scoped_runner, _pw_artifacts_folder, _session_faker, _session_scoped_runner, _verify_url, anyio_backend, anyio_backend_name, anyio_backend_options, authenticated_page, base_url, benchmark, benchmark_weave, browser, browser_channel, browser_context_args, browser_name, browser_type, browser_type_launch_args, cache, capfd, capfdbinary, caplog, capsys, capsysbinary, class_mocker, context, cov, delete_output_dir, device, doctest_namespace, event_loop_policy, extra, extras, faker, free_tcp_port, free_tcp_port_factory, free_udp_port, free_udp_port_factory, include_metadata_in_junit_xml, is_chromium, is_firefox, is_webkit, json_metadata, launch_browser, metadata, mocker, module_mocker, monkeypatch, new_context, no_cover, package_mocker, page, performance_monitor, playwright, pytestconfig, record_property, record_testsuite_property, record_xml_attribute, recwarn, session_mocker, setup, testrun_uid, tmp_path, tmp_path_factory, tmpdir, tmpdir_factory, unused_tcp_port, unused_tcp_port_factory, unused_udp_port, unused_udp_port_factory, worker_id, xvfb\n>       use 'pytest --fixtures [testpath]' for help on them.\n\nC:\\Users\\gals\\seleniumpythontests-1\\playwright_tests\\tests\\signing\\test_comprehensive_self_signing.py:25\n---------------------------- Captured stdout setup ----------------------------\nBrowser mode: HEADLESS (hidden)\n--------------------------------- JSON report ---------------------------------\nreport saved to: reports/test_results.json\n- Generated html report: file:///C:/Users/gals/seleniumpythontests-1/playwright_tests/tests/signing/reports/playwright_report.html -\n=========================== short test summary info ===========================\nERROR test_comprehensive_self_signing.py::TestComprehensiveSelfSigning::test_self_sign_pdf_draw_signature_success\n!!!!!!!!!!!!!!!!!!!!!!!!!! stopping after 1 failures !!!!!!!!!!!!!!!!!!!!!!!!!!\n========================= 1 warning, 1 error in 1.34s =========================\n",
      "error": "",
      "execution_time": 2.8011767864227295
    },
    {
      "test_name": "test_comprehensive_self_signing_converted.py",
      "repository": "external_wesign",
      "file_path": "C:\\Users\\gals\\seleniumpythontests-1\\playwright_tests\\tests\\signing\\test_comprehensive_self_signing_converted.py",
      "status": "failed",
      "output": "============================= test session starts =============================\nplatform win32 -- Python 3.12.0, pytest-8.3.2, pluggy-1.6.0 -- C:\\Users\\gals\\Desktop\\playwrightTestsClaude\\venv\\Scripts\\python.exe\ncachedir: .pytest_cache\nbenchmark: 5.1.0 (defaults: timer=time.perf_counter disable_gc=False min_rounds=5 min_time=0.000005 max_time=1.0 calibration_precision=10 warmup=False warmup_iterations=100000)\nmetadata: {'Python': '3.12.0', 'Platform': 'Windows-11-10.0.26100-SP0', 'Packages': {'pytest': '8.3.2', 'pluggy': '1.6.0'}, 'Plugins': {'allure-pytest': '2.13.5', 'anyio': '4.10.0', 'Faker': '37.6.0', 'asyncio': '1.1.0', 'base-url': '2.1.0', 'benchmark': '5.1.0', 'cov': '6.2.1', 'html': '4.1.1', 'json-report': '1.5.0', 'metadata': '3.1.1', 'mock': '3.14.1', 'parallel': '0.1.1', 'playwright': '0.5.2', 'rerunfailures': '16.0', 'timeout': '2.4.0', 'xdist': '3.8.0', 'xvfb': '3.0.0'}, 'JAVA_HOME': 'C:\\\\Program Files\\\\Eclipse Adoptium\\\\jdk-17.0.15.6-hotspot', 'Base URL': ''}\nrootdir: C:\\Users\\gals\\seleniumpythontests-1\\playwright_tests\nconfigfile: pytest.ini\nplugins: allure-pytest-2.13.5, anyio-4.10.0, Faker-37.6.0, asyncio-1.1.0, base-url-2.1.0, benchmark-5.1.0, cov-6.2.1, html-4.1.1, json-report-1.5.0, metadata-3.1.1, mock-3.14.1, parallel-0.1.1, playwright-0.5.2, rerunfailures-16.0, timeout-2.4.0, xdist-3.8.0, xvfb-3.0.0\nasyncio: mode=Mode.AUTO, asyncio_default_fixture_loop_scope=session, asyncio_default_test_loop_scope=function\ncollecting ... collected 75 items\n\ntest_comprehensive_self_signing_converted.py::TestComprehensiveSelfSigning::test_self_sign_pdf_draw_signature_success PASSED [  1%]\ntest_comprehensive_self_signing_converted.py::TestComprehensiveSelfSigning::test_self_sign_pdf_graphic_signature_success PASSED [  2%]\ntest_comprehensive_self_signing_converted.py::TestComprehensiveSelfSigning::test_self_sign_pdf_initials_signature_success PASSED [  4%]\ntest_comprehensive_self_signing_converted.py::TestComprehensiveSelfSigning::test_self_sign_pdf_type_signature_success PASSED [  5%]\ntest_comprehensive_self_signing_converted.py::TestComprehensiveSelfSigning::test_self_sign_pdf_multiple_signature_fields_success FAILED [  6%]\n\n================================== FAILURES ===================================\n_ TestComprehensiveSelfSigning.test_self_sign_pdf_multiple_signature_fields_success _\ntest_comprehensive_self_signing_converted.py:86: in test_self_sign_pdf_multiple_signature_fields_success\n    await self._test_multiple_signature_fields(\"pdf\", 5, \"draw\")\nE   AttributeError: 'TestComprehensiveSelfSigning' object has no attribute '_test_multiple_signature_fields'\n--------------------------------- JSON report ---------------------------------\nreport saved to: reports/test_results.json\n- Generated html report: file:///C:/Users/gals/seleniumpythontests-1/playwright_tests/tests/signing/reports/playwright_report.html -\n=========================== short test summary info ===========================\nFAILED test_comprehensive_self_signing_converted.py::TestComprehensiveSelfSigning::test_self_sign_pdf_multiple_signature_fields_success\n!!!!!!!!!!!!!!!!!!!!!!!!!! stopping after 1 failures !!!!!!!!!!!!!!!!!!!!!!!!!!\n=================== 1 failed, 4 passed, 1 warning in 6.98s ====================\n",
      "error": "",
      "execution_time": 8.472820043563843
    },
    {
      "test_name": "test_live_signing_sessions.py",
      "repository": "external_wesign",
      "file_path": "C:\\Users\\gals\\seleniumpythontests-1\\playwright_tests\\tests\\signing\\test_live_signing_sessions.py",
      "status": "failed",
      "output": "============================= test session starts =============================\nplatform win32 -- Python 3.12.0, pytest-8.3.2, pluggy-1.6.0 -- C:\\Users\\gals\\Desktop\\playwrightTestsClaude\\venv\\Scripts\\python.exe\ncachedir: .pytest_cache\nbenchmark: 5.1.0 (defaults: timer=time.perf_counter disable_gc=False min_rounds=5 min_time=0.000005 max_time=1.0 calibration_precision=10 warmup=False warmup_iterations=100000)\nmetadata: {'Python': '3.12.0', 'Platform': 'Windows-11-10.0.26100-SP0', 'Packages': {'pytest': '8.3.2', 'pluggy': '1.6.0'}, 'Plugins': {'allure-pytest': '2.13.5', 'anyio': '4.10.0', 'Faker': '37.6.0', 'asyncio': '1.1.0', 'base-url': '2.1.0', 'benchmark': '5.1.0', 'cov': '6.2.1', 'html': '4.1.1', 'json-report': '1.5.0', 'metadata': '3.1.1', 'mock': '3.14.1', 'parallel': '0.1.1', 'playwright': '0.5.2', 'rerunfailures': '16.0', 'timeout': '2.4.0', 'xdist': '3.8.0', 'xvfb': '3.0.0'}, 'JAVA_HOME': 'C:\\\\Program Files\\\\Eclipse Adoptium\\\\jdk-17.0.15.6-hotspot', 'Base URL': ''}\nrootdir: C:\\Users\\gals\\seleniumpythontests-1\\playwright_tests\nconfigfile: pytest.ini\nplugins: allure-pytest-2.13.5, anyio-4.10.0, Faker-37.6.0, asyncio-1.1.0, base-url-2.1.0, benchmark-5.1.0, cov-6.2.1, html-4.1.1, json-report-1.5.0, metadata-3.1.1, mock-3.14.1, parallel-0.1.1, playwright-0.5.2, rerunfailures-16.0, timeout-2.4.0, xdist-3.8.0, xvfb-3.0.0\nasyncio: mode=Mode.AUTO, asyncio_default_fixture_loop_scope=session, asyncio_default_test_loop_scope=function\ncollecting ... collected 16 items\n\ntest_live_signing_sessions.py::TestLiveSigningSessions::test_live_session_works_when_replacing_recipient_success ERROR [  6%]\n\n=================================== ERRORS ====================================\n_ ERROR at setup of TestLiveSigningSessions.test_live_session_works_when_replacing_recipient_success _\nfile C:\\Users\\gals\\seleniumpythontests-1\\playwright_tests\\tests\\signing\\test_live_signing_sessions.py, line 39\n      async def test_live_session_works_when_replacing_recipient_success(self):\n          \"\"\"Test live session continues to work after replacing a recipient\"\"\"\n          # Setup document and start live session\n          await self._prepare_document_for_live_signing()\n\n          # Start live signing session\n          session_result = await self.live_signing_page.start_live_signing_session({\n              'allow_replacement': True,\n              'session_timeout': 30\n          })\n\n          assert session_result['session_started'], \"Live session should start successfully\"\n\n          if session_result['session_started']:\n              # Replace recipient during session\n              new_recipient_data = {\n                  'email': f'new_recipient_{int(asyncio.get_event_loop().time())}@test.com',\n                  'phone': '+1234567890'\n              }\n\n              replacement_success = await self.live_signing_page.replace_recipient_during_live_session(new_recipient_data)\n\n              if replacement_success:\n                  assert True, \"Recipient replacement successful during live session\"\n\n                  # Verify session continues to work after replacement\n                  participants = await self.live_signing_page.get_live_session_participants()\n                  assert len(participants) >= 0, \"Session should continue with updated participants\"\n              else:\n                  assert True, \"Recipient replacement test structure validated (may require specific setup)\"\n\n          await self._cleanup_live_session()\nfile C:\\Users\\gals\\seleniumpythontests-1\\playwright_tests\\tests\\signing\\test_live_signing_sessions.py, line 26\n      @pytest.fixture(autouse=True)\n      async def setup(self, page: Page, login_session):\n          \"\"\"Setup test fixtures\"\"\"\n          self.page = page\n          self.config = get_test_config()\n          self.live_signing_page = LiveSigningAdvancedPage(page)\n          self.self_sign_page = AdvancedSelfSignPage(page)\n          self.home_page = HomePage(page)\n\n          # Navigate to home\n          await self.home_page.navigate_to_dashboard()\n          await asyncio.sleep(1)\nE       fixture 'login_session' not found\n>       available fixtures: _artifacts_recorder, _class_scoped_runner, _function_scoped_runner, _module_scoped_runner, _package_scoped_runner, _pw_artifacts_folder, _session_faker, _session_scoped_runner, _verify_url, anyio_backend, anyio_backend_name, anyio_backend_options, authenticated_page, base_url, benchmark, benchmark_weave, browser, browser_channel, browser_context_args, browser_name, browser_type, browser_type_launch_args, cache, capfd, capfdbinary, caplog, capsys, capsysbinary, class_mocker, context, cov, delete_output_dir, device, doctest_namespace, event_loop_policy, extra, extras, faker, free_tcp_port, free_tcp_port_factory, free_udp_port, free_udp_port_factory, include_metadata_in_junit_xml, is_chromium, is_firefox, is_webkit, json_metadata, launch_browser, metadata, mocker, module_mocker, monkeypatch, new_context, no_cover, package_mocker, page, performance_monitor, playwright, pytestconfig, record_property, record_testsuite_property, record_xml_attribute, recwarn, session_mocker, setup, testrun_uid, tmp_path, tmp_path_factory, tmpdir, tmpdir_factory, unused_tcp_port, unused_tcp_port_factory, unused_udp_port, unused_udp_port_factory, worker_id, xvfb\n>       use 'pytest --fixtures [testpath]' for help on them.\n\nC:\\Users\\gals\\seleniumpythontests-1\\playwright_tests\\tests\\signing\\test_live_signing_sessions.py:26\n---------------------------- Captured stdout setup ----------------------------\nBrowser mode: HEADLESS (hidden)\n--------------------------------- JSON report ---------------------------------\nreport saved to: reports/test_results.json\n- Generated html report: file:///C:/Users/gals/seleniumpythontests-1/playwright_tests/tests/signing/reports/playwright_report.html -\n=========================== short test summary info ===========================\nERROR test_live_signing_sessions.py::TestLiveSigningSessions::test_live_session_works_when_replacing_recipient_success\n!!!!!!!!!!!!!!!!!!!!!!!!!! stopping after 1 failures !!!!!!!!!!!!!!!!!!!!!!!!!!\n======================== 4 warnings, 1 error in 1.35s =========================\n",
      "error": "",
      "execution_time": 2.848201036453247
    },
    {
      "test_name": "test_live_signing_sessions_converted.py",
      "repository": "external_wesign",
      "file_path": "C:\\Users\\gals\\seleniumpythontests-1\\playwright_tests\\tests\\signing\\test_live_signing_sessions_converted.py",
      "status": "failed",
      "output": "============================= test session starts =============================\nplatform win32 -- Python 3.12.0, pytest-8.3.2, pluggy-1.6.0 -- C:\\Users\\gals\\Desktop\\playwrightTestsClaude\\venv\\Scripts\\python.exe\ncachedir: .pytest_cache\nbenchmark: 5.1.0 (defaults: timer=time.perf_counter disable_gc=False min_rounds=5 min_time=0.000005 max_time=1.0 calibration_precision=10 warmup=False warmup_iterations=100000)\nmetadata: {'Python': '3.12.0', 'Platform': 'Windows-11-10.0.26100-SP0', 'Packages': {'pytest': '8.3.2', 'pluggy': '1.6.0'}, 'Plugins': {'allure-pytest': '2.13.5', 'anyio': '4.10.0', 'Faker': '37.6.0', 'asyncio': '1.1.0', 'base-url': '2.1.0', 'benchmark': '5.1.0', 'cov': '6.2.1', 'html': '4.1.1', 'json-report': '1.5.0', 'metadata': '3.1.1', 'mock': '3.14.1', 'parallel': '0.1.1', 'playwright': '0.5.2', 'rerunfailures': '16.0', 'timeout': '2.4.0', 'xdist': '3.8.0', 'xvfb': '3.0.0'}, 'JAVA_HOME': 'C:\\\\Program Files\\\\Eclipse Adoptium\\\\jdk-17.0.15.6-hotspot', 'Base URL': ''}\nrootdir: C:\\Users\\gals\\seleniumpythontests-1\\playwright_tests\nconfigfile: pytest.ini\nplugins: allure-pytest-2.13.5, anyio-4.10.0, Faker-37.6.0, asyncio-1.1.0, base-url-2.1.0, benchmark-5.1.0, cov-6.2.1, html-4.1.1, json-report-1.5.0, metadata-3.1.1, mock-3.14.1, parallel-0.1.1, playwright-0.5.2, rerunfailures-16.0, timeout-2.4.0, xdist-3.8.0, xvfb-3.0.0\nasyncio: mode=Mode.AUTO, asyncio_default_fixture_loop_scope=session, asyncio_default_test_loop_scope=function\ncollecting ... collected 0 items / 1 error\n\n=================================== ERRORS ====================================\n___ ERROR collecting tests/signing/test_live_signing_sessions_converted.py ____\n..\\..\\..\\..\\Desktop\\playwrightTestsClaude\\venv\\Lib\\site-packages\\_pytest\\python.py:493: in importtestmodule\n    mod = import_path(\n..\\..\\..\\..\\Desktop\\playwrightTestsClaude\\venv\\Lib\\site-packages\\_pytest\\pathlib.py:582: in import_path\n    importlib.import_module(module_name)\n..\\..\\..\\..\\AppData\\Local\\Programs\\Python\\Python312\\Lib\\importlib\\__init__.py:90: in import_module\n    return _bootstrap._gcd_import(name[level:], package, level)\n<frozen importlib._bootstrap>:1381: in _gcd_import\n    ???\n<frozen importlib._bootstrap>:1354: in _find_and_load\n    ???\n<frozen importlib._bootstrap>:1325: in _find_and_load_unlocked\n    ???\n<frozen importlib._bootstrap>:929: in _load_unlocked\n    ???\n..\\..\\..\\..\\Desktop\\playwrightTestsClaude\\venv\\Lib\\site-packages\\_pytest\\assertion\\rewrite.py:165: in exec_module\n    source_stat, co = _rewrite_test(fn, self.config)\n..\\..\\..\\..\\Desktop\\playwrightTestsClaude\\venv\\Lib\\site-packages\\_pytest\\assertion\\rewrite.py:345: in _rewrite_test\n    tree = ast.parse(source, filename=strfn)\n..\\..\\..\\..\\AppData\\Local\\Programs\\Python\\Python312\\Lib\\ast.py:52: in parse\n    return compile(source, filename, mode, flags,\nE     File \"C:\\Users\\gals\\seleniumpythontests-1\\playwright_tests\\tests\\signing\\test_live_signing_sessions_converted.py\", line 67\nE       new_recipient_data = {\nE       ^^^^^^^^^^^^^^^^^^\nE   IndentationError: expected an indented block after 'if' statement on line 65\n--------------------------------- JSON report ---------------------------------\nreport saved to: reports/test_results.json\n- Generated html report: file:///C:/Users/gals/seleniumpythontests-1/playwright_tests/tests/signing/reports/playwright_report.html -\n=========================== short test summary info ===========================\nERROR test_live_signing_sessions_converted.py\n!!!!!!!!!!!!!!!!!!!!!!!!!! stopping after 1 failures !!!!!!!!!!!!!!!!!!!!!!!!!!\n!!!!!!!!!!!!!!!!!!! Interrupted: 1 error during collection !!!!!!!!!!!!!!!!!!!!\n============================== 1 error in 0.31s ===============================\n",
      "error": "",
      "execution_time": 1.8090946674346924
    },
    {
      "test_name": "test_signing_integration.py",
      "repository": "external_wesign",
      "file_path": "C:\\Users\\gals\\seleniumpythontests-1\\playwright_tests\\tests\\signing\\test_signing_integration.py",
      "status": "failed",
      "output": "============================= test session starts =============================\nplatform win32 -- Python 3.12.0, pytest-8.3.2, pluggy-1.6.0 -- C:\\Users\\gals\\Desktop\\playwrightTestsClaude\\venv\\Scripts\\python.exe\ncachedir: .pytest_cache\nbenchmark: 5.1.0 (defaults: timer=time.perf_counter disable_gc=False min_rounds=5 min_time=0.000005 max_time=1.0 calibration_precision=10 warmup=False warmup_iterations=100000)\nmetadata: {'Python': '3.12.0', 'Platform': 'Windows-11-10.0.26100-SP0', 'Packages': {'pytest': '8.3.2', 'pluggy': '1.6.0'}, 'Plugins': {'allure-pytest': '2.13.5', 'anyio': '4.10.0', 'Faker': '37.6.0', 'asyncio': '1.1.0', 'base-url': '2.1.0', 'benchmark': '5.1.0', 'cov': '6.2.1', 'html': '4.1.1', 'json-report': '1.5.0', 'metadata': '3.1.1', 'mock': '3.14.1', 'parallel': '0.1.1', 'playwright': '0.5.2', 'rerunfailures': '16.0', 'timeout': '2.4.0', 'xdist': '3.8.0', 'xvfb': '3.0.0'}, 'JAVA_HOME': 'C:\\\\Program Files\\\\Eclipse Adoptium\\\\jdk-17.0.15.6-hotspot', 'Base URL': ''}\nrootdir: C:\\Users\\gals\\seleniumpythontests-1\\playwright_tests\nconfigfile: pytest.ini\nplugins: allure-pytest-2.13.5, anyio-4.10.0, Faker-37.6.0, asyncio-1.1.0, base-url-2.1.0, benchmark-5.1.0, cov-6.2.1, html-4.1.1, json-report-1.5.0, metadata-3.1.1, mock-3.14.1, parallel-0.1.1, playwright-0.5.2, rerunfailures-16.0, timeout-2.4.0, xdist-3.8.0, xvfb-3.0.0\nasyncio: mode=Mode.AUTO, asyncio_default_fixture_loop_scope=session, asyncio_default_test_loop_scope=function\ncollecting ... collected 0 items / 1 error\n\n=================================== ERRORS ====================================\n_________ ERROR collecting tests/signing/test_signing_integration.py __________\nImportError while importing test module 'C:\\Users\\gals\\seleniumpythontests-1\\playwright_tests\\tests\\signing\\test_signing_integration.py'.\nHint: make sure your test modules/packages have valid Python names.\nTraceback:\n..\\..\\..\\..\\AppData\\Local\\Programs\\Python\\Python312\\Lib\\importlib\\__init__.py:90: in import_module\n    return _bootstrap._gcd_import(name[level:], package, level)\ntest_signing_integration.py:21: in <module>\n    from utils.test_data_factory import TestDataFactory\n..\\..\\utils\\test_data_factory.py:11: in <module>\n    import names\nE   ModuleNotFoundError: No module named 'names'\n------------------------------- Captured stdout -------------------------------\nWarning: Could not import CommonMethods: No module named 'names'\nWarning: Could not import TestDataFactory: No module named 'names'\nWarning: Could not import PlaywrightSelfHealingOrchestrator: No module named 'names'\n--------------------------------- JSON report ---------------------------------\nreport saved to: reports/test_results.json\n- Generated html report: file:///C:/Users/gals/seleniumpythontests-1/playwright_tests/tests/signing/reports/playwright_report.html -\n=========================== short test summary info ===========================\nERROR test_signing_integration.py\n!!!!!!!!!!!!!!!!!!!!!!!!!! stopping after 1 failures !!!!!!!!!!!!!!!!!!!!!!!!!!\n!!!!!!!!!!!!!!!!!!! Interrupted: 1 error during collection !!!!!!!!!!!!!!!!!!!!\n============================== 1 error in 0.36s ===============================\n",
      "error": "",
      "execution_time": 1.868467092514038
    },
    {
      "test_name": "test_signing_integration_converted.py",
      "repository": "external_wesign",
      "file_path": "C:\\Users\\gals\\seleniumpythontests-1\\playwright_tests\\tests\\signing\\test_signing_integration_converted.py",
      "status": "failed",
      "output": "============================= test session starts =============================\nplatform win32 -- Python 3.12.0, pytest-8.3.2, pluggy-1.6.0 -- C:\\Users\\gals\\Desktop\\playwrightTestsClaude\\venv\\Scripts\\python.exe\ncachedir: .pytest_cache\nbenchmark: 5.1.0 (defaults: timer=time.perf_counter disable_gc=False min_rounds=5 min_time=0.000005 max_time=1.0 calibration_precision=10 warmup=False warmup_iterations=100000)\nmetadata: {'Python': '3.12.0', 'Platform': 'Windows-11-10.0.26100-SP0', 'Packages': {'pytest': '8.3.2', 'pluggy': '1.6.0'}, 'Plugins': {'allure-pytest': '2.13.5', 'anyio': '4.10.0', 'Faker': '37.6.0', 'asyncio': '1.1.0', 'base-url': '2.1.0', 'benchmark': '5.1.0', 'cov': '6.2.1', 'html': '4.1.1', 'json-report': '1.5.0', 'metadata': '3.1.1', 'mock': '3.14.1', 'parallel': '0.1.1', 'playwright': '0.5.2', 'rerunfailures': '16.0', 'timeout': '2.4.0', 'xdist': '3.8.0', 'xvfb': '3.0.0'}, 'JAVA_HOME': 'C:\\\\Program Files\\\\Eclipse Adoptium\\\\jdk-17.0.15.6-hotspot', 'Base URL': ''}\nrootdir: C:\\Users\\gals\\seleniumpythontests-1\\playwright_tests\nconfigfile: pytest.ini\nplugins: allure-pytest-2.13.5, anyio-4.10.0, Faker-37.6.0, asyncio-1.1.0, base-url-2.1.0, benchmark-5.1.0, cov-6.2.1, html-4.1.1, json-report-1.5.0, metadata-3.1.1, mock-3.14.1, parallel-0.1.1, playwright-0.5.2, rerunfailures-16.0, timeout-2.4.0, xdist-3.8.0, xvfb-3.0.0\nasyncio: mode=Mode.AUTO, asyncio_default_fixture_loop_scope=session, asyncio_default_test_loop_scope=function\ncollecting ... collected 0 items / 1 error\n\n=================================== ERRORS ====================================\n____ ERROR collecting tests/signing/test_signing_integration_converted.py _____\n..\\..\\..\\..\\Desktop\\playwrightTestsClaude\\venv\\Lib\\site-packages\\_pytest\\python.py:493: in importtestmodule\n    mod = import_path(\n..\\..\\..\\..\\Desktop\\playwrightTestsClaude\\venv\\Lib\\site-packages\\_pytest\\pathlib.py:582: in import_path\n    importlib.import_module(module_name)\n..\\..\\..\\..\\AppData\\Local\\Programs\\Python\\Python312\\Lib\\importlib\\__init__.py:90: in import_module\n    return _bootstrap._gcd_import(name[level:], package, level)\n<frozen importlib._bootstrap>:1381: in _gcd_import\n    ???\n<frozen importlib._bootstrap>:1354: in _find_and_load\n    ???\n<frozen importlib._bootstrap>:1325: in _find_and_load_unlocked\n    ???\n<frozen importlib._bootstrap>:929: in _load_unlocked\n    ???\n..\\..\\..\\..\\Desktop\\playwrightTestsClaude\\venv\\Lib\\site-packages\\_pytest\\assertion\\rewrite.py:165: in exec_module\n    source_stat, co = _rewrite_test(fn, self.config)\n..\\..\\..\\..\\Desktop\\playwrightTestsClaude\\venv\\Lib\\site-packages\\_pytest\\assertion\\rewrite.py:345: in _rewrite_test\n    tree = ast.parse(source, filename=strfn)\n..\\..\\..\\..\\AppData\\Local\\Programs\\Python\\Python312\\Lib\\ast.py:52: in parse\n    return compile(source, filename, mode, flags,\nE     File \"C:\\Users\\gals\\seleniumpythontests-1\\playwright_tests\\tests\\signing\\test_signing_integration_converted.py\", line 64\nE       document_content = \"Complete Self-Signing Integration Test Document\\n\\nThis document will be signed using the self-signing workflow.\"\nE       ^^^^^^^^^^^^^^^^\nE   IndentationError: expected an indented block after 'try' statement on line 62\n--------------------------------- JSON report ---------------------------------\nreport saved to: reports/test_results.json\n- Generated html report: file:///C:/Users/gals/seleniumpythontests-1/playwright_tests/tests/signing/reports/playwright_report.html -\n=========================== short test summary info ===========================\nERROR test_signing_integration_converted.py\n!!!!!!!!!!!!!!!!!!!!!!!!!! stopping after 1 failures !!!!!!!!!!!!!!!!!!!!!!!!!!\n!!!!!!!!!!!!!!!!!!! Interrupted: 1 error during collection !!!!!!!!!!!!!!!!!!!!\n============================== 1 error in 0.34s ===============================\n",
      "error": "",
      "execution_time": 1.8514747619628906
    },
    {
      "test_name": "test_signing_workflows.py",
      "repository": "external_wesign",
      "file_path": "C:\\Users\\gals\\seleniumpythontests-1\\playwright_tests\\tests\\signing\\test_signing_workflows.py",
      "status": "failed",
      "output": "============================= test session starts =============================\nplatform win32 -- Python 3.12.0, pytest-8.3.2, pluggy-1.6.0 -- C:\\Users\\gals\\Desktop\\playwrightTestsClaude\\venv\\Scripts\\python.exe\ncachedir: .pytest_cache\nbenchmark: 5.1.0 (defaults: timer=time.perf_counter disable_gc=False min_rounds=5 min_time=0.000005 max_time=1.0 calibration_precision=10 warmup=False warmup_iterations=100000)\nmetadata: {'Python': '3.12.0', 'Platform': 'Windows-11-10.0.26100-SP0', 'Packages': {'pytest': '8.3.2', 'pluggy': '1.6.0'}, 'Plugins': {'allure-pytest': '2.13.5', 'anyio': '4.10.0', 'Faker': '37.6.0', 'asyncio': '1.1.0', 'base-url': '2.1.0', 'benchmark': '5.1.0', 'cov': '6.2.1', 'html': '4.1.1', 'json-report': '1.5.0', 'metadata': '3.1.1', 'mock': '3.14.1', 'parallel': '0.1.1', 'playwright': '0.5.2', 'rerunfailures': '16.0', 'timeout': '2.4.0', 'xdist': '3.8.0', 'xvfb': '3.0.0'}, 'JAVA_HOME': 'C:\\\\Program Files\\\\Eclipse Adoptium\\\\jdk-17.0.15.6-hotspot', 'Base URL': ''}\nrootdir: C:\\Users\\gals\\seleniumpythontests-1\\playwright_tests\nconfigfile: pytest.ini\nplugins: allure-pytest-2.13.5, anyio-4.10.0, Faker-37.6.0, asyncio-1.1.0, base-url-2.1.0, benchmark-5.1.0, cov-6.2.1, html-4.1.1, json-report-1.5.0, metadata-3.1.1, mock-3.14.1, parallel-0.1.1, playwright-0.5.2, rerunfailures-16.0, timeout-2.4.0, xdist-3.8.0, xvfb-3.0.0\nasyncio: mode=Mode.AUTO, asyncio_default_fixture_loop_scope=session, asyncio_default_test_loop_scope=function\ncollecting ... collected 0 items / 1 error\n\n=================================== ERRORS ====================================\n__________ ERROR collecting tests/signing/test_signing_workflows.py ___________\nImportError while importing test module 'C:\\Users\\gals\\seleniumpythontests-1\\playwright_tests\\tests\\signing\\test_signing_workflows.py'.\nHint: make sure your test modules/packages have valid Python names.\nTraceback:\n..\\..\\..\\..\\AppData\\Local\\Programs\\Python\\Python312\\Lib\\importlib\\__init__.py:90: in import_module\n    return _bootstrap._gcd_import(name[level:], package, level)\ntest_signing_workflows.py:20: in <module>\n    from utils.test_data_factory import TestDataFactory\n..\\..\\utils\\test_data_factory.py:11: in <module>\n    import names\nE   ModuleNotFoundError: No module named 'names'\n------------------------------- Captured stdout -------------------------------\nWarning: Could not import CommonMethods: No module named 'names'\nWarning: Could not import TestDataFactory: No module named 'names'\nWarning: Could not import PlaywrightSelfHealingOrchestrator: No module named 'names'\n--------------------------------- JSON report ---------------------------------\nreport saved to: reports/test_results.json\n- Generated html report: file:///C:/Users/gals/seleniumpythontests-1/playwright_tests/tests/signing/reports/playwright_report.html -\n=========================== short test summary info ===========================\nERROR test_signing_workflows.py\n!!!!!!!!!!!!!!!!!!!!!!!!!! stopping after 1 failures !!!!!!!!!!!!!!!!!!!!!!!!!!\n!!!!!!!!!!!!!!!!!!! Interrupted: 1 error during collection !!!!!!!!!!!!!!!!!!!!\n============================== 1 error in 0.36s ===============================\n",
      "error": "",
      "execution_time": 1.813941240310669
    },
    {
      "test_name": "test_signing_workflows_converted.py",
      "repository": "external_wesign",
      "file_path": "C:\\Users\\gals\\seleniumpythontests-1\\playwright_tests\\tests\\signing\\test_signing_workflows_converted.py",
      "status": "failed",
      "output": "============================= test session starts =============================\nplatform win32 -- Python 3.12.0, pytest-8.3.2, pluggy-1.6.0 -- C:\\Users\\gals\\Desktop\\playwrightTestsClaude\\venv\\Scripts\\python.exe\ncachedir: .pytest_cache\nbenchmark: 5.1.0 (defaults: timer=time.perf_counter disable_gc=False min_rounds=5 min_time=0.000005 max_time=1.0 calibration_precision=10 warmup=False warmup_iterations=100000)\nmetadata: {'Python': '3.12.0', 'Platform': 'Windows-11-10.0.26100-SP0', 'Packages': {'pytest': '8.3.2', 'pluggy': '1.6.0'}, 'Plugins': {'allure-pytest': '2.13.5', 'anyio': '4.10.0', 'Faker': '37.6.0', 'asyncio': '1.1.0', 'base-url': '2.1.0', 'benchmark': '5.1.0', 'cov': '6.2.1', 'html': '4.1.1', 'json-report': '1.5.0', 'metadata': '3.1.1', 'mock': '3.14.1', 'parallel': '0.1.1', 'playwright': '0.5.2', 'rerunfailures': '16.0', 'timeout': '2.4.0', 'xdist': '3.8.0', 'xvfb': '3.0.0'}, 'JAVA_HOME': 'C:\\\\Program Files\\\\Eclipse Adoptium\\\\jdk-17.0.15.6-hotspot', 'Base URL': ''}\nrootdir: C:\\Users\\gals\\seleniumpythontests-1\\playwright_tests\nconfigfile: pytest.ini\nplugins: allure-pytest-2.13.5, anyio-4.10.0, Faker-37.6.0, asyncio-1.1.0, base-url-2.1.0, benchmark-5.1.0, cov-6.2.1, html-4.1.1, json-report-1.5.0, metadata-3.1.1, mock-3.14.1, parallel-0.1.1, playwright-0.5.2, rerunfailures-16.0, timeout-2.4.0, xdist-3.8.0, xvfb-3.0.0\nasyncio: mode=Mode.AUTO, asyncio_default_fixture_loop_scope=session, asyncio_default_test_loop_scope=function\ncollecting ... collected 0 items / 1 error\n\n=================================== ERRORS ====================================\n_____ ERROR collecting tests/signing/test_signing_workflows_converted.py ______\n..\\..\\..\\..\\Desktop\\playwrightTestsClaude\\venv\\Lib\\site-packages\\_pytest\\python.py:493: in importtestmodule\n    mod = import_path(\n..\\..\\..\\..\\Desktop\\playwrightTestsClaude\\venv\\Lib\\site-packages\\_pytest\\pathlib.py:582: in import_path\n    importlib.import_module(module_name)\n..\\..\\..\\..\\AppData\\Local\\Programs\\Python\\Python312\\Lib\\importlib\\__init__.py:90: in import_module\n    return _bootstrap._gcd_import(name[level:], package, level)\n<frozen importlib._bootstrap>:1381: in _gcd_import\n    ???\n<frozen importlib._bootstrap>:1354: in _find_and_load\n    ???\n<frozen importlib._bootstrap>:1325: in _find_and_load_unlocked\n    ???\n<frozen importlib._bootstrap>:929: in _load_unlocked\n    ???\n..\\..\\..\\..\\Desktop\\playwrightTestsClaude\\venv\\Lib\\site-packages\\_pytest\\assertion\\rewrite.py:165: in exec_module\n    source_stat, co = _rewrite_test(fn, self.config)\n..\\..\\..\\..\\Desktop\\playwrightTestsClaude\\venv\\Lib\\site-packages\\_pytest\\assertion\\rewrite.py:345: in _rewrite_test\n    tree = ast.parse(source, filename=strfn)\n..\\..\\..\\..\\AppData\\Local\\Programs\\Python\\Python312\\Lib\\ast.py:52: in parse\n    return compile(source, filename, mode, flags,\nE     File \"C:\\Users\\gals\\seleniumpythontests-1\\playwright_tests\\tests\\signing\\test_signing_workflows_converted.py\", line 62\nE       test_doc = self.file_handler.create_test_document(\"pdf\", \"Test document for self-signing\")\nE       ^^^^^^^^\nE   IndentationError: expected an indented block after 'try' statement on line 60\n--------------------------------- JSON report ---------------------------------\nreport saved to: reports/test_results.json\n- Generated html report: file:///C:/Users/gals/seleniumpythontests-1/playwright_tests/tests/signing/reports/playwright_report.html -\n=========================== short test summary info ===========================\nERROR test_signing_workflows_converted.py\n!!!!!!!!!!!!!!!!!!!!!!!!!! stopping after 1 failures !!!!!!!!!!!!!!!!!!!!!!!!!!\n!!!!!!!!!!!!!!!!!!! Interrupted: 1 error during collection !!!!!!!!!!!!!!!!!!!!\n============================== 1 error in 0.30s ===============================\n",
      "error": "",
      "execution_time": 1.7404749393463135
    },
    {
      "test_name": "test_smart_card_integration.py",
      "repository": "external_wesign",
      "file_path": "C:\\Users\\gals\\seleniumpythontests-1\\playwright_tests\\tests\\signing\\test_smart_card_integration.py",
      "status": "failed",
      "output": "============================= test session starts =============================\nplatform win32 -- Python 3.12.0, pytest-8.3.2, pluggy-1.6.0 -- C:\\Users\\gals\\Desktop\\playwrightTestsClaude\\venv\\Scripts\\python.exe\ncachedir: .pytest_cache\nbenchmark: 5.1.0 (defaults: timer=time.perf_counter disable_gc=False min_rounds=5 min_time=0.000005 max_time=1.0 calibration_precision=10 warmup=False warmup_iterations=100000)\nmetadata: {'Python': '3.12.0', 'Platform': 'Windows-11-10.0.26100-SP0', 'Packages': {'pytest': '8.3.2', 'pluggy': '1.6.0'}, 'Plugins': {'allure-pytest': '2.13.5', 'anyio': '4.10.0', 'Faker': '37.6.0', 'asyncio': '1.1.0', 'base-url': '2.1.0', 'benchmark': '5.1.0', 'cov': '6.2.1', 'html': '4.1.1', 'json-report': '1.5.0', 'metadata': '3.1.1', 'mock': '3.14.1', 'parallel': '0.1.1', 'playwright': '0.5.2', 'rerunfailures': '16.0', 'timeout': '2.4.0', 'xdist': '3.8.0', 'xvfb': '3.0.0'}, 'JAVA_HOME': 'C:\\\\Program Files\\\\Eclipse Adoptium\\\\jdk-17.0.15.6-hotspot', 'Base URL': ''}\nrootdir: C:\\Users\\gals\\seleniumpythontests-1\\playwright_tests\nconfigfile: pytest.ini\nplugins: allure-pytest-2.13.5, anyio-4.10.0, Faker-37.6.0, asyncio-1.1.0, base-url-2.1.0, benchmark-5.1.0, cov-6.2.1, html-4.1.1, json-report-1.5.0, metadata-3.1.1, mock-3.14.1, parallel-0.1.1, playwright-0.5.2, rerunfailures-16.0, timeout-2.4.0, xdist-3.8.0, xvfb-3.0.0\nasyncio: mode=Mode.AUTO, asyncio_default_fixture_loop_scope=session, asyncio_default_test_loop_scope=function\ncollecting ... collected 39 items\n\ntest_smart_card_integration.py::TestSmartCardIntegration::test_smart_card_pdf_draw_signature_english ERROR [  2%]\n\n=================================== ERRORS ====================================\n_ ERROR at setup of TestSmartCardIntegration.test_smart_card_pdf_draw_signature_english _\nfile C:\\Users\\gals\\seleniumpythontests-1\\playwright_tests\\tests\\signing\\test_smart_card_integration.py, line 41\n      async def test_smart_card_pdf_draw_signature_english(self):\n          \"\"\"Test PDF signing with smart card using draw signature in English\"\"\"\n          await self._test_smart_card_document_signing(\"pdf\", \"draw\", \"english\")\nfile C:\\Users\\gals\\seleniumpythontests-1\\playwright_tests\\tests\\signing\\test_smart_card_integration.py, line 26\n      @pytest.fixture(autouse=True)\n      async def setup(self, page: Page, login_session):\n          \"\"\"Setup test fixtures\"\"\"\n          self.page = page\n          self.config = get_test_config()\n          self.smart_card_page = SmartCardIntegrationPage(page)\n          self.self_sign_page = AdvancedSelfSignPage(page)\n          self.home_page = HomePage(page)\n\n          # Navigate to home and change language if needed\n          await self.home_page.navigate_to_dashboard()\n          await asyncio.sleep(1)\nE       fixture 'login_session' not found\n>       available fixtures: _artifacts_recorder, _class_scoped_runner, _function_scoped_runner, _module_scoped_runner, _package_scoped_runner, _pw_artifacts_folder, _session_faker, _session_scoped_runner, _verify_url, anyio_backend, anyio_backend_name, anyio_backend_options, authenticated_page, base_url, benchmark, benchmark_weave, browser, browser_channel, browser_context_args, browser_name, browser_type, browser_type_launch_args, cache, capfd, capfdbinary, caplog, capsys, capsysbinary, class_mocker, context, cov, delete_output_dir, device, doctest_namespace, event_loop_policy, extra, extras, faker, free_tcp_port, free_tcp_port_factory, free_udp_port, free_udp_port_factory, include_metadata_in_junit_xml, is_chromium, is_firefox, is_webkit, json_metadata, launch_browser, metadata, mocker, module_mocker, monkeypatch, new_context, no_cover, package_mocker, page, performance_monitor, playwright, pytestconfig, record_property, record_testsuite_property, record_xml_attribute, recwarn, session_mocker, setup, testrun_uid, tmp_path, tmp_path_factory, tmpdir, tmpdir_factory, unused_tcp_port, unused_tcp_port_factory, unused_udp_port, unused_udp_port_factory, worker_id, xvfb\n>       use 'pytest --fixtures [testpath]' for help on them.\n\nC:\\Users\\gals\\seleniumpythontests-1\\playwright_tests\\tests\\signing\\test_smart_card_integration.py:26\n---------------------------- Captured stdout setup ----------------------------\nBrowser mode: HEADLESS (hidden)\n--------------------------------- JSON report ---------------------------------\nreport saved to: reports/test_results.json\n- Generated html report: file:///C:/Users/gals/seleniumpythontests-1/playwright_tests/tests/signing/reports/playwright_report.html -\n=========================== short test summary info ===========================\nERROR test_smart_card_integration.py::TestSmartCardIntegration::test_smart_card_pdf_draw_signature_english\n!!!!!!!!!!!!!!!!!!!!!!!!!! stopping after 1 failures !!!!!!!!!!!!!!!!!!!!!!!!!!\n======================== 2 warnings, 1 error in 1.32s =========================\n",
      "error": "",
      "execution_time": 2.7546489238739014
    },
    {
      "test_name": "test_smart_card_integration_converted.py",
      "repository": "external_wesign",
      "file_path": "C:\\Users\\gals\\seleniumpythontests-1\\playwright_tests\\tests\\signing\\test_smart_card_integration_converted.py",
      "status": "failed",
      "output": "============================= test session starts =============================\nplatform win32 -- Python 3.12.0, pytest-8.3.2, pluggy-1.6.0 -- C:\\Users\\gals\\Desktop\\playwrightTestsClaude\\venv\\Scripts\\python.exe\ncachedir: .pytest_cache\nbenchmark: 5.1.0 (defaults: timer=time.perf_counter disable_gc=False min_rounds=5 min_time=0.000005 max_time=1.0 calibration_precision=10 warmup=False warmup_iterations=100000)\nmetadata: {'Python': '3.12.0', 'Platform': 'Windows-11-10.0.26100-SP0', 'Packages': {'pytest': '8.3.2', 'pluggy': '1.6.0'}, 'Plugins': {'allure-pytest': '2.13.5', 'anyio': '4.10.0', 'Faker': '37.6.0', 'asyncio': '1.1.0', 'base-url': '2.1.0', 'benchmark': '5.1.0', 'cov': '6.2.1', 'html': '4.1.1', 'json-report': '1.5.0', 'metadata': '3.1.1', 'mock': '3.14.1', 'parallel': '0.1.1', 'playwright': '0.5.2', 'rerunfailures': '16.0', 'timeout': '2.4.0', 'xdist': '3.8.0', 'xvfb': '3.0.0'}, 'JAVA_HOME': 'C:\\\\Program Files\\\\Eclipse Adoptium\\\\jdk-17.0.15.6-hotspot', 'Base URL': ''}\nrootdir: C:\\Users\\gals\\seleniumpythontests-1\\playwright_tests\nconfigfile: pytest.ini\nplugins: allure-pytest-2.13.5, anyio-4.10.0, Faker-37.6.0, asyncio-1.1.0, base-url-2.1.0, benchmark-5.1.0, cov-6.2.1, html-4.1.1, json-report-1.5.0, metadata-3.1.1, mock-3.14.1, parallel-0.1.1, playwright-0.5.2, rerunfailures-16.0, timeout-2.4.0, xdist-3.8.0, xvfb-3.0.0\nasyncio: mode=Mode.AUTO, asyncio_default_fixture_loop_scope=session, asyncio_default_test_loop_scope=function\ncollecting ... collected 0 items / 1 error\n\n=================================== ERRORS ====================================\n___ ERROR collecting tests/signing/test_smart_card_integration_converted.py ___\n..\\..\\..\\..\\Desktop\\playwrightTestsClaude\\venv\\Lib\\site-packages\\_pytest\\python.py:493: in importtestmodule\n    mod = import_path(\n..\\..\\..\\..\\Desktop\\playwrightTestsClaude\\venv\\Lib\\site-packages\\_pytest\\pathlib.py:582: in import_path\n    importlib.import_module(module_name)\n..\\..\\..\\..\\AppData\\Local\\Programs\\Python\\Python312\\Lib\\importlib\\__init__.py:90: in import_module\n    return _bootstrap._gcd_import(name[level:], package, level)\n<frozen importlib._bootstrap>:1381: in _gcd_import\n    ???\n<frozen importlib._bootstrap>:1354: in _find_and_load\n    ???\n<frozen importlib._bootstrap>:1325: in _find_and_load_unlocked\n    ???\n<frozen importlib._bootstrap>:929: in _load_unlocked\n    ???\n..\\..\\..\\..\\Desktop\\playwrightTestsClaude\\venv\\Lib\\site-packages\\_pytest\\assertion\\rewrite.py:165: in exec_module\n    source_stat, co = _rewrite_test(fn, self.config)\n..\\..\\..\\..\\Desktop\\playwrightTestsClaude\\venv\\Lib\\site-packages\\_pytest\\assertion\\rewrite.py:345: in _rewrite_test\n    tree = ast.parse(source, filename=strfn)\n..\\..\\..\\..\\AppData\\Local\\Programs\\Python\\Python312\\Lib\\ast.py:52: in parse\n    return compile(source, filename, mode, flags,\nE     File \"C:\\Users\\gals\\seleniumpythontests-1\\playwright_tests\\tests\\signing\\test_smart_card_integration_converted.py\", line 270\nE       if await self.smart_card_page.select_certificate(i):\nE       ^^\nE   IndentationError: expected an indented block after 'for' statement on line 269\n--------------------------------- JSON report ---------------------------------\nreport saved to: reports/test_results.json\n- Generated html report: file:///C:/Users/gals/seleniumpythontests-1/playwright_tests/tests/signing/reports/playwright_report.html -\n=========================== short test summary info ===========================\nERROR test_smart_card_integration_converted.py\n!!!!!!!!!!!!!!!!!!!!!!!!!! stopping after 1 failures !!!!!!!!!!!!!!!!!!!!!!!!!!\n!!!!!!!!!!!!!!!!!!! Interrupted: 1 error during collection !!!!!!!!!!!!!!!!!!!!\n============================== 1 error in 0.39s ===============================\n",
      "error": "",
      "execution_time": 1.8608219623565674
    },
    {
      "test_name": "test_system_administration_reports.py",
      "repository": "external_wesign",
      "file_path": "C:\\Users\\gals\\seleniumpythontests-1\\playwright_tests\\tests\\system\\test_system_administration_reports.py",
      "status": "failed",
      "output": "============================= test session starts =============================\nplatform win32 -- Python 3.12.0, pytest-8.3.2, pluggy-1.6.0 -- C:\\Users\\gals\\Desktop\\playwrightTestsClaude\\venv\\Scripts\\python.exe\ncachedir: .pytest_cache\nbenchmark: 5.1.0 (defaults: timer=time.perf_counter disable_gc=False min_rounds=5 min_time=0.000005 max_time=1.0 calibration_precision=10 warmup=False warmup_iterations=100000)\nmetadata: {'Python': '3.12.0', 'Platform': 'Windows-11-10.0.26100-SP0', 'Packages': {'pytest': '8.3.2', 'pluggy': '1.6.0'}, 'Plugins': {'allure-pytest': '2.13.5', 'anyio': '4.10.0', 'Faker': '37.6.0', 'asyncio': '1.1.0', 'base-url': '2.1.0', 'benchmark': '5.1.0', 'cov': '6.2.1', 'html': '4.1.1', 'json-report': '1.5.0', 'metadata': '3.1.1', 'mock': '3.14.1', 'parallel': '0.1.1', 'playwright': '0.5.2', 'rerunfailures': '16.0', 'timeout': '2.4.0', 'xdist': '3.8.0', 'xvfb': '3.0.0'}, 'JAVA_HOME': 'C:\\\\Program Files\\\\Eclipse Adoptium\\\\jdk-17.0.15.6-hotspot', 'Base URL': ''}\nrootdir: C:\\Users\\gals\\seleniumpythontests-1\\playwright_tests\nconfigfile: pytest.ini\nplugins: allure-pytest-2.13.5, anyio-4.10.0, Faker-37.6.0, asyncio-1.1.0, base-url-2.1.0, benchmark-5.1.0, cov-6.2.1, html-4.1.1, json-report-1.5.0, metadata-3.1.1, mock-3.14.1, parallel-0.1.1, playwright-0.5.2, rerunfailures-16.0, timeout-2.4.0, xdist-3.8.0, xvfb-3.0.0\nasyncio: mode=Mode.AUTO, asyncio_default_fixture_loop_scope=session, asyncio_default_test_loop_scope=function\ncollecting ... collected 52 items\n\ntest_system_administration_reports.py::TestSystemAdministrationReports::test_system_admin_user_capacity_management ERROR [  1%]\n\n=================================== ERRORS ====================================\n_ ERROR at setup of TestSystemAdministrationReports.test_system_admin_user_capacity_management _\nfile C:\\Users\\gals\\seleniumpythontests-1\\playwright_tests\\tests\\system\\test_system_administration_reports.py, line 36\n      async def test_system_admin_user_capacity_management(self):\n          \"\"\"Test user capacity management\"\"\"\n          await self._test_user_capacity_management()\nfile C:\\Users\\gals\\seleniumpythontests-1\\playwright_tests\\tests\\system\\test_system_administration_reports.py, line 24\n      @pytest.fixture(autouse=True)\n      async def setup(self, page: Page, login_session):\n          \"\"\"Setup test fixtures\"\"\"\n          self.page = page\n          self.config = get_test_config()\n          self.home_page = HomePage(page)\n\n          await self.home_page.navigate_to_dashboard()\n          await asyncio.sleep(1)\nE       fixture 'login_session' not found\n>       available fixtures: _artifacts_recorder, _class_scoped_runner, _function_scoped_runner, _module_scoped_runner, _package_scoped_runner, _pw_artifacts_folder, _session_faker, _session_scoped_runner, _verify_url, anyio_backend, anyio_backend_name, anyio_backend_options, authenticated_page, base_url, benchmark, benchmark_weave, browser, browser_channel, browser_context_args, browser_name, browser_type, browser_type_launch_args, cache, capfd, capfdbinary, caplog, capsys, capsysbinary, class_mocker, context, cov, delete_output_dir, device, doctest_namespace, event_loop_policy, extra, extras, faker, free_tcp_port, free_tcp_port_factory, free_udp_port, free_udp_port_factory, include_metadata_in_junit_xml, is_chromium, is_firefox, is_webkit, json_metadata, launch_browser, metadata, mocker, module_mocker, monkeypatch, new_context, no_cover, package_mocker, page, performance_monitor, playwright, pytestconfig, record_property, record_testsuite_property, record_xml_attribute, recwarn, session_mocker, setup, testrun_uid, tmp_path, tmp_path_factory, tmpdir, tmpdir_factory, unused_tcp_port, unused_tcp_port_factory, unused_udp_port, unused_udp_port_factory, worker_id, xvfb\n>       use 'pytest --fixtures [testpath]' for help on them.\n\nC:\\Users\\gals\\seleniumpythontests-1\\playwright_tests\\tests\\system\\test_system_administration_reports.py:24\n---------------------------- Captured stdout setup ----------------------------\nBrowser mode: HEADLESS (hidden)\n--------------------------------- JSON report ---------------------------------\nreport saved to: reports/test_results.json\n- Generated html report: file:///C:/Users/gals/seleniumpythontests-1/playwright_tests/tests/system/reports/playwright_report.html -\n=========================== short test summary info ===========================\nERROR test_system_administration_reports.py::TestSystemAdministrationReports::test_system_admin_user_capacity_management\n!!!!!!!!!!!!!!!!!!!!!!!!!! stopping after 1 failures !!!!!!!!!!!!!!!!!!!!!!!!!!\n======================== 2 warnings, 1 error in 1.41s =========================\n",
      "error": "",
      "execution_time": 2.951920986175537
    },
    {
      "test_name": "test_system_administration_reports_converted.py",
      "repository": "external_wesign",
      "file_path": "C:\\Users\\gals\\seleniumpythontests-1\\playwright_tests\\tests\\system\\test_system_administration_reports_converted.py",
      "status": "failed",
      "output": "============================= test session starts =============================\nplatform win32 -- Python 3.12.0, pytest-8.3.2, pluggy-1.6.0 -- C:\\Users\\gals\\Desktop\\playwrightTestsClaude\\venv\\Scripts\\python.exe\ncachedir: .pytest_cache\nbenchmark: 5.1.0 (defaults: timer=time.perf_counter disable_gc=False min_rounds=5 min_time=0.000005 max_time=1.0 calibration_precision=10 warmup=False warmup_iterations=100000)\nmetadata: {'Python': '3.12.0', 'Platform': 'Windows-11-10.0.26100-SP0', 'Packages': {'pytest': '8.3.2', 'pluggy': '1.6.0'}, 'Plugins': {'allure-pytest': '2.13.5', 'anyio': '4.10.0', 'Faker': '37.6.0', 'asyncio': '1.1.0', 'base-url': '2.1.0', 'benchmark': '5.1.0', 'cov': '6.2.1', 'html': '4.1.1', 'json-report': '1.5.0', 'metadata': '3.1.1', 'mock': '3.14.1', 'parallel': '0.1.1', 'playwright': '0.5.2', 'rerunfailures': '16.0', 'timeout': '2.4.0', 'xdist': '3.8.0', 'xvfb': '3.0.0'}, 'JAVA_HOME': 'C:\\\\Program Files\\\\Eclipse Adoptium\\\\jdk-17.0.15.6-hotspot', 'Base URL': ''}\nrootdir: C:\\Users\\gals\\seleniumpythontests-1\\playwright_tests\nconfigfile: pytest.ini\nplugins: allure-pytest-2.13.5, anyio-4.10.0, Faker-37.6.0, asyncio-1.1.0, base-url-2.1.0, benchmark-5.1.0, cov-6.2.1, html-4.1.1, json-report-1.5.0, metadata-3.1.1, mock-3.14.1, parallel-0.1.1, playwright-0.5.2, rerunfailures-16.0, timeout-2.4.0, xdist-3.8.0, xvfb-3.0.0\nasyncio: mode=Mode.AUTO, asyncio_default_fixture_loop_scope=session, asyncio_default_test_loop_scope=function\ncollecting ... collected 0 items / 1 error\n\n=================================== ERRORS ====================================\n_ ERROR collecting tests/system/test_system_administration_reports_converted.py _\n..\\..\\..\\..\\Desktop\\playwrightTestsClaude\\venv\\Lib\\site-packages\\_pytest\\python.py:493: in importtestmodule\n    mod = import_path(\n..\\..\\..\\..\\Desktop\\playwrightTestsClaude\\venv\\Lib\\site-packages\\_pytest\\pathlib.py:582: in import_path\n    importlib.import_module(module_name)\n..\\..\\..\\..\\AppData\\Local\\Programs\\Python\\Python312\\Lib\\importlib\\__init__.py:90: in import_module\n    return _bootstrap._gcd_import(name[level:], package, level)\n<frozen importlib._bootstrap>:1381: in _gcd_import\n    ???\n<frozen importlib._bootstrap>:1354: in _find_and_load\n    ???\n<frozen importlib._bootstrap>:1325: in _find_and_load_unlocked\n    ???\n<frozen importlib._bootstrap>:929: in _load_unlocked\n    ???\n..\\..\\..\\..\\Desktop\\playwrightTestsClaude\\venv\\Lib\\site-packages\\_pytest\\assertion\\rewrite.py:165: in exec_module\n    source_stat, co = _rewrite_test(fn, self.config)\n..\\..\\..\\..\\Desktop\\playwrightTestsClaude\\venv\\Lib\\site-packages\\_pytest\\assertion\\rewrite.py:345: in _rewrite_test\n    tree = ast.parse(source, filename=strfn)\n..\\..\\..\\..\\AppData\\Local\\Programs\\Python\\Python312\\Lib\\ast.py:52: in parse\n    return compile(source, filename, mode, flags,\nE     File \"C:\\Users\\gals\\seleniumpythontests-1\\playwright_tests\\tests\\system\\test_system_administration_reports_converted.py\", line 64\nE       @pytest.mark.asyncio\nE   SyntaxError: expected 'except' or 'finally' block\n--------------------------------- JSON report ---------------------------------\nreport saved to: reports/test_results.json\n- Generated html report: file:///C:/Users/gals/seleniumpythontests-1/playwright_tests/tests/system/reports/playwright_report.html -\n=========================== short test summary info ===========================\nERROR test_system_administration_reports_converted.py\n!!!!!!!!!!!!!!!!!!!!!!!!!! stopping after 1 failures !!!!!!!!!!!!!!!!!!!!!!!!!!\n!!!!!!!!!!!!!!!!!!! Interrupted: 1 error during collection !!!!!!!!!!!!!!!!!!!!\n============================== 1 error in 0.34s ===============================\n",
      "error": "",
      "execution_time": 1.9395232200622559
    },
    {
      "test_name": "test_advanced_template_features.py",
      "repository": "external_wesign",
      "file_path": "C:\\Users\\gals\\seleniumpythontests-1\\playwright_tests\\tests\\templates\\test_advanced_template_features.py",
      "status": "failed",
      "output": "============================= test session starts =============================\nplatform win32 -- Python 3.12.0, pytest-8.3.2, pluggy-1.6.0 -- C:\\Users\\gals\\Desktop\\playwrightTestsClaude\\venv\\Scripts\\python.exe\ncachedir: .pytest_cache\nbenchmark: 5.1.0 (defaults: timer=time.perf_counter disable_gc=False min_rounds=5 min_time=0.000005 max_time=1.0 calibration_precision=10 warmup=False warmup_iterations=100000)\nmetadata: {'Python': '3.12.0', 'Platform': 'Windows-11-10.0.26100-SP0', 'Packages': {'pytest': '8.3.2', 'pluggy': '1.6.0'}, 'Plugins': {'allure-pytest': '2.13.5', 'anyio': '4.10.0', 'Faker': '37.6.0', 'asyncio': '1.1.0', 'base-url': '2.1.0', 'benchmark': '5.1.0', 'cov': '6.2.1', 'html': '4.1.1', 'json-report': '1.5.0', 'metadata': '3.1.1', 'mock': '3.14.1', 'parallel': '0.1.1', 'playwright': '0.5.2', 'rerunfailures': '16.0', 'timeout': '2.4.0', 'xdist': '3.8.0', 'xvfb': '3.0.0'}, 'JAVA_HOME': 'C:\\\\Program Files\\\\Eclipse Adoptium\\\\jdk-17.0.15.6-hotspot', 'Base URL': ''}\nrootdir: C:\\Users\\gals\\seleniumpythontests-1\\playwright_tests\nconfigfile: pytest.ini\nplugins: allure-pytest-2.13.5, anyio-4.10.0, Faker-37.6.0, asyncio-1.1.0, base-url-2.1.0, benchmark-5.1.0, cov-6.2.1, html-4.1.1, json-report-1.5.0, metadata-3.1.1, mock-3.14.1, parallel-0.1.1, playwright-0.5.2, rerunfailures-16.0, timeout-2.4.0, xdist-3.8.0, xvfb-3.0.0\nasyncio: mode=Mode.AUTO, asyncio_default_fixture_loop_scope=session, asyncio_default_test_loop_scope=function\ncollecting ... collected 33 items\n\ntest_advanced_template_features.py::TestAdvancedTemplateFeatures::test_upload_template_pdf_file_success ERROR [  3%]\n\n=================================== ERRORS ====================================\n_ ERROR at setup of TestAdvancedTemplateFeatures.test_upload_template_pdf_file_success _\nfile C:\\Users\\gals\\seleniumpythontests-1\\playwright_tests\\tests\\templates\\test_advanced_template_features.py, line 39\n      async def test_upload_template_pdf_file_success(self):\n          \"\"\"Test successful PDF template upload\"\"\"\n          pdf_file = self.config.get('pdf_file')\n          if pdf_file:\n              result = await self.templates_page.upload_template_file(pdf_file, \"pdf\")\n              assert result['upload_attempted'], \"PDF template upload should be attempted\"\n\n              if result['upload_successful']:\n                  assert result['template_created'], \"PDF template should be created successfully\"\n              else:\n                  assert True, \"PDF template upload test structure validated\"\nfile C:\\Users\\gals\\seleniumpythontests-1\\playwright_tests\\tests\\templates\\test_advanced_template_features.py, line 25\n      @pytest.fixture(autouse=True)\n      async def setup(self, page: Page, login_session):\n          \"\"\"Setup test fixtures\"\"\"\n          self.page = page\n          self.config = get_test_config()\n          self.templates_page = TemplatesPage(page)\n          self.home_page = HomePage(page)\n\n          # Navigate to home\n          await self.home_page.navigate_to_dashboard()\n          await asyncio.sleep(1)\nE       fixture 'login_session' not found\n>       available fixtures: _artifacts_recorder, _class_scoped_runner, _function_scoped_runner, _module_scoped_runner, _package_scoped_runner, _pw_artifacts_folder, _session_faker, _session_scoped_runner, _verify_url, anyio_backend, anyio_backend_name, anyio_backend_options, authenticated_page, base_url, benchmark, benchmark_weave, browser, browser_channel, browser_context_args, browser_name, browser_type, browser_type_launch_args, cache, capfd, capfdbinary, caplog, capsys, capsysbinary, class_mocker, context, cov, delete_output_dir, device, doctest_namespace, event_loop_policy, extra, extras, faker, free_tcp_port, free_tcp_port_factory, free_udp_port, free_udp_port_factory, include_metadata_in_junit_xml, is_chromium, is_firefox, is_webkit, json_metadata, launch_browser, metadata, mocker, module_mocker, monkeypatch, new_context, no_cover, package_mocker, page, performance_monitor, playwright, pytestconfig, record_property, record_testsuite_property, record_xml_attribute, recwarn, session_mocker, setup, testrun_uid, tmp_path, tmp_path_factory, tmpdir, tmpdir_factory, unused_tcp_port, unused_tcp_port_factory, unused_udp_port, unused_udp_port_factory, worker_id, xvfb\n>       use 'pytest --fixtures [testpath]' for help on them.\n\nC:\\Users\\gals\\seleniumpythontests-1\\playwright_tests\\tests\\templates\\test_advanced_template_features.py:25\n---------------------------- Captured stdout setup ----------------------------\nBrowser mode: HEADLESS (hidden)\n--------------------------------- JSON report ---------------------------------\nreport saved to: reports/test_results.json\n- Generated html report: file:///C:/Users/gals/seleniumpythontests-1/playwright_tests/tests/templates/reports/playwright_report.html -\n=========================== short test summary info ===========================\nERROR test_advanced_template_features.py::TestAdvancedTemplateFeatures::test_upload_template_pdf_file_success\n!!!!!!!!!!!!!!!!!!!!!!!!!! stopping after 1 failures !!!!!!!!!!!!!!!!!!!!!!!!!!\n======================== 4 warnings, 1 error in 1.57s =========================\n",
      "error": "",
      "execution_time": 3.2601354122161865
    },
    {
      "test_name": "test_advanced_template_features_converted.py",
      "repository": "external_wesign",
      "file_path": "C:\\Users\\gals\\seleniumpythontests-1\\playwright_tests\\tests\\templates\\test_advanced_template_features_converted.py",
      "status": "failed",
      "output": "============================= test session starts =============================\nplatform win32 -- Python 3.12.0, pytest-8.3.2, pluggy-1.6.0 -- C:\\Users\\gals\\Desktop\\playwrightTestsClaude\\venv\\Scripts\\python.exe\ncachedir: .pytest_cache\nbenchmark: 5.1.0 (defaults: timer=time.perf_counter disable_gc=False min_rounds=5 min_time=0.000005 max_time=1.0 calibration_precision=10 warmup=False warmup_iterations=100000)\nmetadata: {'Python': '3.12.0', 'Platform': 'Windows-11-10.0.26100-SP0', 'Packages': {'pytest': '8.3.2', 'pluggy': '1.6.0'}, 'Plugins': {'allure-pytest': '2.13.5', 'anyio': '4.10.0', 'Faker': '37.6.0', 'asyncio': '1.1.0', 'base-url': '2.1.0', 'benchmark': '5.1.0', 'cov': '6.2.1', 'html': '4.1.1', 'json-report': '1.5.0', 'metadata': '3.1.1', 'mock': '3.14.1', 'parallel': '0.1.1', 'playwright': '0.5.2', 'rerunfailures': '16.0', 'timeout': '2.4.0', 'xdist': '3.8.0', 'xvfb': '3.0.0'}, 'JAVA_HOME': 'C:\\\\Program Files\\\\Eclipse Adoptium\\\\jdk-17.0.15.6-hotspot', 'Base URL': ''}\nrootdir: C:\\Users\\gals\\seleniumpythontests-1\\playwright_tests\nconfigfile: pytest.ini\nplugins: allure-pytest-2.13.5, anyio-4.10.0, Faker-37.6.0, asyncio-1.1.0, base-url-2.1.0, benchmark-5.1.0, cov-6.2.1, html-4.1.1, json-report-1.5.0, metadata-3.1.1, mock-3.14.1, parallel-0.1.1, playwright-0.5.2, rerunfailures-16.0, timeout-2.4.0, xdist-3.8.0, xvfb-3.0.0\nasyncio: mode=Mode.AUTO, asyncio_default_fixture_loop_scope=session, asyncio_default_test_loop_scope=function\ncollecting ... collected 0 items / 1 error\n\n=================================== ERRORS ====================================\n_ ERROR collecting tests/templates/test_advanced_template_features_converted.py _\n..\\..\\..\\..\\Desktop\\playwrightTestsClaude\\venv\\Lib\\site-packages\\_pytest\\python.py:493: in importtestmodule\n    mod = import_path(\n..\\..\\..\\..\\Desktop\\playwrightTestsClaude\\venv\\Lib\\site-packages\\_pytest\\pathlib.py:582: in import_path\n    importlib.import_module(module_name)\n..\\..\\..\\..\\AppData\\Local\\Programs\\Python\\Python312\\Lib\\importlib\\__init__.py:90: in import_module\n    return _bootstrap._gcd_import(name[level:], package, level)\n<frozen importlib._bootstrap>:1381: in _gcd_import\n    ???\n<frozen importlib._bootstrap>:1354: in _find_and_load\n    ???\n<frozen importlib._bootstrap>:1325: in _find_and_load_unlocked\n    ???\n<frozen importlib._bootstrap>:929: in _load_unlocked\n    ???\n..\\..\\..\\..\\Desktop\\playwrightTestsClaude\\venv\\Lib\\site-packages\\_pytest\\assertion\\rewrite.py:165: in exec_module\n    source_stat, co = _rewrite_test(fn, self.config)\n..\\..\\..\\..\\Desktop\\playwrightTestsClaude\\venv\\Lib\\site-packages\\_pytest\\assertion\\rewrite.py:345: in _rewrite_test\n    tree = ast.parse(source, filename=strfn)\n..\\..\\..\\..\\AppData\\Local\\Programs\\Python\\Python312\\Lib\\ast.py:52: in parse\n    return compile(source, filename, mode, flags,\nE     File \"C:\\Users\\gals\\seleniumpythontests-1\\playwright_tests\\tests\\templates\\test_advanced_template_features_converted.py\", line 65\nE       result = await self.templates_page.upload_template_file(pdf_file, \"pdf\")\nE       ^^^^^^\nE   IndentationError: expected an indented block after 'if' statement on line 64\n--------------------------------- JSON report ---------------------------------\nreport saved to: reports/test_results.json\n- Generated html report: file:///C:/Users/gals/seleniumpythontests-1/playwright_tests/tests/templates/reports/playwright_report.html -\n=========================== short test summary info ===========================\nERROR test_advanced_template_features_converted.py\n!!!!!!!!!!!!!!!!!!!!!!!!!! stopping after 1 failures !!!!!!!!!!!!!!!!!!!!!!!!!!\n!!!!!!!!!!!!!!!!!!! Interrupted: 1 error during collection !!!!!!!!!!!!!!!!!!!!\n============================== 1 error in 0.42s ===============================\n",
      "error": "",
      "execution_time": 2.1791608333587646
    },
    {
      "test_name": "test_template_management.py",
      "repository": "external_wesign",
      "file_path": "C:\\Users\\gals\\seleniumpythontests-1\\playwright_tests\\tests\\templates\\test_template_management.py",
      "status": "failed",
      "output": "============================= test session starts =============================\nplatform win32 -- Python 3.12.0, pytest-8.3.2, pluggy-1.6.0 -- C:\\Users\\gals\\Desktop\\playwrightTestsClaude\\venv\\Scripts\\python.exe\ncachedir: .pytest_cache\nbenchmark: 5.1.0 (defaults: timer=time.perf_counter disable_gc=False min_rounds=5 min_time=0.000005 max_time=1.0 calibration_precision=10 warmup=False warmup_iterations=100000)\nmetadata: {'Python': '3.12.0', 'Platform': 'Windows-11-10.0.26100-SP0', 'Packages': {'pytest': '8.3.2', 'pluggy': '1.6.0'}, 'Plugins': {'allure-pytest': '2.13.5', 'anyio': '4.10.0', 'Faker': '37.6.0', 'asyncio': '1.1.0', 'base-url': '2.1.0', 'benchmark': '5.1.0', 'cov': '6.2.1', 'html': '4.1.1', 'json-report': '1.5.0', 'metadata': '3.1.1', 'mock': '3.14.1', 'parallel': '0.1.1', 'playwright': '0.5.2', 'rerunfailures': '16.0', 'timeout': '2.4.0', 'xdist': '3.8.0', 'xvfb': '3.0.0'}, 'JAVA_HOME': 'C:\\\\Program Files\\\\Eclipse Adoptium\\\\jdk-17.0.15.6-hotspot', 'Base URL': ''}\nrootdir: C:\\Users\\gals\\seleniumpythontests-1\\playwright_tests\nconfigfile: pytest.ini\nplugins: allure-pytest-2.13.5, anyio-4.10.0, Faker-37.6.0, asyncio-1.1.0, base-url-2.1.0, benchmark-5.1.0, cov-6.2.1, html-4.1.1, json-report-1.5.0, metadata-3.1.1, mock-3.14.1, parallel-0.1.1, playwright-0.5.2, rerunfailures-16.0, timeout-2.4.0, xdist-3.8.0, xvfb-3.0.0\nasyncio: mode=Mode.AUTO, asyncio_default_fixture_loop_scope=session, asyncio_default_test_loop_scope=function\ncollecting ... collected 0 items / 1 error\n\n=================================== ERRORS ====================================\n________ ERROR collecting tests/templates/test_template_management.py _________\nImportError while importing test module 'C:\\Users\\gals\\seleniumpythontests-1\\playwright_tests\\tests\\templates\\test_template_management.py'.\nHint: make sure your test modules/packages have valid Python names.\nTraceback:\n..\\..\\..\\..\\AppData\\Local\\Programs\\Python\\Python312\\Lib\\importlib\\__init__.py:90: in import_module\n    return _bootstrap._gcd_import(name[level:], package, level)\ntest_template_management.py:20: in <module>\n    from utils.test_data_factory import TestDataFactory\n..\\..\\utils\\test_data_factory.py:11: in <module>\n    import names\nE   ModuleNotFoundError: No module named 'names'\n------------------------------- Captured stdout -------------------------------\nWarning: Could not import CommonMethods: No module named 'names'\nWarning: Could not import TestDataFactory: No module named 'names'\nWarning: Could not import PlaywrightSelfHealingOrchestrator: No module named 'names'\n--------------------------------- JSON report ---------------------------------\nreport saved to: reports/test_results.json\n- Generated html report: file:///C:/Users/gals/seleniumpythontests-1/playwright_tests/tests/templates/reports/playwright_report.html -\n=========================== short test summary info ===========================\nERROR test_template_management.py\n!!!!!!!!!!!!!!!!!!!!!!!!!! stopping after 1 failures !!!!!!!!!!!!!!!!!!!!!!!!!!\n!!!!!!!!!!!!!!!!!!! Interrupted: 1 error during collection !!!!!!!!!!!!!!!!!!!!\n============================== 1 error in 0.44s ===============================\n",
      "error": "",
      "execution_time": 2.1077394485473633
    },
    {
      "test_name": "test_template_management_converted.py",
      "repository": "external_wesign",
      "file_path": "C:\\Users\\gals\\seleniumpythontests-1\\playwright_tests\\tests\\templates\\test_template_management_converted.py",
      "status": "failed",
      "output": "============================= test session starts =============================\nplatform win32 -- Python 3.12.0, pytest-8.3.2, pluggy-1.6.0 -- C:\\Users\\gals\\Desktop\\playwrightTestsClaude\\venv\\Scripts\\python.exe\ncachedir: .pytest_cache\nbenchmark: 5.1.0 (defaults: timer=time.perf_counter disable_gc=False min_rounds=5 min_time=0.000005 max_time=1.0 calibration_precision=10 warmup=False warmup_iterations=100000)\nmetadata: {'Python': '3.12.0', 'Platform': 'Windows-11-10.0.26100-SP0', 'Packages': {'pytest': '8.3.2', 'pluggy': '1.6.0'}, 'Plugins': {'allure-pytest': '2.13.5', 'anyio': '4.10.0', 'Faker': '37.6.0', 'asyncio': '1.1.0', 'base-url': '2.1.0', 'benchmark': '5.1.0', 'cov': '6.2.1', 'html': '4.1.1', 'json-report': '1.5.0', 'metadata': '3.1.1', 'mock': '3.14.1', 'parallel': '0.1.1', 'playwright': '0.5.2', 'rerunfailures': '16.0', 'timeout': '2.4.0', 'xdist': '3.8.0', 'xvfb': '3.0.0'}, 'JAVA_HOME': 'C:\\\\Program Files\\\\Eclipse Adoptium\\\\jdk-17.0.15.6-hotspot', 'Base URL': ''}\nrootdir: C:\\Users\\gals\\seleniumpythontests-1\\playwright_tests\nconfigfile: pytest.ini\nplugins: allure-pytest-2.13.5, anyio-4.10.0, Faker-37.6.0, asyncio-1.1.0, base-url-2.1.0, benchmark-5.1.0, cov-6.2.1, html-4.1.1, json-report-1.5.0, metadata-3.1.1, mock-3.14.1, parallel-0.1.1, playwright-0.5.2, rerunfailures-16.0, timeout-2.4.0, xdist-3.8.0, xvfb-3.0.0\nasyncio: mode=Mode.AUTO, asyncio_default_fixture_loop_scope=session, asyncio_default_test_loop_scope=function\ncollecting ... collected 0 items / 1 error\n\n=================================== ERRORS ====================================\n___ ERROR collecting tests/templates/test_template_management_converted.py ____\n..\\..\\..\\..\\Desktop\\playwrightTestsClaude\\venv\\Lib\\site-packages\\_pytest\\python.py:493: in importtestmodule\n    mod = import_path(\n..\\..\\..\\..\\Desktop\\playwrightTestsClaude\\venv\\Lib\\site-packages\\_pytest\\pathlib.py:582: in import_path\n    importlib.import_module(module_name)\n..\\..\\..\\..\\AppData\\Local\\Programs\\Python\\Python312\\Lib\\importlib\\__init__.py:90: in import_module\n    return _bootstrap._gcd_import(name[level:], package, level)\n<frozen importlib._bootstrap>:1381: in _gcd_import\n    ???\n<frozen importlib._bootstrap>:1354: in _find_and_load\n    ???\n<frozen importlib._bootstrap>:1325: in _find_and_load_unlocked\n    ???\n<frozen importlib._bootstrap>:929: in _load_unlocked\n    ???\n..\\..\\..\\..\\Desktop\\playwrightTestsClaude\\venv\\Lib\\site-packages\\_pytest\\assertion\\rewrite.py:165: in exec_module\n    source_stat, co = _rewrite_test(fn, self.config)\n..\\..\\..\\..\\Desktop\\playwrightTestsClaude\\venv\\Lib\\site-packages\\_pytest\\assertion\\rewrite.py:345: in _rewrite_test\n    tree = ast.parse(source, filename=strfn)\n..\\..\\..\\..\\AppData\\Local\\Programs\\Python\\Python312\\Lib\\ast.py:52: in parse\n    return compile(source, filename, mode, flags,\nE     File \"C:\\Users\\gals\\seleniumpythontests-1\\playwright_tests\\tests\\templates\\test_template_management_converted.py\", line 84\nE       @pytest.mark.template_creation\nE   SyntaxError: expected 'except' or 'finally' block\n--------------------------------- JSON report ---------------------------------\nreport saved to: reports/test_results.json\n- Generated html report: file:///C:/Users/gals/seleniumpythontests-1/playwright_tests/tests/templates/reports/playwright_report.html -\n=========================== short test summary info ===========================\nERROR test_template_management_converted.py\n!!!!!!!!!!!!!!!!!!!!!!!!!! stopping after 1 failures !!!!!!!!!!!!!!!!!!!!!!!!!!\n!!!!!!!!!!!!!!!!!!! Interrupted: 1 error during collection !!!!!!!!!!!!!!!!!!!!\n============================== 1 error in 0.37s ===============================\n",
      "error": "",
      "execution_time": 1.9650554656982422
    },
    {
      "test_name": "test_user_profiles_and_groups.py",
      "repository": "external_wesign",
      "file_path": "C:\\Users\\gals\\seleniumpythontests-1\\playwright_tests\\tests\\user_management\\test_user_profiles_and_groups.py",
      "status": "failed",
      "output": "============================= test session starts =============================\nplatform win32 -- Python 3.12.0, pytest-8.3.2, pluggy-1.6.0 -- C:\\Users\\gals\\Desktop\\playwrightTestsClaude\\venv\\Scripts\\python.exe\ncachedir: .pytest_cache\nbenchmark: 5.1.0 (defaults: timer=time.perf_counter disable_gc=False min_rounds=5 min_time=0.000005 max_time=1.0 calibration_precision=10 warmup=False warmup_iterations=100000)\nmetadata: {'Python': '3.12.0', 'Platform': 'Windows-11-10.0.26100-SP0', 'Packages': {'pytest': '8.3.2', 'pluggy': '1.6.0'}, 'Plugins': {'allure-pytest': '2.13.5', 'anyio': '4.10.0', 'Faker': '37.6.0', 'asyncio': '1.1.0', 'base-url': '2.1.0', 'benchmark': '5.1.0', 'cov': '6.2.1', 'html': '4.1.1', 'json-report': '1.5.0', 'metadata': '3.1.1', 'mock': '3.14.1', 'parallel': '0.1.1', 'playwright': '0.5.2', 'rerunfailures': '16.0', 'timeout': '2.4.0', 'xdist': '3.8.0', 'xvfb': '3.0.0'}, 'JAVA_HOME': 'C:\\\\Program Files\\\\Eclipse Adoptium\\\\jdk-17.0.15.6-hotspot', 'Base URL': ''}\nrootdir: C:\\Users\\gals\\seleniumpythontests-1\\playwright_tests\nconfigfile: pytest.ini\nplugins: allure-pytest-2.13.5, anyio-4.10.0, Faker-37.6.0, asyncio-1.1.0, base-url-2.1.0, benchmark-5.1.0, cov-6.2.1, html-4.1.1, json-report-1.5.0, metadata-3.1.1, mock-3.14.1, parallel-0.1.1, playwright-0.5.2, rerunfailures-16.0, timeout-2.4.0, xdist-3.8.0, xvfb-3.0.0\nasyncio: mode=Mode.AUTO, asyncio_default_fixture_loop_scope=session, asyncio_default_test_loop_scope=function\ncollecting ... collected 21 items\n\ntest_user_profiles_and_groups.py::TestUserProfilesAndGroups::test_my_profile_update_user_info_success_english ERROR [  4%]\n\n=================================== ERRORS ====================================\n_ ERROR at setup of TestUserProfilesAndGroups.test_my_profile_update_user_info_success_english _\nfile C:\\Users\\gals\\seleniumpythontests-1\\playwright_tests\\tests\\user_management\\test_user_profiles_and_groups.py, line 39\n      async def test_my_profile_update_user_info_success_english(self):\n          \"\"\"Test successful user profile update in English\"\"\"\n          profile_data = {\n              'firstName': 'UpdatedFirst',\n              'lastName': 'UpdatedLast',\n              'email': f'updated_test_{int(asyncio.get_event_loop().time())}@test.com',\n              'phone': '+1234567890',\n              'company': 'Updated Test Company'\n          }\n\n          update_success = await self.user_mgmt_page.update_user_profile(profile_data, language=\"english\")\n          assert update_success, \"Profile update should succeed with valid data\"\n\n          # Verify the updated information\n          updated_info = await self.user_mgmt_page.get_user_profile_info()\n          assert updated_info['firstName'] == profile_data['firstName'], \"First name should be updated\"\n          assert updated_info['email'] == profile_data['email'], \"Email should be updated\"\nfile C:\\Users\\gals\\seleniumpythontests-1\\playwright_tests\\tests\\user_management\\test_user_profiles_and_groups.py, line 25\n      @pytest.fixture(autouse=True)\n      async def setup(self, page: Page, login_session):\n          \"\"\"Setup test fixtures\"\"\"\n          self.page = page\n          self.config = get_test_config()\n          self.user_mgmt_page = UserManagementPage(page)\n          self.home_page = HomePage(page)\n\n          # Navigate to home\n          await self.home_page.navigate_to_dashboard()\n          await asyncio.sleep(1)\nE       fixture 'login_session' not found\n>       available fixtures: _artifacts_recorder, _class_scoped_runner, _function_scoped_runner, _module_scoped_runner, _package_scoped_runner, _pw_artifacts_folder, _session_faker, _session_scoped_runner, _verify_url, anyio_backend, anyio_backend_name, anyio_backend_options, authenticated_page, base_url, benchmark, benchmark_weave, browser, browser_channel, browser_context_args, browser_name, browser_type, browser_type_launch_args, cache, capfd, capfdbinary, caplog, capsys, capsysbinary, class_mocker, context, cov, delete_output_dir, device, doctest_namespace, event_loop_policy, extra, extras, faker, free_tcp_port, free_tcp_port_factory, free_udp_port, free_udp_port_factory, include_metadata_in_junit_xml, is_chromium, is_firefox, is_webkit, json_metadata, launch_browser, metadata, mocker, module_mocker, monkeypatch, new_context, no_cover, package_mocker, page, performance_monitor, playwright, pytestconfig, record_property, record_testsuite_property, record_xml_attribute, recwarn, session_mocker, setup, testrun_uid, tmp_path, tmp_path_factory, tmpdir, tmpdir_factory, unused_tcp_port, unused_tcp_port_factory, unused_udp_port, unused_udp_port_factory, worker_id, xvfb\n>       use 'pytest --fixtures [testpath]' for help on them.\n\nC:\\Users\\gals\\seleniumpythontests-1\\playwright_tests\\tests\\user_management\\test_user_profiles_and_groups.py:25\n---------------------------- Captured stdout setup ----------------------------\nBrowser mode: HEADLESS (hidden)\n--------------------------------- JSON report ---------------------------------\nreport saved to: reports/test_results.json\n- Generated html report: file:///C:/Users/gals/seleniumpythontests-1/playwright_tests/tests/user_management/reports/playwright_report.html -\n=========================== short test summary info ===========================\nERROR test_user_profiles_and_groups.py::TestUserProfilesAndGroups::test_my_profile_update_user_info_success_english\n!!!!!!!!!!!!!!!!!!!!!!!!!! stopping after 1 failures !!!!!!!!!!!!!!!!!!!!!!!!!!\n======================== 4 warnings, 1 error in 1.42s =========================\n",
      "error": "",
      "execution_time": 3.0463438034057617
    },
    {
      "test_name": "test_user_profiles_and_groups_converted.py",
      "repository": "external_wesign",
      "file_path": "C:\\Users\\gals\\seleniumpythontests-1\\playwright_tests\\tests\\user_management\\test_user_profiles_and_groups_converted.py",
      "status": "failed",
      "output": "============================= test session starts =============================\nplatform win32 -- Python 3.12.0, pytest-8.3.2, pluggy-1.6.0 -- C:\\Users\\gals\\Desktop\\playwrightTestsClaude\\venv\\Scripts\\python.exe\ncachedir: .pytest_cache\nbenchmark: 5.1.0 (defaults: timer=time.perf_counter disable_gc=False min_rounds=5 min_time=0.000005 max_time=1.0 calibration_precision=10 warmup=False warmup_iterations=100000)\nmetadata: {'Python': '3.12.0', 'Platform': 'Windows-11-10.0.26100-SP0', 'Packages': {'pytest': '8.3.2', 'pluggy': '1.6.0'}, 'Plugins': {'allure-pytest': '2.13.5', 'anyio': '4.10.0', 'Faker': '37.6.0', 'asyncio': '1.1.0', 'base-url': '2.1.0', 'benchmark': '5.1.0', 'cov': '6.2.1', 'html': '4.1.1', 'json-report': '1.5.0', 'metadata': '3.1.1', 'mock': '3.14.1', 'parallel': '0.1.1', 'playwright': '0.5.2', 'rerunfailures': '16.0', 'timeout': '2.4.0', 'xdist': '3.8.0', 'xvfb': '3.0.0'}, 'JAVA_HOME': 'C:\\\\Program Files\\\\Eclipse Adoptium\\\\jdk-17.0.15.6-hotspot', 'Base URL': ''}\nrootdir: C:\\Users\\gals\\seleniumpythontests-1\\playwright_tests\nconfigfile: pytest.ini\nplugins: allure-pytest-2.13.5, anyio-4.10.0, Faker-37.6.0, asyncio-1.1.0, base-url-2.1.0, benchmark-5.1.0, cov-6.2.1, html-4.1.1, json-report-1.5.0, metadata-3.1.1, mock-3.14.1, parallel-0.1.1, playwright-0.5.2, rerunfailures-16.0, timeout-2.4.0, xdist-3.8.0, xvfb-3.0.0\nasyncio: mode=Mode.AUTO, asyncio_default_fixture_loop_scope=session, asyncio_default_test_loop_scope=function\ncollecting ... collected 0 items / 1 error\n\n=================================== ERRORS ====================================\n_ ERROR collecting tests/user_management/test_user_profiles_and_groups_converted.py _\n..\\..\\..\\..\\Desktop\\playwrightTestsClaude\\venv\\Lib\\site-packages\\_pytest\\python.py:493: in importtestmodule\n    mod = import_path(\n..\\..\\..\\..\\Desktop\\playwrightTestsClaude\\venv\\Lib\\site-packages\\_pytest\\pathlib.py:582: in import_path\n    importlib.import_module(module_name)\n..\\..\\..\\..\\AppData\\Local\\Programs\\Python\\Python312\\Lib\\importlib\\__init__.py:90: in import_module\n    return _bootstrap._gcd_import(name[level:], package, level)\n<frozen importlib._bootstrap>:1381: in _gcd_import\n    ???\n<frozen importlib._bootstrap>:1354: in _find_and_load\n    ???\n<frozen importlib._bootstrap>:1325: in _find_and_load_unlocked\n    ???\n<frozen importlib._bootstrap>:929: in _load_unlocked\n    ???\n..\\..\\..\\..\\Desktop\\playwrightTestsClaude\\venv\\Lib\\site-packages\\_pytest\\assertion\\rewrite.py:165: in exec_module\n    source_stat, co = _rewrite_test(fn, self.config)\n..\\..\\..\\..\\Desktop\\playwrightTestsClaude\\venv\\Lib\\site-packages\\_pytest\\assertion\\rewrite.py:345: in _rewrite_test\n    tree = ast.parse(source, filename=strfn)\n..\\..\\..\\..\\AppData\\Local\\Programs\\Python\\Python312\\Lib\\ast.py:52: in parse\n    return compile(source, filename, mode, flags,\nE     File \"C:\\Users\\gals\\seleniumpythontests-1\\playwright_tests\\tests\\user_management\\test_user_profiles_and_groups_converted.py\", line 80\nE       @pytest.mark.asyncio\nE   SyntaxError: expected 'except' or 'finally' block\n--------------------------------- JSON report ---------------------------------\nreport saved to: reports/test_results.json\n- Generated html report: file:///C:/Users/gals/seleniumpythontests-1/playwright_tests/tests/user_management/reports/playwright_report.html -\n=========================== short test summary info ===========================\nERROR test_user_profiles_and_groups_converted.py\n!!!!!!!!!!!!!!!!!!!!!!!!!! stopping after 1 failures !!!!!!!!!!!!!!!!!!!!!!!!!!\n!!!!!!!!!!!!!!!!!!! Interrupted: 1 error during collection !!!!!!!!!!!!!!!!!!!!\n============================== 1 error in 0.34s ===============================\n",
      "error": "",
      "execution_time": 1.963752031326294
    }
  ]
}