{
  "test_timestamp": "2025-08-27T10:51:54.366761",
  "base_url": "http://localhost:5173",
  "test_results": [
    {
      "test_name": "Page Load & Initial State",
      "status": "PASSED",
      "details": "All page elements loaded successfully",
      "error": "",
      "timestamp": "2025-08-27T10:51:57.111982"
    },
    {
      "test_name": "Search and Filter Functionality",
      "status": "PASSED",
      "details": "Search and filter functionality working. Found 0 tests initially, 4 high-risk tests",
      "error": "",
      "timestamp": "2025-08-27T10:52:02.577698"
    },
    {
      "test_name": "Test Selection & Suite Creation",
      "status": "PASSED",
      "details": "Successfully selected 1 tests and created suite",
      "error": "",
      "timestamp": "2025-08-27T10:52:08.824856"
    },
    {
      "test_name": "Suite Execution Flow",
      "status": "PASSED",
      "details": "Suite execution initiated. Navigation: http://localhost:5173/test-bank -> http://localhost:5173/reports",
      "error": "",
      "timestamp": "2025-08-27T10:52:12.669172"
    },
    {
      "test_name": "Table Functionality Testing",
      "status": "FAILED",
      "details": "",
      "error": "'Locator' object is not callable",
      "timestamp": "2025-08-27T10:52:13.422370"
    },
    {
      "test_name": "Additional UI Validations",
      "status": "FAILED",
      "details": "",
      "error": "'Locator' object is not callable",
      "timestamp": "2025-08-27T10:52:13.571341"
    }
  ],
  "screenshots": [
    {
      "name": "initial_load",
      "path": "C:\\Users\\gals\\Desktop\\playwrightTestsClaude\\artifacts\\screenshots\\testbank_initial_load_20250827_105156.png",
      "description": "Test Bank page initial load",
      "timestamp": "20250827_105156"
    },
    {
      "name": "search_results",
      "path": "C:\\Users\\gals\\Desktop\\playwrightTestsClaude\\artifacts\\screenshots\\testbank_search_results_20250827_105158.png",
      "description": "Search results for 'login' tests",
      "timestamp": "20250827_105158"
    },
    {
      "name": "risk_filtered",
      "path": "C:\\Users\\gals\\Desktop\\playwrightTestsClaude\\artifacts\\screenshots\\testbank_risk_filtered_20250827_105201.png",
      "description": "Risk filter applied - high risk tests",
      "timestamp": "20250827_105201"
    },
    {
      "name": "tests_selected",
      "path": "C:\\Users\\gals\\Desktop\\playwrightTestsClaude\\artifacts\\screenshots\\testbank_tests_selected_20250827_105204.png",
      "description": "1 tests selected",
      "timestamp": "20250827_105204"
    },
    {
      "name": "suite_created",
      "path": "C:\\Users\\gals\\Desktop\\playwrightTestsClaude\\artifacts\\screenshots\\testbank_suite_created_20250827_105208.png",
      "description": "Suite created and selection cleared",
      "timestamp": "20250827_105208"
    },
    {
      "name": "before_suite_run",
      "path": "C:\\Users\\gals\\Desktop\\playwrightTestsClaude\\artifacts\\screenshots\\testbank_before_suite_run_20250827_105208.png",
      "description": "Before running existing suite",
      "timestamp": "20250827_105208"
    },
    {
      "name": "after_suite_run",
      "path": "C:\\Users\\gals\\Desktop\\playwrightTestsClaude\\artifacts\\screenshots\\testbank_after_suite_run_20250827_105212.png",
      "description": "After running suite - should be on reports page",
      "timestamp": "20250827_105212"
    },
    {
      "name": "table_functionality_failure",
      "path": "C:\\Users\\gals\\Desktop\\playwrightTestsClaude\\artifacts\\screenshots\\testbank_table_functionality_failure_20250827_105213.png",
      "description": "Table functionality test failure",
      "timestamp": "20250827_105213"
    },
    {
      "name": "validations_failure",
      "path": "C:\\Users\\gals\\Desktop\\playwrightTestsClaude\\artifacts\\screenshots\\testbank_validations_failure_20250827_105213.png",
      "description": "Additional validations test failure",
      "timestamp": "20250827_105213"
    },
    {
      "name": "final_state",
      "path": "C:\\Users\\gals\\Desktop\\playwrightTestsClaude\\artifacts\\screenshots\\testbank_final_state_20250827_105213.png",
      "description": "Final state after all tests",
      "timestamp": "20250827_105213"
    }
  ],
  "summary": {
    "total_tests": 6,
    "passed": 4,
    "failed": 2,
    "errors": [
      "Table Functionality Testing: 'Locator' object is not callable",
      "Additional UI Validations: 'Locator' object is not callable"
    ]
  }
}