{"name": "test_upload_pdf_document_success", "status": "failed", "statusDetails": {"message": "AssertionError: Upload should not have errors\nassert not True", "trace": "tests\\documents\\test_documents_core_fixed.py:103: in test_upload_pdf_document_success\n    assert not has_error, \"Upload should not have errors\"\nE   AssertionError: Upload should not have errors\nE   assert not True"}, "description": "Test successful PDF document upload", "attachments": [{"name": "stdout", "source": "d1fc3b28-1df6-4846-8cb2-9a1fbce52bb8-attachment.txt", "type": "text/plain"}], "start": 1761955665695, "stop": 1761955715387, "uuid": "04645ea8-6b6c-4375-8121-9267b2be416a", "historyId": "d8671b8f212c6add3bbda0a0af0c0d87", "testCaseId": "d8671b8f212c6add3bbda0a0af0c0d87", "fullName": "tests.documents.test_documents_core_fixed.TestDocumentsCoreFixed#test_upload_pdf_document_success", "labels": [{"name": "tag", "value": "asyncio"}, {"name": "parentSuite", "value": "tests.documents"}, {"name": "suite", "value": "test_documents_core_fixed"}, {"name": "subSuite", "value": "TestDocumentsCoreFixed"}, {"name": "host", "value": "dev-gals"}, {"name": "thread", "value": "32880-MainThread"}, {"name": "framework", "value": "pytest"}, {"name": "language", "value": "cpython3"}, {"name": "package", "value": "tests.documents.test_documents_core_fixed"}], "titlePath": ["tests", "documents", "test_documents_core_fixed.py", "TestDocumentsCoreFixed"]}